2024-02-05 18:33:50.479 [main] INFO  c.safetynet.alerts.AlertsApplication - Starting AlertsApplication using Java 21 with PID 19988 (C:\Users\Pochi\Documents\Projet5\alerts\alerts\target\classes started by Pochi in C:\Users\Pochi\Documents\Projet5\alerts\alerts)
2024-02-05 18:33:50.486 [main] INFO  c.safetynet.alerts.AlertsApplication - No active profile set, falling back to 1 default profile: "default"
2024-02-05 18:33:52.163 [main] INFO  o.s.b.w.e.tomcat.TomcatWebServer - Tomcat initialized with port 8080 (http)
2024-02-05 18:33:52.194 [main] INFO  o.a.coyote.http11.Http11NioProtocol - Initializing ProtocolHandler ["http-nio-8080"]
2024-02-05 18:33:52.203 [main] INFO  o.a.catalina.core.StandardService - Starting service [Tomcat]
2024-02-05 18:33:52.204 [main] INFO  o.a.catalina.core.StandardEngine - Starting Servlet engine: [Apache Tomcat/10.1.17]
2024-02-05 18:33:52.277 [main] INFO  o.a.c.c.C.[Tomcat].[localhost].[/] - Initializing Spring embedded WebApplicationContext
2024-02-05 18:33:52.279 [main] INFO  o.s.b.w.s.c.ServletWebServerApplicationContext - Root WebApplicationContext: initialization completed in 1715 ms
2024-02-05 18:33:52.873 [main] INFO  o.a.coyote.http11.Http11NioProtocol - Starting ProtocolHandler ["http-nio-8080"]
2024-02-05 18:33:52.904 [main] INFO  o.s.b.w.e.tomcat.TomcatWebServer - Tomcat started on port 8080 (http) with context path ''
2024-02-05 18:33:52.914 [main] INFO  c.safetynet.alerts.AlertsApplication - Started AlertsApplication in 3.225 seconds (process running for 3.801)
2024-02-05 18:34:11.036 [http-nio-8080-exec-2] INFO  o.a.c.c.C.[Tomcat].[localhost].[/] - Initializing Spring DispatcherServlet 'dispatcherServlet'
2024-02-05 18:34:11.038 [http-nio-8080-exec-2] INFO  o.s.web.servlet.DispatcherServlet - Initializing Servlet 'dispatcherServlet'
2024-02-05 18:34:11.047 [http-nio-8080-exec-2] INFO  o.s.web.servlet.DispatcherServlet - Completed initialization in 7 ms
2024-02-05 18:34:11.134 [http-nio-8080-exec-2] ERROR com.safetynet.alerts.model.JsonElts - Pas trouv√©
2024-02-05 18:39:05.891 [main] INFO  c.safetynet.alerts.AlertsApplication - Starting AlertsApplication using Java 21 with PID 20104 (C:\Users\Pochi\Documents\Projet5\alerts\alerts\target\classes started by Pochi in C:\Users\Pochi\Documents\Projet5\alerts\alerts)
2024-02-05 18:39:05.902 [main] INFO  c.safetynet.alerts.AlertsApplication - No active profile set, falling back to 1 default profile: "default"
2024-02-05 18:39:07.766 [main] INFO  o.s.b.w.e.tomcat.TomcatWebServer - Tomcat initialized with port 8080 (http)
2024-02-05 18:39:07.782 [main] INFO  o.a.coyote.http11.Http11NioProtocol - Initializing ProtocolHandler ["http-nio-8080"]
2024-02-05 18:39:07.785 [main] INFO  o.a.catalina.core.StandardService - Starting service [Tomcat]
2024-02-05 18:39:07.786 [main] INFO  o.a.catalina.core.StandardEngine - Starting Servlet engine: [Apache Tomcat/10.1.17]
2024-02-05 18:39:07.866 [main] INFO  o.a.c.c.C.[Tomcat].[localhost].[/] - Initializing Spring embedded WebApplicationContext
2024-02-05 18:39:07.867 [main] INFO  o.s.b.w.s.c.ServletWebServerApplicationContext - Root WebApplicationContext: initialization completed in 1859 ms
2024-02-05 18:39:08.450 [main] INFO  o.a.coyote.http11.Http11NioProtocol - Starting ProtocolHandler ["http-nio-8080"]
2024-02-05 18:39:08.484 [main] INFO  o.s.b.w.e.tomcat.TomcatWebServer - Tomcat started on port 8080 (http) with context path ''
2024-02-05 18:39:08.497 [main] INFO  c.safetynet.alerts.AlertsApplication - Started AlertsApplication in 3.468 seconds (process running for 4.112)
2024-02-05 18:39:12.172 [http-nio-8080-exec-1] INFO  o.a.c.c.C.[Tomcat].[localhost].[/] - Initializing Spring DispatcherServlet 'dispatcherServlet'
2024-02-05 18:39:12.173 [http-nio-8080-exec-1] INFO  o.s.web.servlet.DispatcherServlet - Initializing Servlet 'dispatcherServlet'
2024-02-05 18:39:12.175 [http-nio-8080-exec-1] INFO  o.s.web.servlet.DispatcherServlet - Completed initialization in 1 ms
2024-02-05 18:39:12.233 [http-nio-8080-exec-1] ERROR com.safetynet.alerts.model.JsonElts - Not found by value :johnboy
2024-02-05 18:40:16.841 [main] INFO  c.safetynet.alerts.AlertsApplication - Starting AlertsApplication using Java 21 with PID 11056 (C:\Users\Pochi\Documents\Projet5\alerts\alerts\target\classes started by Pochi in C:\Users\Pochi\Documents\Projet5\alerts\alerts)
2024-02-05 18:40:16.847 [main] INFO  c.safetynet.alerts.AlertsApplication - No active profile set, falling back to 1 default profile: "default"
2024-02-05 18:40:18.687 [main] INFO  o.s.b.w.e.tomcat.TomcatWebServer - Tomcat initialized with port 8080 (http)
2024-02-05 18:40:18.738 [main] INFO  o.a.coyote.http11.Http11NioProtocol - Initializing ProtocolHandler ["http-nio-8080"]
2024-02-05 18:40:18.743 [main] INFO  o.a.catalina.core.StandardService - Starting service [Tomcat]
2024-02-05 18:40:18.744 [main] INFO  o.a.catalina.core.StandardEngine - Starting Servlet engine: [Apache Tomcat/10.1.17]
2024-02-05 18:40:18.835 [main] INFO  o.a.c.c.C.[Tomcat].[localhost].[/] - Initializing Spring embedded WebApplicationContext
2024-02-05 18:40:18.838 [main] INFO  o.s.b.w.s.c.ServletWebServerApplicationContext - Root WebApplicationContext: initialization completed in 1878 ms
2024-02-05 18:40:19.475 [main] INFO  o.a.coyote.http11.Http11NioProtocol - Starting ProtocolHandler ["http-nio-8080"]
2024-02-05 18:40:19.505 [main] INFO  o.s.b.w.e.tomcat.TomcatWebServer - Tomcat started on port 8080 (http) with context path ''
2024-02-05 18:40:19.515 [main] INFO  c.safetynet.alerts.AlertsApplication - Started AlertsApplication in 3.604 seconds (process running for 4.207)
2024-02-05 18:40:22.333 [http-nio-8080-exec-1] INFO  o.a.c.c.C.[Tomcat].[localhost].[/] - Initializing Spring DispatcherServlet 'dispatcherServlet'
2024-02-05 18:40:22.333 [http-nio-8080-exec-1] INFO  o.s.web.servlet.DispatcherServlet - Initializing Servlet 'dispatcherServlet'
2024-02-05 18:40:22.335 [http-nio-8080-exec-1] INFO  o.s.web.servlet.DispatcherServlet - Completed initialization in 2 ms
2024-02-05 18:40:22.425 [http-nio-8080-exec-1] ERROR com.safetynet.alerts.model.JsonElts -  'Person' Not found by value :johnboy
2024-02-05 18:54:48.731 [main] INFO  c.safetynet.alerts.AlertsApplication - Starting AlertsApplication using Java 21 with PID 11236 (C:\Users\Pochi\Documents\Projet5\alerts\alerts\target\classes started by Pochi in C:\Users\Pochi\Documents\Projet5\alerts\alerts)
2024-02-05 18:54:48.738 [main] INFO  c.safetynet.alerts.AlertsApplication - No active profile set, falling back to 1 default profile: "default"
2024-02-05 18:54:50.414 [main] INFO  o.s.b.w.e.tomcat.TomcatWebServer - Tomcat initialized with port 8080 (http)
2024-02-05 18:54:50.443 [main] INFO  o.a.coyote.http11.Http11NioProtocol - Initializing ProtocolHandler ["http-nio-8080"]
2024-02-05 18:54:50.447 [main] INFO  o.a.catalina.core.StandardService - Starting service [Tomcat]
2024-02-05 18:54:50.447 [main] INFO  o.a.catalina.core.StandardEngine - Starting Servlet engine: [Apache Tomcat/10.1.17]
2024-02-05 18:54:50.520 [main] INFO  o.a.c.c.C.[Tomcat].[localhost].[/] - Initializing Spring embedded WebApplicationContext
2024-02-05 18:54:50.521 [main] INFO  o.s.b.w.s.c.ServletWebServerApplicationContext - Root WebApplicationContext: initialization completed in 1704 ms
2024-02-05 18:54:51.125 [main] INFO  o.a.coyote.http11.Http11NioProtocol - Starting ProtocolHandler ["http-nio-8080"]
2024-02-05 18:54:51.159 [main] INFO  o.s.b.w.e.tomcat.TomcatWebServer - Tomcat started on port 8080 (http) with context path ''
2024-02-05 18:54:51.176 [main] INFO  c.safetynet.alerts.AlertsApplication - Started AlertsApplication in 3.236 seconds (process running for 3.855)
2024-02-05 18:54:51.309 [http-nio-8080-exec-1] INFO  o.a.c.c.C.[Tomcat].[localhost].[/] - Initializing Spring DispatcherServlet 'dispatcherServlet'
2024-02-05 18:54:51.311 [http-nio-8080-exec-1] INFO  o.s.web.servlet.DispatcherServlet - Initializing Servlet 'dispatcherServlet'
2024-02-05 18:54:51.313 [http-nio-8080-exec-1] INFO  o.s.web.servlet.DispatcherServlet - Completed initialization in 2 ms
2024-02-05 18:54:51.375 [http-nio-8080-exec-1] ERROR com.safetynet.alerts.model.JsonElts -  'Person' couldn't be deleted - Not found by value :johnboy
2024-02-05 18:54:55.650 [http-nio-8080-exec-2] INFO  com.safetynet.alerts.model.JsonElts -  'Person' correctly modified - Value:johnboyd
2024-02-05 18:55:02.401 [http-nio-8080-exec-3] INFO  com.safetynet.alerts.model.JsonElts -  'Person' correctly created - 'Person' :testtest
2024-02-05 18:55:06.922 [http-nio-8080-exec-4] INFO  com.safetynet.alerts.model.JsonElts -  'Person' correctly deleted - Value:johnboyd
2024-02-05 18:56:35.146 [main] INFO  c.s.alerts.AlertsApplicationTests - Starting AlertsApplicationTests using Java 21 with PID 16700 (started by Pochi in C:\Users\Pochi\Documents\Projet5\alerts\alerts)
2024-02-05 18:56:35.148 [main] INFO  c.s.alerts.AlertsApplicationTests - No active profile set, falling back to 1 default profile: "default"
2024-02-05 18:56:37.026 [main] INFO  c.s.alerts.AlertsApplicationTests - Started AlertsApplicationTests in 2.373 seconds (process running for 3.989)
2024-02-06 07:55:58.949 [main] INFO  c.safetynet.alerts.AlertsApplication - Starting AlertsApplication using Java 21 with PID 6412 (C:\Users\Pochi\Documents\Projet5\alerts\alerts\target\classes started by Pochi in C:\Users\Pochi\Documents\Projet5\alerts\alerts)
2024-02-06 07:55:58.954 [main] INFO  c.safetynet.alerts.AlertsApplication - No active profile set, falling back to 1 default profile: "default"
2024-02-06 07:56:00.514 [main] INFO  o.s.b.w.e.tomcat.TomcatWebServer - Tomcat initialized with port 8080 (http)
2024-02-06 07:56:00.534 [main] INFO  o.a.coyote.http11.Http11NioProtocol - Initializing ProtocolHandler ["http-nio-8080"]
2024-02-06 07:56:00.539 [main] INFO  o.a.catalina.core.StandardService - Starting service [Tomcat]
2024-02-06 07:56:00.539 [main] INFO  o.a.catalina.core.StandardEngine - Starting Servlet engine: [Apache Tomcat/10.1.17]
2024-02-06 07:56:00.618 [main] INFO  o.a.c.c.C.[Tomcat].[localhost].[/] - Initializing Spring embedded WebApplicationContext
2024-02-06 07:56:00.619 [main] INFO  o.s.b.w.s.c.ServletWebServerApplicationContext - Root WebApplicationContext: initialization completed in 1595 ms
2024-02-06 07:56:01.263 [main] INFO  o.a.coyote.http11.Http11NioProtocol - Starting ProtocolHandler ["http-nio-8080"]
2024-02-06 07:56:01.292 [main] INFO  o.s.b.w.e.tomcat.TomcatWebServer - Tomcat started on port 8080 (http) with context path ''
2024-02-06 07:56:01.304 [main] INFO  c.safetynet.alerts.AlertsApplication - Started AlertsApplication in 3.235 seconds (process running for 4.019)
2024-02-06 07:56:11.624 [http-nio-8080-exec-2] INFO  o.a.c.c.C.[Tomcat].[localhost].[/] - Initializing Spring DispatcherServlet 'dispatcherServlet'
2024-02-06 07:56:11.625 [http-nio-8080-exec-2] INFO  o.s.web.servlet.DispatcherServlet - Initializing Servlet 'dispatcherServlet'
2024-02-06 07:56:11.627 [http-nio-8080-exec-2] INFO  o.s.web.servlet.DispatcherServlet - Completed initialization in 2 ms
2024-02-06 07:56:11.682 [http-nio-8080-exec-2] INFO  com.safetynet.alerts.model.JsonElts -  'Person' correctly deleted - Value:johnboyd
2024-02-06 07:56:20.310 [http-nio-8080-exec-1] ERROR com.safetynet.alerts.model.JsonElts -  'Person' couldn't be deleted - Not found by value :johnboy
2024-02-06 08:02:38.887 [main] INFO  c.safetynet.alerts.AlertsApplication - Starting AlertsApplication using Java 21 with PID 16968 (C:\Users\Pochi\Documents\Projet5\alerts\alerts\target\classes started by Pochi in C:\Users\Pochi\Documents\Projet5\alerts\alerts)
2024-02-06 08:02:38.893 [main] INFO  c.safetynet.alerts.AlertsApplication - No active profile set, falling back to 1 default profile: "default"
2024-02-06 08:02:40.486 [main] INFO  o.s.b.w.e.tomcat.TomcatWebServer - Tomcat initialized with port 8080 (http)
2024-02-06 08:02:40.511 [main] INFO  o.a.coyote.http11.Http11NioProtocol - Initializing ProtocolHandler ["http-nio-8080"]
2024-02-06 08:02:40.515 [main] INFO  o.a.catalina.core.StandardService - Starting service [Tomcat]
2024-02-06 08:02:40.515 [main] INFO  o.a.catalina.core.StandardEngine - Starting Servlet engine: [Apache Tomcat/10.1.17]
2024-02-06 08:02:40.591 [main] INFO  o.a.c.c.C.[Tomcat].[localhost].[/] - Initializing Spring embedded WebApplicationContext
2024-02-06 08:02:40.593 [main] INFO  o.s.b.w.s.c.ServletWebServerApplicationContext - Root WebApplicationContext: initialization completed in 1625 ms
2024-02-06 08:02:41.421 [main] INFO  o.a.coyote.http11.Http11NioProtocol - Starting ProtocolHandler ["http-nio-8080"]
2024-02-06 08:02:41.462 [main] INFO  o.s.b.w.e.tomcat.TomcatWebServer - Tomcat started on port 8080 (http) with context path ''
2024-02-06 08:02:41.475 [main] INFO  c.safetynet.alerts.AlertsApplication - Started AlertsApplication in 3.406 seconds (process running for 4.006)
2024-02-06 08:02:51.792 [http-nio-8080-exec-1] INFO  o.a.c.c.C.[Tomcat].[localhost].[/] - Initializing Spring DispatcherServlet 'dispatcherServlet'
2024-02-06 08:02:51.793 [http-nio-8080-exec-1] INFO  o.s.web.servlet.DispatcherServlet - Initializing Servlet 'dispatcherServlet'
2024-02-06 08:02:51.793 [http-nio-8080-exec-1] INFO  o.s.web.servlet.DispatcherServlet - Completed initialization in 0 ms
2024-02-06 08:02:51.840 [http-nio-8080-exec-1] WARN  o.s.w.s.m.s.DefaultHandlerExceptionResolver - Resolved [org.springframework.web.bind.MissingServletRequestParameterException: Required request parameter 'mail' for method parameter type String is not present]
2024-02-06 08:18:34.623 [main] INFO  c.s.alerts.AlertsApplicationTests - Starting AlertsApplicationTests using Java 21 with PID 11004 (started by Pochi in C:\Users\Pochi\Documents\Projet5\alerts\alerts)
2024-02-06 08:18:34.625 [main] INFO  c.s.alerts.AlertsApplicationTests - No active profile set, falling back to 1 default profile: "default"
2024-02-06 08:18:36.496 [main] INFO  c.s.alerts.AlertsApplicationTests - Started AlertsApplicationTests in 2.471 seconds (process running for 3.811)
2024-02-06 08:18:37.810 [main] INFO  o.s.t.c.s.AnnotationConfigContextLoaderUtils - Could not detect default configuration classes for test class [com.safetynet.alerts.JsonReadTests]: JsonReadTests does not declare any static, non-private, non-final, nested classes annotated with @Configuration.
2024-02-06 08:18:37.813 [main] INFO  o.s.b.t.c.SpringBootTestContextBootstrapper - Found @SpringBootConfiguration com.safetynet.alerts.AlertsApplication for test class com.safetynet.alerts.JsonReadTests
2024-02-06 08:22:07.455 [main] INFO  c.s.alerts.AlertsApplicationTests - Starting AlertsApplicationTests using Java 21 with PID 7380 (started by Pochi in C:\Users\Pochi\Documents\Projet5\alerts\alerts)
2024-02-06 08:22:07.457 [main] INFO  c.s.alerts.AlertsApplicationTests - No active profile set, falling back to 1 default profile: "default"
2024-02-06 08:22:09.393 [main] INFO  c.s.alerts.AlertsApplicationTests - Started AlertsApplicationTests in 2.403 seconds (process running for 3.723)
2024-02-06 08:22:10.603 [main] INFO  o.s.t.c.s.AnnotationConfigContextLoaderUtils - Could not detect default configuration classes for test class [com.safetynet.alerts.JsonReadTests]: JsonReadTests does not declare any static, non-private, non-final, nested classes annotated with @Configuration.
2024-02-06 08:22:10.606 [main] INFO  o.s.b.t.c.SpringBootTestContextBootstrapper - Found @SpringBootConfiguration com.safetynet.alerts.AlertsApplication for test class com.safetynet.alerts.JsonReadTests
2024-02-06 08:23:32.755 [main] INFO  c.s.alerts.AlertsApplicationTests - Starting AlertsApplicationTests using Java 21 with PID 13696 (started by Pochi in C:\Users\Pochi\Documents\Projet5\alerts\alerts)
2024-02-06 08:23:32.758 [main] INFO  c.s.alerts.AlertsApplicationTests - No active profile set, falling back to 1 default profile: "default"
2024-02-06 08:23:34.491 [main] INFO  c.s.alerts.AlertsApplicationTests - Started AlertsApplicationTests in 2.2 seconds (process running for 3.433)
2024-02-06 08:23:35.634 [main] INFO  o.s.t.c.s.AnnotationConfigContextLoaderUtils - Could not detect default configuration classes for test class [com.safetynet.alerts.JsonReadTests]: JsonReadTests does not declare any static, non-private, non-final, nested classes annotated with @Configuration.
2024-02-06 08:23:35.637 [main] INFO  o.s.b.t.c.SpringBootTestContextBootstrapper - Found @SpringBootConfiguration com.safetynet.alerts.AlertsApplication for test class com.safetynet.alerts.JsonReadTests
2024-02-06 08:25:34.402 [main] INFO  c.s.alerts.AlertsApplicationTests - Starting AlertsApplicationTests using Java 21 with PID 7724 (started by Pochi in C:\Users\Pochi\Documents\Projet5\alerts\alerts)
2024-02-06 08:25:34.404 [main] INFO  c.s.alerts.AlertsApplicationTests - No active profile set, falling back to 1 default profile: "default"
2024-02-06 08:25:36.244 [main] INFO  c.s.alerts.AlertsApplicationTests - Started AlertsApplicationTests in 2.294 seconds (process running for 3.514)
2024-02-06 08:26:18.291 [main] INFO  c.s.alerts.AlertsApplicationTests - Starting AlertsApplicationTests using Java 21 with PID 3840 (started by Pochi in C:\Users\Pochi\Documents\Projet5\alerts\alerts)
2024-02-06 08:26:18.294 [main] INFO  c.s.alerts.AlertsApplicationTests - No active profile set, falling back to 1 default profile: "default"
2024-02-06 08:26:20.512 [main] INFO  c.s.alerts.AlertsApplicationTests - Started AlertsApplicationTests in 2.766 seconds (process running for 4.331)
2024-02-06 08:26:21.821 [main] INFO  o.s.t.c.s.AnnotationConfigContextLoaderUtils - Could not detect default configuration classes for test class [com.safetynet.alerts.JsonReadTests]: JsonReadTests does not declare any static, non-private, non-final, nested classes annotated with @Configuration.
2024-02-06 08:26:21.825 [main] INFO  o.s.b.t.c.SpringBootTestContextBootstrapper - Found @SpringBootConfiguration com.safetynet.alerts.AlertsApplication for test class com.safetynet.alerts.JsonReadTests
2024-02-06 08:30:29.264 [main] INFO  c.s.alerts.AlertsApplicationTests - Starting AlertsApplicationTests using Java 21 with PID 21480 (started by Pochi in C:\Users\Pochi\Documents\Projet5\alerts\alerts)
2024-02-06 08:30:29.269 [main] INFO  c.s.alerts.AlertsApplicationTests - No active profile set, falling back to 1 default profile: "default"
2024-02-06 08:30:32.092 [main] INFO  c.s.alerts.AlertsApplicationTests - Started AlertsApplicationTests in 3.668 seconds (process running for 6.356)
2024-02-06 08:30:33.692 [main] INFO  o.s.t.c.s.AnnotationConfigContextLoaderUtils - Could not detect default configuration classes for test class [com.safetynet.alerts.JsonReadTests]: JsonReadTests does not declare any static, non-private, non-final, nested classes annotated with @Configuration.
2024-02-06 08:30:33.695 [main] INFO  o.s.b.t.c.SpringBootTestContextBootstrapper - Found @SpringBootConfiguration com.safetynet.alerts.AlertsApplication for test class com.safetynet.alerts.JsonReadTests
2024-02-09 16:54:39.225 [main] INFO  c.s.alerts.AlertsApplicationTests - Starting AlertsApplicationTests using Java 21 with PID 15320 (started by Pochi in C:\Users\Pochi\Documents\Projet5\alerts\alerts)
2024-02-09 16:54:39.229 [main] INFO  c.s.alerts.AlertsApplicationTests - No active profile set, falling back to 1 default profile: "default"
2024-02-09 16:54:40.750 [main] WARN  o.s.w.c.s.GenericWebApplicationContext - Exception encountered during context initialization - cancelling refresh attempt: org.springframework.beans.factory.UnsatisfiedDependencyException: Error creating bean with name 'crudController': Unsatisfied dependency expressed through field 'jsonReader': No qualifying bean of type 'com.safetynet.alerts.model.JsonReader' available: expected at least 1 bean which qualifies as autowire candidate. Dependency annotations: {@org.springframework.beans.factory.annotation.Autowired(required=true)}
2024-02-09 16:54:40.766 [main] INFO  o.s.b.a.l.ConditionEvaluationReportLogger - 

Error starting ApplicationContext. To display the condition evaluation report re-run your application with 'debug' enabled.
2024-02-09 16:54:40.844 [main] ERROR o.s.b.d.LoggingFailureAnalysisReporter - 

***************************
APPLICATION FAILED TO START
***************************

Description:

Field jsonReader in com.safetynet.alerts.controller.CrudController required a bean of type 'com.safetynet.alerts.model.JsonReader' that could not be found.

The injection point has the following annotations:
	- @org.springframework.beans.factory.annotation.Autowired(required=true)


Action:

Consider defining a bean of type 'com.safetynet.alerts.model.JsonReader' in your configuration.

2024-02-09 16:54:40.864 [main] WARN  o.s.test.context.TestContextManager - Caught exception while allowing TestExecutionListener [org.springframework.test.context.support.DependencyInjectionTestExecutionListener] to prepare test instance [com.safetynet.alerts.AlertsApplicationTests@29dcad7e]
java.lang.IllegalStateException: Failed to load ApplicationContext for [WebMergedContextConfiguration@299c86f0 testClass = com.safetynet.alerts.AlertsApplicationTests, locations = [], classes = [com.safetynet.alerts.AlertsApplication], contextInitializerClasses = [], activeProfiles = [], propertySourceDescriptors = [], propertySourceProperties = ["org.springframework.boot.test.autoconfigure.web.servlet.WebMvcTestContextBootstrapper=true"], contextCustomizers = [[ImportsContextCustomizer@4fbed6fc key = [org.springframework.boot.autoconfigure.task.TaskExecutionAutoConfiguration, org.springframework.boot.autoconfigure.cache.CacheAutoConfiguration, org.springframework.boot.autoconfigure.web.servlet.HttpEncodingAutoConfiguration, org.springframework.boot.autoconfigure.validation.ValidationAutoConfiguration, org.springframework.boot.autoconfigure.context.MessageSourceAutoConfiguration, org.springframework.boot.autoconfigure.hateoas.HypermediaAutoConfiguration, org.springframework.boot.autoconfigure.data.web.SpringDataWebAutoConfiguration, org.springframework.boot.autoconfigure.jackson.JacksonAutoConfiguration, org.springframework.boot.test.autoconfigure.web.reactive.WebTestClientAutoConfiguration, org.springframework.boot.autoconfigure.web.servlet.error.ErrorMvcAutoConfiguration, org.springframework.boot.test.autoconfigure.web.servlet.MockMvcAutoConfiguration, org.springframework.boot.autoconfigure.security.servlet.SecurityAutoConfiguration, org.springframework.boot.autoconfigure.security.servlet.SecurityFilterAutoConfiguration, org.springframework.boot.autoconfigure.http.HttpMessageConvertersAutoConfiguration, org.springframework.boot.autoconfigure.security.oauth2.client.servlet.OAuth2ClientAutoConfiguration, org.springframework.boot.test.autoconfigure.web.servlet.MockMvcSecurityConfiguration, org.springframework.boot.test.autoconfigure.web.servlet.MockMvcWebClientAutoConfiguration, org.springframework.boot.test.autoconfigure.web.servlet.MockMvcWebDriverAutoConfiguration, org.springframework.boot.autoconfigure.thymeleaf.ThymeleafAutoConfiguration, org.springframework.boot.autoconfigure.gson.GsonAutoConfiguration, org.springframework.boot.autoconfigure.jsonb.JsonbAutoConfiguration, org.springframework.boot.autoconfigure.freemarker.FreeMarkerAutoConfiguration, org.springframework.boot.autoconfigure.web.servlet.WebMvcAutoConfiguration, org.springframework.boot.autoconfigure.security.servlet.UserDetailsServiceAutoConfiguration, org.springframework.boot.autoconfigure.security.oauth2.resource.servlet.OAuth2ResourceServerAutoConfiguration, org.springframework.boot.autoconfigure.groovy.template.GroovyTemplateAutoConfiguration, org.springframework.boot.autoconfigure.mustache.MustacheAutoConfiguration]], org.springframework.boot.test.context.filter.ExcludeFilterContextCustomizer@55b5e331, org.springframework.boot.test.json.DuplicateJsonObjectContextCustomizerFactory$DuplicateJsonObjectContextCustomizer@456abb66, org.springframework.boot.test.mock.mockito.MockitoContextCustomizer@0, org.springframework.boot.test.autoconfigure.OverrideAutoConfigurationContextCustomizerFactory$DisableAutoConfigurationContextCustomizer@ec50f54, org.springframework.boot.test.autoconfigure.actuate.observability.ObservabilityContextCustomizerFactory$DisableObservabilityContextCustomizer@1f, org.springframework.boot.test.autoconfigure.filter.TypeExcludeFiltersContextCustomizer@aeac15bf, org.springframework.boot.test.autoconfigure.properties.PropertyMappingContextCustomizer@d4ebd606, org.springframework.boot.test.autoconfigure.web.servlet.WebDriverContextCustomizer@30e92cb9, org.springframework.boot.test.context.SpringBootTestAnnotation@3a6a7e8c], resourceBasePath = "src/main/webapp", contextLoader = org.springframework.boot.test.context.SpringBootContextLoader, parent = null]
	at org.springframework.test.context.cache.DefaultCacheAwareContextLoaderDelegate.loadContext(DefaultCacheAwareContextLoaderDelegate.java:180)
	at org.springframework.test.context.support.DefaultTestContext.getApplicationContext(DefaultTestContext.java:130)
	at org.springframework.test.context.support.DependencyInjectionTestExecutionListener.injectDependencies(DependencyInjectionTestExecutionListener.java:141)
	at org.springframework.test.context.support.DependencyInjectionTestExecutionListener.prepareTestInstance(DependencyInjectionTestExecutionListener.java:97)
	at org.springframework.test.context.TestContextManager.prepareTestInstance(TestContextManager.java:260)
	at org.springframework.test.context.junit.jupiter.SpringExtension.postProcessTestInstance(SpringExtension.java:163)
	at org.junit.jupiter.engine.descriptor.ClassBasedTestDescriptor.lambda$invokeTestInstancePostProcessors$10(ClassBasedTestDescriptor.java:378)
	at org.junit.jupiter.engine.descriptor.ClassBasedTestDescriptor.executeAndMaskThrowable(ClassBasedTestDescriptor.java:383)
	at org.junit.jupiter.engine.descriptor.ClassBasedTestDescriptor.lambda$invokeTestInstancePostProcessors$11(ClassBasedTestDescriptor.java:378)
	at java.base/java.util.stream.ReferencePipeline$3$1.accept(ReferencePipeline.java:197)
	at java.base/java.util.stream.ReferencePipeline$2$1.accept(ReferencePipeline.java:179)
	at java.base/java.util.ArrayList$ArrayListSpliterator.forEachRemaining(ArrayList.java:1708)
	at java.base/java.util.stream.AbstractPipeline.copyInto(AbstractPipeline.java:509)
	at java.base/java.util.stream.AbstractPipeline.wrapAndCopyInto(AbstractPipeline.java:499)
	at java.base/java.util.stream.StreamSpliterators$WrappingSpliterator.forEachRemaining(StreamSpliterators.java:310)
	at java.base/java.util.stream.Streams$ConcatSpliterator.forEachRemaining(Streams.java:735)
	at java.base/java.util.stream.Streams$ConcatSpliterator.forEachRemaining(Streams.java:734)
	at java.base/java.util.stream.ReferencePipeline$Head.forEach(ReferencePipeline.java:762)
	at org.junit.jupiter.engine.descriptor.ClassBasedTestDescriptor.invokeTestInstancePostProcessors(ClassBasedTestDescriptor.java:377)
	at org.junit.jupiter.engine.descriptor.ClassBasedTestDescriptor.lambda$instantiateAndPostProcessTestInstance$6(ClassBasedTestDescriptor.java:290)
	at org.junit.platform.engine.support.hierarchical.ThrowableCollector.execute(ThrowableCollector.java:73)
	at org.junit.jupiter.engine.descriptor.ClassBasedTestDescriptor.instantiateAndPostProcessTestInstance(ClassBasedTestDescriptor.java:289)
	at org.junit.jupiter.engine.descriptor.ClassBasedTestDescriptor.lambda$testInstancesProvider$4(ClassBasedTestDescriptor.java:279)
	at java.base/java.util.Optional.orElseGet(Optional.java:364)
	at org.junit.jupiter.engine.descriptor.ClassBasedTestDescriptor.lambda$testInstancesProvider$5(ClassBasedTestDescriptor.java:278)
	at org.junit.jupiter.engine.execution.TestInstancesProvider.getTestInstances(TestInstancesProvider.java:31)
	at org.junit.jupiter.engine.descriptor.TestMethodTestDescriptor.lambda$prepare$0(TestMethodTestDescriptor.java:106)
	at org.junit.platform.engine.support.hierarchical.ThrowableCollector.execute(ThrowableCollector.java:73)
	at org.junit.jupiter.engine.descriptor.TestMethodTestDescriptor.prepare(TestMethodTestDescriptor.java:105)
	at org.junit.jupiter.engine.descriptor.TestMethodTestDescriptor.prepare(TestMethodTestDescriptor.java:69)
	at org.junit.platform.engine.support.hierarchical.NodeTestTask.lambda$prepare$2(NodeTestTask.java:123)
	at org.junit.platform.engine.support.hierarchical.ThrowableCollector.execute(ThrowableCollector.java:73)
	at org.junit.platform.engine.support.hierarchical.NodeTestTask.prepare(NodeTestTask.java:123)
	at org.junit.platform.engine.support.hierarchical.NodeTestTask.execute(NodeTestTask.java:90)
	at java.base/java.util.ArrayList.forEach(ArrayList.java:1596)
	at org.junit.platform.engine.support.hierarchical.SameThreadHierarchicalTestExecutorService.invokeAll(SameThreadHierarchicalTestExecutorService.java:41)
	at org.junit.platform.engine.support.hierarchical.NodeTestTask.lambda$executeRecursively$6(NodeTestTask.java:155)
	at org.junit.platform.engine.support.hierarchical.ThrowableCollector.execute(ThrowableCollector.java:73)
	at org.junit.platform.engine.support.hierarchical.NodeTestTask.lambda$executeRecursively$8(NodeTestTask.java:141)
	at org.junit.platform.engine.support.hierarchical.Node.around(Node.java:137)
	at org.junit.platform.engine.support.hierarchical.NodeTestTask.lambda$executeRecursively$9(NodeTestTask.java:139)
	at org.junit.platform.engine.support.hierarchical.ThrowableCollector.execute(ThrowableCollector.java:73)
	at org.junit.platform.engine.support.hierarchical.NodeTestTask.executeRecursively(NodeTestTask.java:138)
	at org.junit.platform.engine.support.hierarchical.NodeTestTask.execute(NodeTestTask.java:95)
	at java.base/java.util.ArrayList.forEach(ArrayList.java:1596)
	at org.junit.platform.engine.support.hierarchical.SameThreadHierarchicalTestExecutorService.invokeAll(SameThreadHierarchicalTestExecutorService.java:41)
	at org.junit.platform.engine.support.hierarchical.NodeTestTask.lambda$executeRecursively$6(NodeTestTask.java:155)
	at org.junit.platform.engine.support.hierarchical.ThrowableCollector.execute(ThrowableCollector.java:73)
	at org.junit.platform.engine.support.hierarchical.NodeTestTask.lambda$executeRecursively$8(NodeTestTask.java:141)
	at org.junit.platform.engine.support.hierarchical.Node.around(Node.java:137)
	at org.junit.platform.engine.support.hierarchical.NodeTestTask.lambda$executeRecursively$9(NodeTestTask.java:139)
	at org.junit.platform.engine.support.hierarchical.ThrowableCollector.execute(ThrowableCollector.java:73)
	at org.junit.platform.engine.support.hierarchical.NodeTestTask.executeRecursively(NodeTestTask.java:138)
	at org.junit.platform.engine.support.hierarchical.NodeTestTask.execute(NodeTestTask.java:95)
	at org.junit.platform.engine.support.hierarchical.SameThreadHierarchicalTestExecutorService.submit(SameThreadHierarchicalTestExecutorService.java:35)
	at org.junit.platform.engine.support.hierarchical.HierarchicalTestExecutor.execute(HierarchicalTestExecutor.java:57)
	at org.junit.platform.engine.support.hierarchical.HierarchicalTestEngine.execute(HierarchicalTestEngine.java:54)
	at org.junit.platform.launcher.core.DefaultLauncher.execute(DefaultLauncher.java:220)
	at org.junit.platform.launcher.core.DefaultLauncher.lambda$execute$6(DefaultLauncher.java:188)
	at org.junit.platform.launcher.core.DefaultLauncher.withInterceptedStreams(DefaultLauncher.java:202)
	at org.junit.platform.launcher.core.DefaultLauncher.execute(DefaultLauncher.java:181)
	at org.junit.platform.launcher.core.DefaultLauncher.execute(DefaultLauncher.java:128)
	at org.junit.platform.surefire.provider.JUnitPlatformProvider.invokeAllTests(JUnitPlatformProvider.java:155)
	at org.junit.platform.surefire.provider.JUnitPlatformProvider.invoke(JUnitPlatformProvider.java:134)
	at org.apache.maven.surefire.booter.ForkedBooter.invokeProviderInSameClassLoader(ForkedBooter.java:383)
	at org.apache.maven.surefire.booter.ForkedBooter.runSuitesInProcess(ForkedBooter.java:344)
	at org.apache.maven.surefire.booter.ForkedBooter.execute(ForkedBooter.java:125)
	at org.apache.maven.surefire.booter.ForkedBooter.main(ForkedBooter.java:417)
Caused by: org.springframework.beans.factory.UnsatisfiedDependencyException: Error creating bean with name 'crudController': Unsatisfied dependency expressed through field 'jsonReader': No qualifying bean of type 'com.safetynet.alerts.model.JsonReader' available: expected at least 1 bean which qualifies as autowire candidate. Dependency annotations: {@org.springframework.beans.factory.annotation.Autowired(required=true)}
	at org.springframework.beans.factory.annotation.AutowiredAnnotationBeanPostProcessor$AutowiredFieldElement.resolveFieldValue(AutowiredAnnotationBeanPostProcessor.java:787)
	at org.springframework.beans.factory.annotation.AutowiredAnnotationBeanPostProcessor$AutowiredFieldElement.inject(AutowiredAnnotationBeanPostProcessor.java:767)
	at org.springframework.beans.factory.annotation.InjectionMetadata.inject(InjectionMetadata.java:145)
	at org.springframework.beans.factory.annotation.AutowiredAnnotationBeanPostProcessor.postProcessProperties(AutowiredAnnotationBeanPostProcessor.java:508)
	at org.springframework.beans.factory.support.AbstractAutowireCapableBeanFactory.populateBean(AbstractAutowireCapableBeanFactory.java:1418)
	at org.springframework.beans.factory.support.AbstractAutowireCapableBeanFactory.doCreateBean(AbstractAutowireCapableBeanFactory.java:598)
	at org.springframework.beans.factory.support.AbstractAutowireCapableBeanFactory.createBean(AbstractAutowireCapableBeanFactory.java:521)
	at org.springframework.beans.factory.support.AbstractBeanFactory.lambda$doGetBean$0(AbstractBeanFactory.java:325)
	at org.springframework.beans.factory.support.DefaultSingletonBeanRegistry.getSingleton(DefaultSingletonBeanRegistry.java:234)
	at org.springframework.beans.factory.support.AbstractBeanFactory.doGetBean(AbstractBeanFactory.java:323)
	at org.springframework.beans.factory.support.AbstractBeanFactory.getBean(AbstractBeanFactory.java:199)
	at org.springframework.beans.factory.support.DefaultListableBeanFactory.preInstantiateSingletons(DefaultListableBeanFactory.java:975)
	at org.springframework.context.support.AbstractApplicationContext.finishBeanFactoryInitialization(AbstractApplicationContext.java:960)
	at org.springframework.context.support.AbstractApplicationContext.refresh(AbstractApplicationContext.java:625)
	at org.springframework.boot.SpringApplication.refresh(SpringApplication.java:762)
	at org.springframework.boot.SpringApplication.refreshContext(SpringApplication.java:464)
	at org.springframework.boot.SpringApplication.run(SpringApplication.java:334)
	at org.springframework.boot.test.context.SpringBootContextLoader.lambda$loadContext$3(SpringBootContextLoader.java:137)
	at org.springframework.util.function.ThrowingSupplier.get(ThrowingSupplier.java:58)
	at org.springframework.util.function.ThrowingSupplier.get(ThrowingSupplier.java:46)
	at org.springframework.boot.SpringApplication.withHook(SpringApplication.java:1458)
	at org.springframework.boot.test.context.SpringBootContextLoader$ContextLoaderHook.run(SpringBootContextLoader.java:552)
	at org.springframework.boot.test.context.SpringBootContextLoader.loadContext(SpringBootContextLoader.java:137)
	at org.springframework.boot.test.context.SpringBootContextLoader.loadContext(SpringBootContextLoader.java:108)
	at org.springframework.test.context.cache.DefaultCacheAwareContextLoaderDelegate.loadContextInternal(DefaultCacheAwareContextLoaderDelegate.java:225)
	at org.springframework.test.context.cache.DefaultCacheAwareContextLoaderDelegate.loadContext(DefaultCacheAwareContextLoaderDelegate.java:152)
	... 67 common frames omitted
Caused by: org.springframework.beans.factory.NoSuchBeanDefinitionException: No qualifying bean of type 'com.safetynet.alerts.model.JsonReader' available: expected at least 1 bean which qualifies as autowire candidate. Dependency annotations: {@org.springframework.beans.factory.annotation.Autowired(required=true)}
	at org.springframework.beans.factory.support.DefaultListableBeanFactory.raiseNoMatchingBeanFound(DefaultListableBeanFactory.java:1880)
	at org.springframework.beans.factory.support.DefaultListableBeanFactory.doResolveDependency(DefaultListableBeanFactory.java:1406)
	at org.springframework.beans.factory.support.DefaultListableBeanFactory.resolveDependency(DefaultListableBeanFactory.java:1353)
	at org.springframework.beans.factory.annotation.AutowiredAnnotationBeanPostProcessor$AutowiredFieldElement.resolveFieldValue(AutowiredAnnotationBeanPostProcessor.java:784)
	... 92 common frames omitted
2024-02-09 16:54:40.952 [main] INFO  o.s.t.c.s.AnnotationConfigContextLoaderUtils - Could not detect default configuration classes for test class [com.safetynet.alerts.JsonReadTests]: JsonReadTests does not declare any static, non-private, non-final, nested classes annotated with @Configuration.
2024-02-09 16:54:40.960 [main] INFO  o.s.b.t.c.SpringBootTestContextBootstrapper - Found @SpringBootConfiguration com.safetynet.alerts.AlertsApplication for test class com.safetynet.alerts.JsonReadTests
2024-02-09 16:54:41.103 [main] INFO  com.safetynet.alerts.JsonReadTests - Starting JsonReadTests using Java 21 with PID 15320 (started by Pochi in C:\Users\Pochi\Documents\Projet5\alerts\alerts)
2024-02-09 16:54:41.104 [main] INFO  com.safetynet.alerts.JsonReadTests - No active profile set, falling back to 1 default profile: "default"
2024-02-09 16:54:43.316 [main] INFO  com.safetynet.alerts.JsonReadTests - Started JsonReadTests in 2.336 seconds (process running for 10.931)
2024-02-09 16:59:05.981 [main] INFO  com.safetynet.alerts.JsonReadTests - Starting JsonReadTests using Java 21 with PID 1844 (started by Pochi in C:\Users\Pochi\Documents\Projet5\alerts\alerts)
2024-02-09 16:59:05.985 [main] INFO  com.safetynet.alerts.JsonReadTests - No active profile set, falling back to 1 default profile: "default"
2024-02-09 16:59:09.076 [main] INFO  com.safetynet.alerts.JsonReadTests - Started JsonReadTests in 4.048 seconds (process running for 9.704)
2024-02-09 17:01:49.259 [main] INFO  c.s.alerts.AlertsApplicationTests - Starting AlertsApplicationTests using Java 21 with PID 1196 (started by Pochi in C:\Users\Pochi\Documents\Projet5\alerts\alerts)
2024-02-09 17:01:49.261 [main] INFO  c.s.alerts.AlertsApplicationTests - No active profile set, falling back to 1 default profile: "default"
2024-02-09 17:01:50.803 [main] WARN  o.s.w.c.s.GenericWebApplicationContext - Exception encountered during context initialization - cancelling refresh attempt: org.springframework.beans.factory.UnsatisfiedDependencyException: Error creating bean with name 'crudController': Unsatisfied dependency expressed through field 'jsonReader': No qualifying bean of type 'com.safetynet.alerts.model.JsonReader' available: expected at least 1 bean which qualifies as autowire candidate. Dependency annotations: {@org.springframework.beans.factory.annotation.Autowired(required=true)}
2024-02-09 17:01:50.815 [main] INFO  o.s.b.a.l.ConditionEvaluationReportLogger - 

Error starting ApplicationContext. To display the condition evaluation report re-run your application with 'debug' enabled.
2024-02-09 17:01:50.901 [main] ERROR o.s.b.d.LoggingFailureAnalysisReporter - 

***************************
APPLICATION FAILED TO START
***************************

Description:

Field jsonReader in com.safetynet.alerts.controller.CrudController required a bean of type 'com.safetynet.alerts.model.JsonReader' that could not be found.

The injection point has the following annotations:
	- @org.springframework.beans.factory.annotation.Autowired(required=true)


Action:

Consider defining a bean of type 'com.safetynet.alerts.model.JsonReader' in your configuration.

2024-02-09 17:01:50.926 [main] WARN  o.s.test.context.TestContextManager - Caught exception while allowing TestExecutionListener [org.springframework.test.context.support.DependencyInjectionTestExecutionListener] to prepare test instance [com.safetynet.alerts.AlertsApplicationTests@434a72f2]
java.lang.IllegalStateException: Failed to load ApplicationContext for [WebMergedContextConfiguration@36a8ebca testClass = com.safetynet.alerts.AlertsApplicationTests, locations = [], classes = [com.safetynet.alerts.AlertsApplication], contextInitializerClasses = [], activeProfiles = [], propertySourceDescriptors = [], propertySourceProperties = ["org.springframework.boot.test.autoconfigure.web.servlet.WebMvcTestContextBootstrapper=true"], contextCustomizers = [[ImportsContextCustomizer@328e687e key = [org.springframework.boot.autoconfigure.task.TaskExecutionAutoConfiguration, org.springframework.boot.autoconfigure.cache.CacheAutoConfiguration, org.springframework.boot.autoconfigure.web.servlet.HttpEncodingAutoConfiguration, org.springframework.boot.autoconfigure.validation.ValidationAutoConfiguration, org.springframework.boot.autoconfigure.context.MessageSourceAutoConfiguration, org.springframework.boot.autoconfigure.hateoas.HypermediaAutoConfiguration, org.springframework.boot.autoconfigure.data.web.SpringDataWebAutoConfiguration, org.springframework.boot.autoconfigure.jackson.JacksonAutoConfiguration, org.springframework.boot.test.autoconfigure.web.reactive.WebTestClientAutoConfiguration, org.springframework.boot.autoconfigure.web.servlet.error.ErrorMvcAutoConfiguration, org.springframework.boot.test.autoconfigure.web.servlet.MockMvcAutoConfiguration, org.springframework.boot.autoconfigure.security.servlet.SecurityAutoConfiguration, org.springframework.boot.autoconfigure.security.servlet.SecurityFilterAutoConfiguration, org.springframework.boot.autoconfigure.http.HttpMessageConvertersAutoConfiguration, org.springframework.boot.autoconfigure.security.oauth2.client.servlet.OAuth2ClientAutoConfiguration, org.springframework.boot.test.autoconfigure.web.servlet.MockMvcSecurityConfiguration, org.springframework.boot.test.autoconfigure.web.servlet.MockMvcWebClientAutoConfiguration, org.springframework.boot.test.autoconfigure.web.servlet.MockMvcWebDriverAutoConfiguration, org.springframework.boot.autoconfigure.thymeleaf.ThymeleafAutoConfiguration, org.springframework.boot.autoconfigure.gson.GsonAutoConfiguration, org.springframework.boot.autoconfigure.jsonb.JsonbAutoConfiguration, org.springframework.boot.autoconfigure.freemarker.FreeMarkerAutoConfiguration, org.springframework.boot.autoconfigure.web.servlet.WebMvcAutoConfiguration, org.springframework.boot.autoconfigure.security.servlet.UserDetailsServiceAutoConfiguration, org.springframework.boot.autoconfigure.security.oauth2.resource.servlet.OAuth2ResourceServerAutoConfiguration, org.springframework.boot.autoconfigure.groovy.template.GroovyTemplateAutoConfiguration, org.springframework.boot.autoconfigure.mustache.MustacheAutoConfiguration]], org.springframework.boot.test.context.filter.ExcludeFilterContextCustomizer@669d2b1b, org.springframework.boot.test.json.DuplicateJsonObjectContextCustomizerFactory$DuplicateJsonObjectContextCustomizer@5298dead, org.springframework.boot.test.mock.mockito.MockitoContextCustomizer@0, org.springframework.boot.test.autoconfigure.OverrideAutoConfigurationContextCustomizerFactory$DisableAutoConfigurationContextCustomizer@73386d72, org.springframework.boot.test.autoconfigure.actuate.observability.ObservabilityContextCustomizerFactory$DisableObservabilityContextCustomizer@1f, org.springframework.boot.test.autoconfigure.filter.TypeExcludeFiltersContextCustomizer@da94897, org.springframework.boot.test.autoconfigure.properties.PropertyMappingContextCustomizer@d4ebd606, org.springframework.boot.test.autoconfigure.web.servlet.WebDriverContextCustomizer@304b9f1a, org.springframework.boot.test.context.SpringBootTestAnnotation@3beab068], resourceBasePath = "src/main/webapp", contextLoader = org.springframework.boot.test.context.SpringBootContextLoader, parent = null]
	at org.springframework.test.context.cache.DefaultCacheAwareContextLoaderDelegate.loadContext(DefaultCacheAwareContextLoaderDelegate.java:180)
	at org.springframework.test.context.support.DefaultTestContext.getApplicationContext(DefaultTestContext.java:130)
	at org.springframework.test.context.support.DependencyInjectionTestExecutionListener.injectDependencies(DependencyInjectionTestExecutionListener.java:141)
	at org.springframework.test.context.support.DependencyInjectionTestExecutionListener.prepareTestInstance(DependencyInjectionTestExecutionListener.java:97)
	at org.springframework.test.context.TestContextManager.prepareTestInstance(TestContextManager.java:260)
	at org.springframework.test.context.junit.jupiter.SpringExtension.postProcessTestInstance(SpringExtension.java:163)
	at org.junit.jupiter.engine.descriptor.ClassBasedTestDescriptor.lambda$invokeTestInstancePostProcessors$10(ClassBasedTestDescriptor.java:378)
	at org.junit.jupiter.engine.descriptor.ClassBasedTestDescriptor.executeAndMaskThrowable(ClassBasedTestDescriptor.java:383)
	at org.junit.jupiter.engine.descriptor.ClassBasedTestDescriptor.lambda$invokeTestInstancePostProcessors$11(ClassBasedTestDescriptor.java:378)
	at java.base/java.util.stream.ReferencePipeline$3$1.accept(ReferencePipeline.java:197)
	at java.base/java.util.stream.ReferencePipeline$2$1.accept(ReferencePipeline.java:179)
	at java.base/java.util.ArrayList$ArrayListSpliterator.forEachRemaining(ArrayList.java:1708)
	at java.base/java.util.stream.AbstractPipeline.copyInto(AbstractPipeline.java:509)
	at java.base/java.util.stream.AbstractPipeline.wrapAndCopyInto(AbstractPipeline.java:499)
	at java.base/java.util.stream.StreamSpliterators$WrappingSpliterator.forEachRemaining(StreamSpliterators.java:310)
	at java.base/java.util.stream.Streams$ConcatSpliterator.forEachRemaining(Streams.java:735)
	at java.base/java.util.stream.Streams$ConcatSpliterator.forEachRemaining(Streams.java:734)
	at java.base/java.util.stream.ReferencePipeline$Head.forEach(ReferencePipeline.java:762)
	at org.junit.jupiter.engine.descriptor.ClassBasedTestDescriptor.invokeTestInstancePostProcessors(ClassBasedTestDescriptor.java:377)
	at org.junit.jupiter.engine.descriptor.ClassBasedTestDescriptor.lambda$instantiateAndPostProcessTestInstance$6(ClassBasedTestDescriptor.java:290)
	at org.junit.platform.engine.support.hierarchical.ThrowableCollector.execute(ThrowableCollector.java:73)
	at org.junit.jupiter.engine.descriptor.ClassBasedTestDescriptor.instantiateAndPostProcessTestInstance(ClassBasedTestDescriptor.java:289)
	at org.junit.jupiter.engine.descriptor.ClassBasedTestDescriptor.lambda$testInstancesProvider$4(ClassBasedTestDescriptor.java:279)
	at java.base/java.util.Optional.orElseGet(Optional.java:364)
	at org.junit.jupiter.engine.descriptor.ClassBasedTestDescriptor.lambda$testInstancesProvider$5(ClassBasedTestDescriptor.java:278)
	at org.junit.jupiter.engine.execution.TestInstancesProvider.getTestInstances(TestInstancesProvider.java:31)
	at org.junit.jupiter.engine.descriptor.TestMethodTestDescriptor.lambda$prepare$0(TestMethodTestDescriptor.java:106)
	at org.junit.platform.engine.support.hierarchical.ThrowableCollector.execute(ThrowableCollector.java:73)
	at org.junit.jupiter.engine.descriptor.TestMethodTestDescriptor.prepare(TestMethodTestDescriptor.java:105)
	at org.junit.jupiter.engine.descriptor.TestMethodTestDescriptor.prepare(TestMethodTestDescriptor.java:69)
	at org.junit.platform.engine.support.hierarchical.NodeTestTask.lambda$prepare$2(NodeTestTask.java:123)
	at org.junit.platform.engine.support.hierarchical.ThrowableCollector.execute(ThrowableCollector.java:73)
	at org.junit.platform.engine.support.hierarchical.NodeTestTask.prepare(NodeTestTask.java:123)
	at org.junit.platform.engine.support.hierarchical.NodeTestTask.execute(NodeTestTask.java:90)
	at java.base/java.util.ArrayList.forEach(ArrayList.java:1596)
	at org.junit.platform.engine.support.hierarchical.SameThreadHierarchicalTestExecutorService.invokeAll(SameThreadHierarchicalTestExecutorService.java:41)
	at org.junit.platform.engine.support.hierarchical.NodeTestTask.lambda$executeRecursively$6(NodeTestTask.java:155)
	at org.junit.platform.engine.support.hierarchical.ThrowableCollector.execute(ThrowableCollector.java:73)
	at org.junit.platform.engine.support.hierarchical.NodeTestTask.lambda$executeRecursively$8(NodeTestTask.java:141)
	at org.junit.platform.engine.support.hierarchical.Node.around(Node.java:137)
	at org.junit.platform.engine.support.hierarchical.NodeTestTask.lambda$executeRecursively$9(NodeTestTask.java:139)
	at org.junit.platform.engine.support.hierarchical.ThrowableCollector.execute(ThrowableCollector.java:73)
	at org.junit.platform.engine.support.hierarchical.NodeTestTask.executeRecursively(NodeTestTask.java:138)
	at org.junit.platform.engine.support.hierarchical.NodeTestTask.execute(NodeTestTask.java:95)
	at java.base/java.util.ArrayList.forEach(ArrayList.java:1596)
	at org.junit.platform.engine.support.hierarchical.SameThreadHierarchicalTestExecutorService.invokeAll(SameThreadHierarchicalTestExecutorService.java:41)
	at org.junit.platform.engine.support.hierarchical.NodeTestTask.lambda$executeRecursively$6(NodeTestTask.java:155)
	at org.junit.platform.engine.support.hierarchical.ThrowableCollector.execute(ThrowableCollector.java:73)
	at org.junit.platform.engine.support.hierarchical.NodeTestTask.lambda$executeRecursively$8(NodeTestTask.java:141)
	at org.junit.platform.engine.support.hierarchical.Node.around(Node.java:137)
	at org.junit.platform.engine.support.hierarchical.NodeTestTask.lambda$executeRecursively$9(NodeTestTask.java:139)
	at org.junit.platform.engine.support.hierarchical.ThrowableCollector.execute(ThrowableCollector.java:73)
	at org.junit.platform.engine.support.hierarchical.NodeTestTask.executeRecursively(NodeTestTask.java:138)
	at org.junit.platform.engine.support.hierarchical.NodeTestTask.execute(NodeTestTask.java:95)
	at org.junit.platform.engine.support.hierarchical.SameThreadHierarchicalTestExecutorService.submit(SameThreadHierarchicalTestExecutorService.java:35)
	at org.junit.platform.engine.support.hierarchical.HierarchicalTestExecutor.execute(HierarchicalTestExecutor.java:57)
	at org.junit.platform.engine.support.hierarchical.HierarchicalTestEngine.execute(HierarchicalTestEngine.java:54)
	at org.junit.platform.launcher.core.DefaultLauncher.execute(DefaultLauncher.java:220)
	at org.junit.platform.launcher.core.DefaultLauncher.lambda$execute$6(DefaultLauncher.java:188)
	at org.junit.platform.launcher.core.DefaultLauncher.withInterceptedStreams(DefaultLauncher.java:202)
	at org.junit.platform.launcher.core.DefaultLauncher.execute(DefaultLauncher.java:181)
	at org.junit.platform.launcher.core.DefaultLauncher.execute(DefaultLauncher.java:128)
	at org.junit.platform.surefire.provider.JUnitPlatformProvider.invokeAllTests(JUnitPlatformProvider.java:155)
	at org.junit.platform.surefire.provider.JUnitPlatformProvider.invoke(JUnitPlatformProvider.java:134)
	at org.apache.maven.surefire.booter.ForkedBooter.invokeProviderInSameClassLoader(ForkedBooter.java:383)
	at org.apache.maven.surefire.booter.ForkedBooter.runSuitesInProcess(ForkedBooter.java:344)
	at org.apache.maven.surefire.booter.ForkedBooter.execute(ForkedBooter.java:125)
	at org.apache.maven.surefire.booter.ForkedBooter.main(ForkedBooter.java:417)
Caused by: org.springframework.beans.factory.UnsatisfiedDependencyException: Error creating bean with name 'crudController': Unsatisfied dependency expressed through field 'jsonReader': No qualifying bean of type 'com.safetynet.alerts.model.JsonReader' available: expected at least 1 bean which qualifies as autowire candidate. Dependency annotations: {@org.springframework.beans.factory.annotation.Autowired(required=true)}
	at org.springframework.beans.factory.annotation.AutowiredAnnotationBeanPostProcessor$AutowiredFieldElement.resolveFieldValue(AutowiredAnnotationBeanPostProcessor.java:787)
	at org.springframework.beans.factory.annotation.AutowiredAnnotationBeanPostProcessor$AutowiredFieldElement.inject(AutowiredAnnotationBeanPostProcessor.java:767)
	at org.springframework.beans.factory.annotation.InjectionMetadata.inject(InjectionMetadata.java:145)
	at org.springframework.beans.factory.annotation.AutowiredAnnotationBeanPostProcessor.postProcessProperties(AutowiredAnnotationBeanPostProcessor.java:508)
	at org.springframework.beans.factory.support.AbstractAutowireCapableBeanFactory.populateBean(AbstractAutowireCapableBeanFactory.java:1418)
	at org.springframework.beans.factory.support.AbstractAutowireCapableBeanFactory.doCreateBean(AbstractAutowireCapableBeanFactory.java:598)
	at org.springframework.beans.factory.support.AbstractAutowireCapableBeanFactory.createBean(AbstractAutowireCapableBeanFactory.java:521)
	at org.springframework.beans.factory.support.AbstractBeanFactory.lambda$doGetBean$0(AbstractBeanFactory.java:325)
	at org.springframework.beans.factory.support.DefaultSingletonBeanRegistry.getSingleton(DefaultSingletonBeanRegistry.java:234)
	at org.springframework.beans.factory.support.AbstractBeanFactory.doGetBean(AbstractBeanFactory.java:323)
	at org.springframework.beans.factory.support.AbstractBeanFactory.getBean(AbstractBeanFactory.java:199)
	at org.springframework.beans.factory.support.DefaultListableBeanFactory.preInstantiateSingletons(DefaultListableBeanFactory.java:975)
	at org.springframework.context.support.AbstractApplicationContext.finishBeanFactoryInitialization(AbstractApplicationContext.java:960)
	at org.springframework.context.support.AbstractApplicationContext.refresh(AbstractApplicationContext.java:625)
	at org.springframework.boot.SpringApplication.refresh(SpringApplication.java:762)
	at org.springframework.boot.SpringApplication.refreshContext(SpringApplication.java:464)
	at org.springframework.boot.SpringApplication.run(SpringApplication.java:334)
	at org.springframework.boot.test.context.SpringBootContextLoader.lambda$loadContext$3(SpringBootContextLoader.java:137)
	at org.springframework.util.function.ThrowingSupplier.get(ThrowingSupplier.java:58)
	at org.springframework.util.function.ThrowingSupplier.get(ThrowingSupplier.java:46)
	at org.springframework.boot.SpringApplication.withHook(SpringApplication.java:1458)
	at org.springframework.boot.test.context.SpringBootContextLoader$ContextLoaderHook.run(SpringBootContextLoader.java:552)
	at org.springframework.boot.test.context.SpringBootContextLoader.loadContext(SpringBootContextLoader.java:137)
	at org.springframework.boot.test.context.SpringBootContextLoader.loadContext(SpringBootContextLoader.java:108)
	at org.springframework.test.context.cache.DefaultCacheAwareContextLoaderDelegate.loadContextInternal(DefaultCacheAwareContextLoaderDelegate.java:225)
	at org.springframework.test.context.cache.DefaultCacheAwareContextLoaderDelegate.loadContext(DefaultCacheAwareContextLoaderDelegate.java:152)
	... 67 common frames omitted
Caused by: org.springframework.beans.factory.NoSuchBeanDefinitionException: No qualifying bean of type 'com.safetynet.alerts.model.JsonReader' available: expected at least 1 bean which qualifies as autowire candidate. Dependency annotations: {@org.springframework.beans.factory.annotation.Autowired(required=true)}
	at org.springframework.beans.factory.support.DefaultListableBeanFactory.raiseNoMatchingBeanFound(DefaultListableBeanFactory.java:1880)
	at org.springframework.beans.factory.support.DefaultListableBeanFactory.doResolveDependency(DefaultListableBeanFactory.java:1406)
	at org.springframework.beans.factory.support.DefaultListableBeanFactory.resolveDependency(DefaultListableBeanFactory.java:1353)
	at org.springframework.beans.factory.annotation.AutowiredAnnotationBeanPostProcessor$AutowiredFieldElement.resolveFieldValue(AutowiredAnnotationBeanPostProcessor.java:784)
	... 92 common frames omitted
2024-02-09 17:01:51.021 [main] INFO  o.s.t.c.s.AnnotationConfigContextLoaderUtils - Could not detect default configuration classes for test class [com.safetynet.alerts.JsonReadTests]: JsonReadTests does not declare any static, non-private, non-final, nested classes annotated with @Configuration.
2024-02-09 17:01:51.028 [main] INFO  o.s.b.t.c.SpringBootTestContextBootstrapper - Found @SpringBootConfiguration com.safetynet.alerts.AlertsApplication for test class com.safetynet.alerts.JsonReadTests
2024-02-09 17:01:51.115 [main] INFO  com.safetynet.alerts.JsonReadTests - Starting JsonReadTests using Java 21 with PID 1196 (started by Pochi in C:\Users\Pochi\Documents\Projet5\alerts\alerts)
2024-02-09 17:01:51.116 [main] INFO  com.safetynet.alerts.JsonReadTests - No active profile set, falling back to 1 default profile: "default"
2024-02-09 17:01:52.910 [main] INFO  com.safetynet.alerts.JsonReadTests - Started JsonReadTests in 1.864 seconds (process running for 9.678)
2024-02-09 17:02:48.629 [main] INFO  com.safetynet.alerts.JsonReadTests - Starting JsonReadTests using Java 21 with PID 16788 (started by Pochi in C:\Users\Pochi\Documents\Projet5\alerts\alerts)
2024-02-09 17:02:48.632 [main] INFO  com.safetynet.alerts.JsonReadTests - No active profile set, falling back to 1 default profile: "default"
2024-02-09 17:02:51.307 [main] INFO  com.safetynet.alerts.JsonReadTests - Started JsonReadTests in 3.524 seconds (process running for 8.373)
2024-02-11 18:31:10.592 [main] INFO  com.safetynet.alerts.JsonReadTests - Starting JsonReadTests using Java 21 with PID 4900 (started by Pochi in C:\Users\Pochi\Documents\Projet5\alerts\alerts)
2024-02-11 18:31:10.595 [main] INFO  com.safetynet.alerts.JsonReadTests - No active profile set, falling back to 1 default profile: "default"
2024-02-11 18:31:13.532 [main] INFO  com.safetynet.alerts.JsonReadTests - Started JsonReadTests in 3.944 seconds (process running for 9.49)
2024-02-11 18:31:49.897 [main] INFO  com.safetynet.alerts.JsonReadTests - Starting JsonReadTests using Java 21 with PID 21000 (started by Pochi in C:\Users\Pochi\Documents\Projet5\alerts\alerts)
2024-02-11 18:31:49.904 [main] INFO  com.safetynet.alerts.JsonReadTests - No active profile set, falling back to 1 default profile: "default"
2024-02-11 18:31:53.190 [main] INFO  com.safetynet.alerts.JsonReadTests - Started JsonReadTests in 4.537 seconds (process running for 10.865)
2024-02-11 18:32:56.000 [main] INFO  com.safetynet.alerts.JsonReadTests - Starting JsonReadTests using Java 21 with PID 8048 (started by Pochi in C:\Users\Pochi\Documents\Projet5\alerts\alerts)
2024-02-11 18:32:56.004 [main] INFO  com.safetynet.alerts.JsonReadTests - No active profile set, falling back to 1 default profile: "default"
2024-02-11 18:32:58.699 [main] INFO  com.safetynet.alerts.JsonReadTests - Started JsonReadTests in 3.577 seconds (process running for 10.317)
2024-02-11 18:34:18.350 [main] INFO  com.safetynet.alerts.JsonReadTests - Starting JsonReadTests using Java 21 with PID 11696 (started by Pochi in C:\Users\Pochi\Documents\Projet5\alerts\alerts)
2024-02-11 18:34:18.354 [main] INFO  com.safetynet.alerts.JsonReadTests - No active profile set, falling back to 1 default profile: "default"
2024-02-11 18:34:21.308 [main] INFO  com.safetynet.alerts.JsonReadTests - Started JsonReadTests in 3.989 seconds (process running for 9.262)
2024-02-11 18:36:38.805 [main] INFO  com.safetynet.alerts.JsonReadTests - Starting JsonReadTests using Java 21 with PID 8332 (started by Pochi in C:\Users\Pochi\Documents\Projet5\alerts\alerts)
2024-02-11 18:36:38.807 [main] INFO  com.safetynet.alerts.JsonReadTests - No active profile set, falling back to 1 default profile: "default"
2024-02-11 18:36:41.688 [main] INFO  com.safetynet.alerts.JsonReadTests - Started JsonReadTests in 3.773 seconds (process running for 7.574)
2024-02-11 18:37:06.977 [main] INFO  com.safetynet.alerts.JsonReadTests - Starting JsonReadTests using Java 21 with PID 8148 (started by Pochi in C:\Users\Pochi\Documents\Projet5\alerts\alerts)
2024-02-11 18:37:06.981 [main] INFO  com.safetynet.alerts.JsonReadTests - No active profile set, falling back to 1 default profile: "default"
2024-02-11 18:37:09.765 [main] INFO  com.safetynet.alerts.JsonReadTests - Started JsonReadTests in 3.731 seconds (process running for 8.646)
2024-02-11 18:37:55.324 [main] INFO  com.safetynet.alerts.JsonReadTests - Starting JsonReadTests using Java 21 with PID 5288 (started by Pochi in C:\Users\Pochi\Documents\Projet5\alerts\alerts)
2024-02-11 18:37:55.328 [main] INFO  com.safetynet.alerts.JsonReadTests - No active profile set, falling back to 1 default profile: "default"
2024-02-11 18:37:57.822 [main] INFO  com.safetynet.alerts.JsonReadTests - Started JsonReadTests in 3.321 seconds (process running for 8.124)
2024-02-11 18:41:24.840 [main] INFO  c.s.alerts.AlertsApplicationTests - Starting AlertsApplicationTests using Java 21 with PID 13088 (started by Pochi in C:\Users\Pochi\Documents\Projet5\alerts\alerts)
2024-02-11 18:41:24.843 [main] INFO  c.s.alerts.AlertsApplicationTests - No active profile set, falling back to 1 default profile: "default"
2024-02-11 18:41:26.158 [main] WARN  o.s.w.c.s.GenericWebApplicationContext - Exception encountered during context initialization - cancelling refresh attempt: org.springframework.beans.factory.UnsatisfiedDependencyException: Error creating bean with name 'crudController': Unsatisfied dependency expressed through field 'jsonReader': No qualifying bean of type 'com.safetynet.alerts.model.JsonReader' available: expected at least 1 bean which qualifies as autowire candidate. Dependency annotations: {@org.springframework.beans.factory.annotation.Autowired(required=true)}
2024-02-11 18:41:26.175 [main] INFO  o.s.b.a.l.ConditionEvaluationReportLogger - 

Error starting ApplicationContext. To display the condition evaluation report re-run your application with 'debug' enabled.
2024-02-11 18:41:26.253 [main] ERROR o.s.b.d.LoggingFailureAnalysisReporter - 

***************************
APPLICATION FAILED TO START
***************************

Description:

Field jsonReader in com.safetynet.alerts.controller.CrudController required a bean of type 'com.safetynet.alerts.model.JsonReader' that could not be found.

The injection point has the following annotations:
	- @org.springframework.beans.factory.annotation.Autowired(required=true)


Action:

Consider defining a bean of type 'com.safetynet.alerts.model.JsonReader' in your configuration.

2024-02-11 18:41:26.265 [main] WARN  o.s.test.context.TestContextManager - Caught exception while allowing TestExecutionListener [org.springframework.test.context.support.DependencyInjectionTestExecutionListener] to prepare test instance [com.safetynet.alerts.AlertsApplicationTests@3e71a1f8]
java.lang.IllegalStateException: Failed to load ApplicationContext for [WebMergedContextConfiguration@1eb7ec59 testClass = com.safetynet.alerts.AlertsApplicationTests, locations = [], classes = [com.safetynet.alerts.AlertsApplication], contextInitializerClasses = [], activeProfiles = [], propertySourceDescriptors = [], propertySourceProperties = ["org.springframework.boot.test.autoconfigure.web.servlet.WebMvcTestContextBootstrapper=true"], contextCustomizers = [[ImportsContextCustomizer@46748b04 key = [org.springframework.boot.autoconfigure.task.TaskExecutionAutoConfiguration, org.springframework.boot.autoconfigure.cache.CacheAutoConfiguration, org.springframework.boot.autoconfigure.web.servlet.HttpEncodingAutoConfiguration, org.springframework.boot.autoconfigure.validation.ValidationAutoConfiguration, org.springframework.boot.autoconfigure.context.MessageSourceAutoConfiguration, org.springframework.boot.autoconfigure.hateoas.HypermediaAutoConfiguration, org.springframework.boot.autoconfigure.data.web.SpringDataWebAutoConfiguration, org.springframework.boot.autoconfigure.jackson.JacksonAutoConfiguration, org.springframework.boot.test.autoconfigure.web.reactive.WebTestClientAutoConfiguration, org.springframework.boot.autoconfigure.web.servlet.error.ErrorMvcAutoConfiguration, org.springframework.boot.test.autoconfigure.web.servlet.MockMvcAutoConfiguration, org.springframework.boot.autoconfigure.security.servlet.SecurityAutoConfiguration, org.springframework.boot.autoconfigure.security.servlet.SecurityFilterAutoConfiguration, org.springframework.boot.autoconfigure.http.HttpMessageConvertersAutoConfiguration, org.springframework.boot.autoconfigure.security.oauth2.client.servlet.OAuth2ClientAutoConfiguration, org.springframework.boot.test.autoconfigure.web.servlet.MockMvcSecurityConfiguration, org.springframework.boot.test.autoconfigure.web.servlet.MockMvcWebClientAutoConfiguration, org.springframework.boot.test.autoconfigure.web.servlet.MockMvcWebDriverAutoConfiguration, org.springframework.boot.autoconfigure.thymeleaf.ThymeleafAutoConfiguration, org.springframework.boot.autoconfigure.gson.GsonAutoConfiguration, org.springframework.boot.autoconfigure.jsonb.JsonbAutoConfiguration, org.springframework.boot.autoconfigure.freemarker.FreeMarkerAutoConfiguration, org.springframework.boot.autoconfigure.web.servlet.WebMvcAutoConfiguration, org.springframework.boot.autoconfigure.security.servlet.UserDetailsServiceAutoConfiguration, org.springframework.boot.autoconfigure.security.oauth2.resource.servlet.OAuth2ResourceServerAutoConfiguration, org.springframework.boot.autoconfigure.groovy.template.GroovyTemplateAutoConfiguration, org.springframework.boot.autoconfigure.mustache.MustacheAutoConfiguration]], org.springframework.boot.test.context.filter.ExcludeFilterContextCustomizer@9fecdf1, org.springframework.boot.test.json.DuplicateJsonObjectContextCustomizerFactory$DuplicateJsonObjectContextCustomizer@5c84624f, org.springframework.boot.test.mock.mockito.MockitoContextCustomizer@0, org.springframework.boot.test.autoconfigure.OverrideAutoConfigurationContextCustomizerFactory$DisableAutoConfigurationContextCustomizer@48d7ad8b, org.springframework.boot.test.autoconfigure.actuate.observability.ObservabilityContextCustomizerFactory$DisableObservabilityContextCustomizer@1f, org.springframework.boot.test.autoconfigure.filter.TypeExcludeFiltersContextCustomizer@d56449f5, org.springframework.boot.test.autoconfigure.properties.PropertyMappingContextCustomizer@1247907c, org.springframework.boot.test.autoconfigure.web.servlet.WebDriverContextCustomizer@538cd0f2, org.springframework.boot.test.context.SpringBootTestAnnotation@a58146f4], resourceBasePath = "src/main/webapp", contextLoader = org.springframework.boot.test.context.SpringBootContextLoader, parent = null]
	at org.springframework.test.context.cache.DefaultCacheAwareContextLoaderDelegate.loadContext(DefaultCacheAwareContextLoaderDelegate.java:180)
	at org.springframework.test.context.support.DefaultTestContext.getApplicationContext(DefaultTestContext.java:130)
	at org.springframework.test.context.support.DependencyInjectionTestExecutionListener.injectDependencies(DependencyInjectionTestExecutionListener.java:141)
	at org.springframework.test.context.support.DependencyInjectionTestExecutionListener.prepareTestInstance(DependencyInjectionTestExecutionListener.java:97)
	at org.springframework.test.context.TestContextManager.prepareTestInstance(TestContextManager.java:260)
	at org.springframework.test.context.junit.jupiter.SpringExtension.postProcessTestInstance(SpringExtension.java:163)
	at org.junit.jupiter.engine.descriptor.ClassBasedTestDescriptor.lambda$invokeTestInstancePostProcessors$10(ClassBasedTestDescriptor.java:378)
	at org.junit.jupiter.engine.descriptor.ClassBasedTestDescriptor.executeAndMaskThrowable(ClassBasedTestDescriptor.java:383)
	at org.junit.jupiter.engine.descriptor.ClassBasedTestDescriptor.lambda$invokeTestInstancePostProcessors$11(ClassBasedTestDescriptor.java:378)
	at java.base/java.util.stream.ReferencePipeline$3$1.accept(ReferencePipeline.java:197)
	at java.base/java.util.stream.ReferencePipeline$2$1.accept(ReferencePipeline.java:179)
	at java.base/java.util.ArrayList$ArrayListSpliterator.forEachRemaining(ArrayList.java:1708)
	at java.base/java.util.stream.AbstractPipeline.copyInto(AbstractPipeline.java:509)
	at java.base/java.util.stream.AbstractPipeline.wrapAndCopyInto(AbstractPipeline.java:499)
	at java.base/java.util.stream.StreamSpliterators$WrappingSpliterator.forEachRemaining(StreamSpliterators.java:310)
	at java.base/java.util.stream.Streams$ConcatSpliterator.forEachRemaining(Streams.java:735)
	at java.base/java.util.stream.Streams$ConcatSpliterator.forEachRemaining(Streams.java:734)
	at java.base/java.util.stream.ReferencePipeline$Head.forEach(ReferencePipeline.java:762)
	at org.junit.jupiter.engine.descriptor.ClassBasedTestDescriptor.invokeTestInstancePostProcessors(ClassBasedTestDescriptor.java:377)
	at org.junit.jupiter.engine.descriptor.ClassBasedTestDescriptor.lambda$instantiateAndPostProcessTestInstance$6(ClassBasedTestDescriptor.java:290)
	at org.junit.platform.engine.support.hierarchical.ThrowableCollector.execute(ThrowableCollector.java:73)
	at org.junit.jupiter.engine.descriptor.ClassBasedTestDescriptor.instantiateAndPostProcessTestInstance(ClassBasedTestDescriptor.java:289)
	at org.junit.jupiter.engine.descriptor.ClassBasedTestDescriptor.lambda$testInstancesProvider$4(ClassBasedTestDescriptor.java:279)
	at java.base/java.util.Optional.orElseGet(Optional.java:364)
	at org.junit.jupiter.engine.descriptor.ClassBasedTestDescriptor.lambda$testInstancesProvider$5(ClassBasedTestDescriptor.java:278)
	at org.junit.jupiter.engine.execution.TestInstancesProvider.getTestInstances(TestInstancesProvider.java:31)
	at org.junit.jupiter.engine.descriptor.TestMethodTestDescriptor.lambda$prepare$0(TestMethodTestDescriptor.java:106)
	at org.junit.platform.engine.support.hierarchical.ThrowableCollector.execute(ThrowableCollector.java:73)
	at org.junit.jupiter.engine.descriptor.TestMethodTestDescriptor.prepare(TestMethodTestDescriptor.java:105)
	at org.junit.jupiter.engine.descriptor.TestMethodTestDescriptor.prepare(TestMethodTestDescriptor.java:69)
	at org.junit.platform.engine.support.hierarchical.NodeTestTask.lambda$prepare$2(NodeTestTask.java:123)
	at org.junit.platform.engine.support.hierarchical.ThrowableCollector.execute(ThrowableCollector.java:73)
	at org.junit.platform.engine.support.hierarchical.NodeTestTask.prepare(NodeTestTask.java:123)
	at org.junit.platform.engine.support.hierarchical.NodeTestTask.execute(NodeTestTask.java:90)
	at java.base/java.util.ArrayList.forEach(ArrayList.java:1596)
	at org.junit.platform.engine.support.hierarchical.SameThreadHierarchicalTestExecutorService.invokeAll(SameThreadHierarchicalTestExecutorService.java:41)
	at org.junit.platform.engine.support.hierarchical.NodeTestTask.lambda$executeRecursively$6(NodeTestTask.java:155)
	at org.junit.platform.engine.support.hierarchical.ThrowableCollector.execute(ThrowableCollector.java:73)
	at org.junit.platform.engine.support.hierarchical.NodeTestTask.lambda$executeRecursively$8(NodeTestTask.java:141)
	at org.junit.platform.engine.support.hierarchical.Node.around(Node.java:137)
	at org.junit.platform.engine.support.hierarchical.NodeTestTask.lambda$executeRecursively$9(NodeTestTask.java:139)
	at org.junit.platform.engine.support.hierarchical.ThrowableCollector.execute(ThrowableCollector.java:73)
	at org.junit.platform.engine.support.hierarchical.NodeTestTask.executeRecursively(NodeTestTask.java:138)
	at org.junit.platform.engine.support.hierarchical.NodeTestTask.execute(NodeTestTask.java:95)
	at java.base/java.util.ArrayList.forEach(ArrayList.java:1596)
	at org.junit.platform.engine.support.hierarchical.SameThreadHierarchicalTestExecutorService.invokeAll(SameThreadHierarchicalTestExecutorService.java:41)
	at org.junit.platform.engine.support.hierarchical.NodeTestTask.lambda$executeRecursively$6(NodeTestTask.java:155)
	at org.junit.platform.engine.support.hierarchical.ThrowableCollector.execute(ThrowableCollector.java:73)
	at org.junit.platform.engine.support.hierarchical.NodeTestTask.lambda$executeRecursively$8(NodeTestTask.java:141)
	at org.junit.platform.engine.support.hierarchical.Node.around(Node.java:137)
	at org.junit.platform.engine.support.hierarchical.NodeTestTask.lambda$executeRecursively$9(NodeTestTask.java:139)
	at org.junit.platform.engine.support.hierarchical.ThrowableCollector.execute(ThrowableCollector.java:73)
	at org.junit.platform.engine.support.hierarchical.NodeTestTask.executeRecursively(NodeTestTask.java:138)
	at org.junit.platform.engine.support.hierarchical.NodeTestTask.execute(NodeTestTask.java:95)
	at org.junit.platform.engine.support.hierarchical.SameThreadHierarchicalTestExecutorService.submit(SameThreadHierarchicalTestExecutorService.java:35)
	at org.junit.platform.engine.support.hierarchical.HierarchicalTestExecutor.execute(HierarchicalTestExecutor.java:57)
	at org.junit.platform.engine.support.hierarchical.HierarchicalTestEngine.execute(HierarchicalTestEngine.java:54)
	at org.junit.platform.launcher.core.DefaultLauncher.execute(DefaultLauncher.java:220)
	at org.junit.platform.launcher.core.DefaultLauncher.lambda$execute$6(DefaultLauncher.java:188)
	at org.junit.platform.launcher.core.DefaultLauncher.withInterceptedStreams(DefaultLauncher.java:202)
	at org.junit.platform.launcher.core.DefaultLauncher.execute(DefaultLauncher.java:181)
	at org.junit.platform.launcher.core.DefaultLauncher.execute(DefaultLauncher.java:128)
	at org.junit.platform.surefire.provider.JUnitPlatformProvider.invokeAllTests(JUnitPlatformProvider.java:155)
	at org.junit.platform.surefire.provider.JUnitPlatformProvider.invoke(JUnitPlatformProvider.java:134)
	at org.apache.maven.surefire.booter.ForkedBooter.invokeProviderInSameClassLoader(ForkedBooter.java:383)
	at org.apache.maven.surefire.booter.ForkedBooter.runSuitesInProcess(ForkedBooter.java:344)
	at org.apache.maven.surefire.booter.ForkedBooter.execute(ForkedBooter.java:125)
	at org.apache.maven.surefire.booter.ForkedBooter.main(ForkedBooter.java:417)
Caused by: org.springframework.beans.factory.UnsatisfiedDependencyException: Error creating bean with name 'crudController': Unsatisfied dependency expressed through field 'jsonReader': No qualifying bean of type 'com.safetynet.alerts.model.JsonReader' available: expected at least 1 bean which qualifies as autowire candidate. Dependency annotations: {@org.springframework.beans.factory.annotation.Autowired(required=true)}
	at org.springframework.beans.factory.annotation.AutowiredAnnotationBeanPostProcessor$AutowiredFieldElement.resolveFieldValue(AutowiredAnnotationBeanPostProcessor.java:787)
	at org.springframework.beans.factory.annotation.AutowiredAnnotationBeanPostProcessor$AutowiredFieldElement.inject(AutowiredAnnotationBeanPostProcessor.java:767)
	at org.springframework.beans.factory.annotation.InjectionMetadata.inject(InjectionMetadata.java:145)
	at org.springframework.beans.factory.annotation.AutowiredAnnotationBeanPostProcessor.postProcessProperties(AutowiredAnnotationBeanPostProcessor.java:508)
	at org.springframework.beans.factory.support.AbstractAutowireCapableBeanFactory.populateBean(AbstractAutowireCapableBeanFactory.java:1418)
	at org.springframework.beans.factory.support.AbstractAutowireCapableBeanFactory.doCreateBean(AbstractAutowireCapableBeanFactory.java:598)
	at org.springframework.beans.factory.support.AbstractAutowireCapableBeanFactory.createBean(AbstractAutowireCapableBeanFactory.java:521)
	at org.springframework.beans.factory.support.AbstractBeanFactory.lambda$doGetBean$0(AbstractBeanFactory.java:325)
	at org.springframework.beans.factory.support.DefaultSingletonBeanRegistry.getSingleton(DefaultSingletonBeanRegistry.java:234)
	at org.springframework.beans.factory.support.AbstractBeanFactory.doGetBean(AbstractBeanFactory.java:323)
	at org.springframework.beans.factory.support.AbstractBeanFactory.getBean(AbstractBeanFactory.java:199)
	at org.springframework.beans.factory.support.DefaultListableBeanFactory.preInstantiateSingletons(DefaultListableBeanFactory.java:975)
	at org.springframework.context.support.AbstractApplicationContext.finishBeanFactoryInitialization(AbstractApplicationContext.java:960)
	at org.springframework.context.support.AbstractApplicationContext.refresh(AbstractApplicationContext.java:625)
	at org.springframework.boot.SpringApplication.refresh(SpringApplication.java:762)
	at org.springframework.boot.SpringApplication.refreshContext(SpringApplication.java:464)
	at org.springframework.boot.SpringApplication.run(SpringApplication.java:334)
	at org.springframework.boot.test.context.SpringBootContextLoader.lambda$loadContext$3(SpringBootContextLoader.java:137)
	at org.springframework.util.function.ThrowingSupplier.get(ThrowingSupplier.java:58)
	at org.springframework.util.function.ThrowingSupplier.get(ThrowingSupplier.java:46)
	at org.springframework.boot.SpringApplication.withHook(SpringApplication.java:1458)
	at org.springframework.boot.test.context.SpringBootContextLoader$ContextLoaderHook.run(SpringBootContextLoader.java:552)
	at org.springframework.boot.test.context.SpringBootContextLoader.loadContext(SpringBootContextLoader.java:137)
	at org.springframework.boot.test.context.SpringBootContextLoader.loadContext(SpringBootContextLoader.java:108)
	at org.springframework.test.context.cache.DefaultCacheAwareContextLoaderDelegate.loadContextInternal(DefaultCacheAwareContextLoaderDelegate.java:225)
	at org.springframework.test.context.cache.DefaultCacheAwareContextLoaderDelegate.loadContext(DefaultCacheAwareContextLoaderDelegate.java:152)
	... 67 common frames omitted
Caused by: org.springframework.beans.factory.NoSuchBeanDefinitionException: No qualifying bean of type 'com.safetynet.alerts.model.JsonReader' available: expected at least 1 bean which qualifies as autowire candidate. Dependency annotations: {@org.springframework.beans.factory.annotation.Autowired(required=true)}
	at org.springframework.beans.factory.support.DefaultListableBeanFactory.raiseNoMatchingBeanFound(DefaultListableBeanFactory.java:1880)
	at org.springframework.beans.factory.support.DefaultListableBeanFactory.doResolveDependency(DefaultListableBeanFactory.java:1406)
	at org.springframework.beans.factory.support.DefaultListableBeanFactory.resolveDependency(DefaultListableBeanFactory.java:1353)
	at org.springframework.beans.factory.annotation.AutowiredAnnotationBeanPostProcessor$AutowiredFieldElement.resolveFieldValue(AutowiredAnnotationBeanPostProcessor.java:784)
	... 92 common frames omitted
2024-02-11 18:41:26.327 [main] INFO  o.s.t.c.s.AnnotationConfigContextLoaderUtils - Could not detect default configuration classes for test class [com.safetynet.alerts.JsonReadTests]: JsonReadTests does not declare any static, non-private, non-final, nested classes annotated with @Configuration.
2024-02-11 18:41:26.333 [main] INFO  o.s.b.t.c.SpringBootTestContextBootstrapper - Found @SpringBootConfiguration com.safetynet.alerts.AlertsApplication for test class com.safetynet.alerts.JsonReadTests
2024-02-11 18:41:26.409 [main] INFO  com.safetynet.alerts.JsonReadTests - Starting JsonReadTests using Java 21 with PID 13088 (started by Pochi in C:\Users\Pochi\Documents\Projet5\alerts\alerts)
2024-02-11 18:41:26.410 [main] INFO  com.safetynet.alerts.JsonReadTests - No active profile set, falling back to 1 default profile: "default"
2024-02-11 18:41:28.142 [main] INFO  com.safetynet.alerts.JsonReadTests - Started JsonReadTests in 1.792 seconds (process running for 7.525)
2024-02-11 18:42:30.894 [main] INFO  c.s.alerts.AlertsApplicationTests - Starting AlertsApplicationTests using Java 21 with PID 20308 (started by Pochi in C:\Users\Pochi\Documents\Projet5\alerts\alerts)
2024-02-11 18:42:30.897 [main] INFO  c.s.alerts.AlertsApplicationTests - No active profile set, falling back to 1 default profile: "default"
2024-02-11 18:42:32.194 [main] WARN  o.s.w.c.s.GenericWebApplicationContext - Exception encountered during context initialization - cancelling refresh attempt: org.springframework.beans.factory.UnsatisfiedDependencyException: Error creating bean with name 'testController': Unsatisfied dependency expressed through field 'jsonReader': No qualifying bean of type 'com.safetynet.alerts.model.JsonReader' available: expected at least 1 bean which qualifies as autowire candidate. Dependency annotations: {@org.springframework.beans.factory.annotation.Autowired(required=true)}
2024-02-11 18:42:32.207 [main] INFO  o.s.b.a.l.ConditionEvaluationReportLogger - 

Error starting ApplicationContext. To display the condition evaluation report re-run your application with 'debug' enabled.
2024-02-11 18:42:32.286 [main] ERROR o.s.b.d.LoggingFailureAnalysisReporter - 

***************************
APPLICATION FAILED TO START
***************************

Description:

Field jsonReader in com.safetynet.alerts.controller.TestController required a bean of type 'com.safetynet.alerts.model.JsonReader' that could not be found.

The injection point has the following annotations:
	- @org.springframework.beans.factory.annotation.Autowired(required=true)


Action:

Consider defining a bean of type 'com.safetynet.alerts.model.JsonReader' in your configuration.

2024-02-11 18:42:32.305 [main] WARN  o.s.test.context.TestContextManager - Caught exception while allowing TestExecutionListener [org.springframework.test.context.support.DependencyInjectionTestExecutionListener] to prepare test instance [com.safetynet.alerts.AlertsApplicationTests@7ebfe01a]
java.lang.IllegalStateException: Failed to load ApplicationContext for [WebMergedContextConfiguration@7c5d36c3 testClass = com.safetynet.alerts.AlertsApplicationTests, locations = [], classes = [com.safetynet.alerts.AlertsApplication], contextInitializerClasses = [], activeProfiles = [], propertySourceDescriptors = [], propertySourceProperties = ["org.springframework.boot.test.autoconfigure.web.servlet.WebMvcTestContextBootstrapper=true"], contextCustomizers = [[ImportsContextCustomizer@31de27c key = [org.springframework.boot.autoconfigure.task.TaskExecutionAutoConfiguration, org.springframework.boot.autoconfigure.cache.CacheAutoConfiguration, org.springframework.boot.autoconfigure.web.servlet.HttpEncodingAutoConfiguration, org.springframework.boot.autoconfigure.validation.ValidationAutoConfiguration, org.springframework.boot.autoconfigure.context.MessageSourceAutoConfiguration, org.springframework.boot.autoconfigure.hateoas.HypermediaAutoConfiguration, org.springframework.boot.autoconfigure.data.web.SpringDataWebAutoConfiguration, org.springframework.boot.autoconfigure.jackson.JacksonAutoConfiguration, org.springframework.boot.test.autoconfigure.web.reactive.WebTestClientAutoConfiguration, org.springframework.boot.autoconfigure.web.servlet.error.ErrorMvcAutoConfiguration, org.springframework.boot.test.autoconfigure.web.servlet.MockMvcAutoConfiguration, org.springframework.boot.autoconfigure.security.servlet.SecurityAutoConfiguration, org.springframework.boot.autoconfigure.security.servlet.SecurityFilterAutoConfiguration, org.springframework.boot.autoconfigure.http.HttpMessageConvertersAutoConfiguration, org.springframework.boot.autoconfigure.security.oauth2.client.servlet.OAuth2ClientAutoConfiguration, org.springframework.boot.test.autoconfigure.web.servlet.MockMvcSecurityConfiguration, org.springframework.boot.test.autoconfigure.web.servlet.MockMvcWebClientAutoConfiguration, org.springframework.boot.test.autoconfigure.web.servlet.MockMvcWebDriverAutoConfiguration, org.springframework.boot.autoconfigure.thymeleaf.ThymeleafAutoConfiguration, org.springframework.boot.autoconfigure.gson.GsonAutoConfiguration, org.springframework.boot.autoconfigure.jsonb.JsonbAutoConfiguration, org.springframework.boot.autoconfigure.freemarker.FreeMarkerAutoConfiguration, org.springframework.boot.autoconfigure.web.servlet.WebMvcAutoConfiguration, org.springframework.boot.autoconfigure.security.servlet.UserDetailsServiceAutoConfiguration, org.springframework.boot.autoconfigure.security.oauth2.resource.servlet.OAuth2ResourceServerAutoConfiguration, org.springframework.boot.autoconfigure.groovy.template.GroovyTemplateAutoConfiguration, org.springframework.boot.autoconfigure.mustache.MustacheAutoConfiguration]], org.springframework.boot.test.context.filter.ExcludeFilterContextCustomizer@777c9dc9, org.springframework.boot.test.json.DuplicateJsonObjectContextCustomizerFactory$DuplicateJsonObjectContextCustomizer@2472c7d8, org.springframework.boot.test.mock.mockito.MockitoContextCustomizer@0, org.springframework.boot.test.autoconfigure.OverrideAutoConfigurationContextCustomizerFactory$DisableAutoConfigurationContextCustomizer@3e681bc, org.springframework.boot.test.autoconfigure.actuate.observability.ObservabilityContextCustomizerFactory$DisableObservabilityContextCustomizer@1f, org.springframework.boot.test.autoconfigure.filter.TypeExcludeFiltersContextCustomizer@4574820d, org.springframework.boot.test.autoconfigure.properties.PropertyMappingContextCustomizer@33077d81, org.springframework.boot.test.autoconfigure.web.servlet.WebDriverContextCustomizer@680362a, org.springframework.boot.test.context.SpringBootTestAnnotation@9af345ee], resourceBasePath = "src/main/webapp", contextLoader = org.springframework.boot.test.context.SpringBootContextLoader, parent = null]
	at org.springframework.test.context.cache.DefaultCacheAwareContextLoaderDelegate.loadContext(DefaultCacheAwareContextLoaderDelegate.java:180)
	at org.springframework.test.context.support.DefaultTestContext.getApplicationContext(DefaultTestContext.java:130)
	at org.springframework.test.context.support.DependencyInjectionTestExecutionListener.injectDependencies(DependencyInjectionTestExecutionListener.java:141)
	at org.springframework.test.context.support.DependencyInjectionTestExecutionListener.prepareTestInstance(DependencyInjectionTestExecutionListener.java:97)
	at org.springframework.test.context.TestContextManager.prepareTestInstance(TestContextManager.java:260)
	at org.springframework.test.context.junit.jupiter.SpringExtension.postProcessTestInstance(SpringExtension.java:163)
	at org.junit.jupiter.engine.descriptor.ClassBasedTestDescriptor.lambda$invokeTestInstancePostProcessors$10(ClassBasedTestDescriptor.java:378)
	at org.junit.jupiter.engine.descriptor.ClassBasedTestDescriptor.executeAndMaskThrowable(ClassBasedTestDescriptor.java:383)
	at org.junit.jupiter.engine.descriptor.ClassBasedTestDescriptor.lambda$invokeTestInstancePostProcessors$11(ClassBasedTestDescriptor.java:378)
	at java.base/java.util.stream.ReferencePipeline$3$1.accept(ReferencePipeline.java:197)
	at java.base/java.util.stream.ReferencePipeline$2$1.accept(ReferencePipeline.java:179)
	at java.base/java.util.ArrayList$ArrayListSpliterator.forEachRemaining(ArrayList.java:1708)
	at java.base/java.util.stream.AbstractPipeline.copyInto(AbstractPipeline.java:509)
	at java.base/java.util.stream.AbstractPipeline.wrapAndCopyInto(AbstractPipeline.java:499)
	at java.base/java.util.stream.StreamSpliterators$WrappingSpliterator.forEachRemaining(StreamSpliterators.java:310)
	at java.base/java.util.stream.Streams$ConcatSpliterator.forEachRemaining(Streams.java:735)
	at java.base/java.util.stream.Streams$ConcatSpliterator.forEachRemaining(Streams.java:734)
	at java.base/java.util.stream.ReferencePipeline$Head.forEach(ReferencePipeline.java:762)
	at org.junit.jupiter.engine.descriptor.ClassBasedTestDescriptor.invokeTestInstancePostProcessors(ClassBasedTestDescriptor.java:377)
	at org.junit.jupiter.engine.descriptor.ClassBasedTestDescriptor.lambda$instantiateAndPostProcessTestInstance$6(ClassBasedTestDescriptor.java:290)
	at org.junit.platform.engine.support.hierarchical.ThrowableCollector.execute(ThrowableCollector.java:73)
	at org.junit.jupiter.engine.descriptor.ClassBasedTestDescriptor.instantiateAndPostProcessTestInstance(ClassBasedTestDescriptor.java:289)
	at org.junit.jupiter.engine.descriptor.ClassBasedTestDescriptor.lambda$testInstancesProvider$4(ClassBasedTestDescriptor.java:279)
	at java.base/java.util.Optional.orElseGet(Optional.java:364)
	at org.junit.jupiter.engine.descriptor.ClassBasedTestDescriptor.lambda$testInstancesProvider$5(ClassBasedTestDescriptor.java:278)
	at org.junit.jupiter.engine.execution.TestInstancesProvider.getTestInstances(TestInstancesProvider.java:31)
	at org.junit.jupiter.engine.descriptor.TestMethodTestDescriptor.lambda$prepare$0(TestMethodTestDescriptor.java:106)
	at org.junit.platform.engine.support.hierarchical.ThrowableCollector.execute(ThrowableCollector.java:73)
	at org.junit.jupiter.engine.descriptor.TestMethodTestDescriptor.prepare(TestMethodTestDescriptor.java:105)
	at org.junit.jupiter.engine.descriptor.TestMethodTestDescriptor.prepare(TestMethodTestDescriptor.java:69)
	at org.junit.platform.engine.support.hierarchical.NodeTestTask.lambda$prepare$2(NodeTestTask.java:123)
	at org.junit.platform.engine.support.hierarchical.ThrowableCollector.execute(ThrowableCollector.java:73)
	at org.junit.platform.engine.support.hierarchical.NodeTestTask.prepare(NodeTestTask.java:123)
	at org.junit.platform.engine.support.hierarchical.NodeTestTask.execute(NodeTestTask.java:90)
	at java.base/java.util.ArrayList.forEach(ArrayList.java:1596)
	at org.junit.platform.engine.support.hierarchical.SameThreadHierarchicalTestExecutorService.invokeAll(SameThreadHierarchicalTestExecutorService.java:41)
	at org.junit.platform.engine.support.hierarchical.NodeTestTask.lambda$executeRecursively$6(NodeTestTask.java:155)
	at org.junit.platform.engine.support.hierarchical.ThrowableCollector.execute(ThrowableCollector.java:73)
	at org.junit.platform.engine.support.hierarchical.NodeTestTask.lambda$executeRecursively$8(NodeTestTask.java:141)
	at org.junit.platform.engine.support.hierarchical.Node.around(Node.java:137)
	at org.junit.platform.engine.support.hierarchical.NodeTestTask.lambda$executeRecursively$9(NodeTestTask.java:139)
	at org.junit.platform.engine.support.hierarchical.ThrowableCollector.execute(ThrowableCollector.java:73)
	at org.junit.platform.engine.support.hierarchical.NodeTestTask.executeRecursively(NodeTestTask.java:138)
	at org.junit.platform.engine.support.hierarchical.NodeTestTask.execute(NodeTestTask.java:95)
	at java.base/java.util.ArrayList.forEach(ArrayList.java:1596)
	at org.junit.platform.engine.support.hierarchical.SameThreadHierarchicalTestExecutorService.invokeAll(SameThreadHierarchicalTestExecutorService.java:41)
	at org.junit.platform.engine.support.hierarchical.NodeTestTask.lambda$executeRecursively$6(NodeTestTask.java:155)
	at org.junit.platform.engine.support.hierarchical.ThrowableCollector.execute(ThrowableCollector.java:73)
	at org.junit.platform.engine.support.hierarchical.NodeTestTask.lambda$executeRecursively$8(NodeTestTask.java:141)
	at org.junit.platform.engine.support.hierarchical.Node.around(Node.java:137)
	at org.junit.platform.engine.support.hierarchical.NodeTestTask.lambda$executeRecursively$9(NodeTestTask.java:139)
	at org.junit.platform.engine.support.hierarchical.ThrowableCollector.execute(ThrowableCollector.java:73)
	at org.junit.platform.engine.support.hierarchical.NodeTestTask.executeRecursively(NodeTestTask.java:138)
	at org.junit.platform.engine.support.hierarchical.NodeTestTask.execute(NodeTestTask.java:95)
	at org.junit.platform.engine.support.hierarchical.SameThreadHierarchicalTestExecutorService.submit(SameThreadHierarchicalTestExecutorService.java:35)
	at org.junit.platform.engine.support.hierarchical.HierarchicalTestExecutor.execute(HierarchicalTestExecutor.java:57)
	at org.junit.platform.engine.support.hierarchical.HierarchicalTestEngine.execute(HierarchicalTestEngine.java:54)
	at org.junit.platform.launcher.core.DefaultLauncher.execute(DefaultLauncher.java:220)
	at org.junit.platform.launcher.core.DefaultLauncher.lambda$execute$6(DefaultLauncher.java:188)
	at org.junit.platform.launcher.core.DefaultLauncher.withInterceptedStreams(DefaultLauncher.java:202)
	at org.junit.platform.launcher.core.DefaultLauncher.execute(DefaultLauncher.java:181)
	at org.junit.platform.launcher.core.DefaultLauncher.execute(DefaultLauncher.java:128)
	at org.junit.platform.surefire.provider.JUnitPlatformProvider.invokeAllTests(JUnitPlatformProvider.java:155)
	at org.junit.platform.surefire.provider.JUnitPlatformProvider.invoke(JUnitPlatformProvider.java:134)
	at org.apache.maven.surefire.booter.ForkedBooter.invokeProviderInSameClassLoader(ForkedBooter.java:383)
	at org.apache.maven.surefire.booter.ForkedBooter.runSuitesInProcess(ForkedBooter.java:344)
	at org.apache.maven.surefire.booter.ForkedBooter.execute(ForkedBooter.java:125)
	at org.apache.maven.surefire.booter.ForkedBooter.main(ForkedBooter.java:417)
Caused by: org.springframework.beans.factory.UnsatisfiedDependencyException: Error creating bean with name 'testController': Unsatisfied dependency expressed through field 'jsonReader': No qualifying bean of type 'com.safetynet.alerts.model.JsonReader' available: expected at least 1 bean which qualifies as autowire candidate. Dependency annotations: {@org.springframework.beans.factory.annotation.Autowired(required=true)}
	at org.springframework.beans.factory.annotation.AutowiredAnnotationBeanPostProcessor$AutowiredFieldElement.resolveFieldValue(AutowiredAnnotationBeanPostProcessor.java:787)
	at org.springframework.beans.factory.annotation.AutowiredAnnotationBeanPostProcessor$AutowiredFieldElement.inject(AutowiredAnnotationBeanPostProcessor.java:767)
	at org.springframework.beans.factory.annotation.InjectionMetadata.inject(InjectionMetadata.java:145)
	at org.springframework.beans.factory.annotation.AutowiredAnnotationBeanPostProcessor.postProcessProperties(AutowiredAnnotationBeanPostProcessor.java:508)
	at org.springframework.beans.factory.support.AbstractAutowireCapableBeanFactory.populateBean(AbstractAutowireCapableBeanFactory.java:1418)
	at org.springframework.beans.factory.support.AbstractAutowireCapableBeanFactory.doCreateBean(AbstractAutowireCapableBeanFactory.java:598)
	at org.springframework.beans.factory.support.AbstractAutowireCapableBeanFactory.createBean(AbstractAutowireCapableBeanFactory.java:521)
	at org.springframework.beans.factory.support.AbstractBeanFactory.lambda$doGetBean$0(AbstractBeanFactory.java:325)
	at org.springframework.beans.factory.support.DefaultSingletonBeanRegistry.getSingleton(DefaultSingletonBeanRegistry.java:234)
	at org.springframework.beans.factory.support.AbstractBeanFactory.doGetBean(AbstractBeanFactory.java:323)
	at org.springframework.beans.factory.support.AbstractBeanFactory.getBean(AbstractBeanFactory.java:199)
	at org.springframework.beans.factory.support.DefaultListableBeanFactory.preInstantiateSingletons(DefaultListableBeanFactory.java:975)
	at org.springframework.context.support.AbstractApplicationContext.finishBeanFactoryInitialization(AbstractApplicationContext.java:960)
	at org.springframework.context.support.AbstractApplicationContext.refresh(AbstractApplicationContext.java:625)
	at org.springframework.boot.SpringApplication.refresh(SpringApplication.java:762)
	at org.springframework.boot.SpringApplication.refreshContext(SpringApplication.java:464)
	at org.springframework.boot.SpringApplication.run(SpringApplication.java:334)
	at org.springframework.boot.test.context.SpringBootContextLoader.lambda$loadContext$3(SpringBootContextLoader.java:137)
	at org.springframework.util.function.ThrowingSupplier.get(ThrowingSupplier.java:58)
	at org.springframework.util.function.ThrowingSupplier.get(ThrowingSupplier.java:46)
	at org.springframework.boot.SpringApplication.withHook(SpringApplication.java:1458)
	at org.springframework.boot.test.context.SpringBootContextLoader$ContextLoaderHook.run(SpringBootContextLoader.java:552)
	at org.springframework.boot.test.context.SpringBootContextLoader.loadContext(SpringBootContextLoader.java:137)
	at org.springframework.boot.test.context.SpringBootContextLoader.loadContext(SpringBootContextLoader.java:108)
	at org.springframework.test.context.cache.DefaultCacheAwareContextLoaderDelegate.loadContextInternal(DefaultCacheAwareContextLoaderDelegate.java:225)
	at org.springframework.test.context.cache.DefaultCacheAwareContextLoaderDelegate.loadContext(DefaultCacheAwareContextLoaderDelegate.java:152)
	... 67 common frames omitted
Caused by: org.springframework.beans.factory.NoSuchBeanDefinitionException: No qualifying bean of type 'com.safetynet.alerts.model.JsonReader' available: expected at least 1 bean which qualifies as autowire candidate. Dependency annotations: {@org.springframework.beans.factory.annotation.Autowired(required=true)}
	at org.springframework.beans.factory.support.DefaultListableBeanFactory.raiseNoMatchingBeanFound(DefaultListableBeanFactory.java:1880)
	at org.springframework.beans.factory.support.DefaultListableBeanFactory.doResolveDependency(DefaultListableBeanFactory.java:1406)
	at org.springframework.beans.factory.support.DefaultListableBeanFactory.resolveDependency(DefaultListableBeanFactory.java:1353)
	at org.springframework.beans.factory.annotation.AutowiredAnnotationBeanPostProcessor$AutowiredFieldElement.resolveFieldValue(AutowiredAnnotationBeanPostProcessor.java:784)
	... 92 common frames omitted
2024-02-11 18:42:32.378 [main] INFO  o.s.t.c.s.AnnotationConfigContextLoaderUtils - Could not detect default configuration classes for test class [com.safetynet.alerts.JsonReadTests]: JsonReadTests does not declare any static, non-private, non-final, nested classes annotated with @Configuration.
2024-02-11 18:42:32.385 [main] INFO  o.s.b.t.c.SpringBootTestContextBootstrapper - Found @SpringBootConfiguration com.safetynet.alerts.AlertsApplication for test class com.safetynet.alerts.JsonReadTests
2024-02-11 18:42:32.479 [main] INFO  com.safetynet.alerts.JsonReadTests - Starting JsonReadTests using Java 21 with PID 20308 (started by Pochi in C:\Users\Pochi\Documents\Projet5\alerts\alerts)
2024-02-11 18:42:32.480 [main] INFO  com.safetynet.alerts.JsonReadTests - No active profile set, falling back to 1 default profile: "default"
2024-02-11 18:42:34.046 [main] INFO  com.safetynet.alerts.JsonReadTests - Started JsonReadTests in 1.642 seconds (process running for 6.673)
2024-02-11 18:44:28.032 [main] INFO  c.s.alerts.AlertsApplicationTests - Starting AlertsApplicationTests using Java 21 with PID 8664 (started by Pochi in C:\Users\Pochi\Documents\Projet5\alerts\alerts)
2024-02-11 18:44:28.036 [main] INFO  c.s.alerts.AlertsApplicationTests - No active profile set, falling back to 1 default profile: "default"
2024-02-11 18:44:29.372 [main] WARN  o.s.w.c.s.GenericWebApplicationContext - Exception encountered during context initialization - cancelling refresh attempt: org.springframework.beans.factory.UnsatisfiedDependencyException: Error creating bean with name 'testController': Unsatisfied dependency expressed through field 'jsonReader': No qualifying bean of type 'com.safetynet.alerts.model.JsonReader' available: expected at least 1 bean which qualifies as autowire candidate. Dependency annotations: {@org.springframework.beans.factory.annotation.Autowired(required=true)}
2024-02-11 18:44:29.387 [main] INFO  o.s.b.a.l.ConditionEvaluationReportLogger - 

Error starting ApplicationContext. To display the condition evaluation report re-run your application with 'debug' enabled.
2024-02-11 18:44:29.446 [main] ERROR o.s.b.d.LoggingFailureAnalysisReporter - 

***************************
APPLICATION FAILED TO START
***************************

Description:

Field jsonReader in com.safetynet.alerts.controller.TestController required a bean of type 'com.safetynet.alerts.model.JsonReader' that could not be found.

The injection point has the following annotations:
	- @org.springframework.beans.factory.annotation.Autowired(required=true)


Action:

Consider defining a bean of type 'com.safetynet.alerts.model.JsonReader' in your configuration.

2024-02-11 18:44:29.459 [main] WARN  o.s.test.context.TestContextManager - Caught exception while allowing TestExecutionListener [org.springframework.test.context.support.DependencyInjectionTestExecutionListener] to prepare test instance [com.safetynet.alerts.AlertsApplicationTests@9746157]
java.lang.IllegalStateException: Failed to load ApplicationContext for [WebMergedContextConfiguration@7b10472e testClass = com.safetynet.alerts.AlertsApplicationTests, locations = [], classes = [com.safetynet.alerts.AlertsApplication], contextInitializerClasses = [], activeProfiles = [], propertySourceDescriptors = [], propertySourceProperties = ["org.springframework.boot.test.autoconfigure.web.servlet.WebMvcTestContextBootstrapper=true"], contextCustomizers = [[ImportsContextCustomizer@70e5737f key = [org.springframework.boot.autoconfigure.task.TaskExecutionAutoConfiguration, org.springframework.boot.autoconfigure.cache.CacheAutoConfiguration, org.springframework.boot.autoconfigure.web.servlet.HttpEncodingAutoConfiguration, org.springframework.boot.autoconfigure.validation.ValidationAutoConfiguration, org.springframework.boot.autoconfigure.context.MessageSourceAutoConfiguration, org.springframework.boot.autoconfigure.hateoas.HypermediaAutoConfiguration, org.springframework.boot.autoconfigure.data.web.SpringDataWebAutoConfiguration, org.springframework.boot.autoconfigure.jackson.JacksonAutoConfiguration, org.springframework.boot.test.autoconfigure.web.reactive.WebTestClientAutoConfiguration, org.springframework.boot.autoconfigure.web.servlet.error.ErrorMvcAutoConfiguration, org.springframework.boot.test.autoconfigure.web.servlet.MockMvcAutoConfiguration, org.springframework.boot.autoconfigure.security.servlet.SecurityAutoConfiguration, org.springframework.boot.autoconfigure.security.servlet.SecurityFilterAutoConfiguration, org.springframework.boot.autoconfigure.http.HttpMessageConvertersAutoConfiguration, org.springframework.boot.autoconfigure.security.oauth2.client.servlet.OAuth2ClientAutoConfiguration, org.springframework.boot.test.autoconfigure.web.servlet.MockMvcSecurityConfiguration, org.springframework.boot.test.autoconfigure.web.servlet.MockMvcWebClientAutoConfiguration, org.springframework.boot.test.autoconfigure.web.servlet.MockMvcWebDriverAutoConfiguration, org.springframework.boot.autoconfigure.thymeleaf.ThymeleafAutoConfiguration, org.springframework.boot.autoconfigure.gson.GsonAutoConfiguration, org.springframework.boot.autoconfigure.jsonb.JsonbAutoConfiguration, org.springframework.boot.autoconfigure.freemarker.FreeMarkerAutoConfiguration, org.springframework.boot.autoconfigure.web.servlet.WebMvcAutoConfiguration, org.springframework.boot.autoconfigure.security.servlet.UserDetailsServiceAutoConfiguration, org.springframework.boot.autoconfigure.security.oauth2.resource.servlet.OAuth2ResourceServerAutoConfiguration, org.springframework.boot.autoconfigure.groovy.template.GroovyTemplateAutoConfiguration, org.springframework.boot.autoconfigure.mustache.MustacheAutoConfiguration]], org.springframework.boot.test.context.filter.ExcludeFilterContextCustomizer@71b1a49c, org.springframework.boot.test.json.DuplicateJsonObjectContextCustomizerFactory$DuplicateJsonObjectContextCustomizer@589b028e, org.springframework.boot.test.mock.mockito.MockitoContextCustomizer@0, org.springframework.boot.test.autoconfigure.OverrideAutoConfigurationContextCustomizerFactory$DisableAutoConfigurationContextCustomizer@5c09d180, org.springframework.boot.test.autoconfigure.actuate.observability.ObservabilityContextCustomizerFactory$DisableObservabilityContextCustomizer@1f, org.springframework.boot.test.autoconfigure.filter.TypeExcludeFiltersContextCustomizer@f32c3dbb, org.springframework.boot.test.autoconfigure.properties.PropertyMappingContextCustomizer@d0564d92, org.springframework.boot.test.autoconfigure.web.servlet.WebDriverContextCustomizer@3569edd5, org.springframework.boot.test.context.SpringBootTestAnnotation@e1c09ddc], resourceBasePath = "src/main/webapp", contextLoader = org.springframework.boot.test.context.SpringBootContextLoader, parent = null]
	at org.springframework.test.context.cache.DefaultCacheAwareContextLoaderDelegate.loadContext(DefaultCacheAwareContextLoaderDelegate.java:180)
	at org.springframework.test.context.support.DefaultTestContext.getApplicationContext(DefaultTestContext.java:130)
	at org.springframework.test.context.support.DependencyInjectionTestExecutionListener.injectDependencies(DependencyInjectionTestExecutionListener.java:141)
	at org.springframework.test.context.support.DependencyInjectionTestExecutionListener.prepareTestInstance(DependencyInjectionTestExecutionListener.java:97)
	at org.springframework.test.context.TestContextManager.prepareTestInstance(TestContextManager.java:260)
	at org.springframework.test.context.junit.jupiter.SpringExtension.postProcessTestInstance(SpringExtension.java:163)
	at org.junit.jupiter.engine.descriptor.ClassBasedTestDescriptor.lambda$invokeTestInstancePostProcessors$10(ClassBasedTestDescriptor.java:378)
	at org.junit.jupiter.engine.descriptor.ClassBasedTestDescriptor.executeAndMaskThrowable(ClassBasedTestDescriptor.java:383)
	at org.junit.jupiter.engine.descriptor.ClassBasedTestDescriptor.lambda$invokeTestInstancePostProcessors$11(ClassBasedTestDescriptor.java:378)
	at java.base/java.util.stream.ReferencePipeline$3$1.accept(ReferencePipeline.java:197)
	at java.base/java.util.stream.ReferencePipeline$2$1.accept(ReferencePipeline.java:179)
	at java.base/java.util.ArrayList$ArrayListSpliterator.forEachRemaining(ArrayList.java:1708)
	at java.base/java.util.stream.AbstractPipeline.copyInto(AbstractPipeline.java:509)
	at java.base/java.util.stream.AbstractPipeline.wrapAndCopyInto(AbstractPipeline.java:499)
	at java.base/java.util.stream.StreamSpliterators$WrappingSpliterator.forEachRemaining(StreamSpliterators.java:310)
	at java.base/java.util.stream.Streams$ConcatSpliterator.forEachRemaining(Streams.java:735)
	at java.base/java.util.stream.Streams$ConcatSpliterator.forEachRemaining(Streams.java:734)
	at java.base/java.util.stream.ReferencePipeline$Head.forEach(ReferencePipeline.java:762)
	at org.junit.jupiter.engine.descriptor.ClassBasedTestDescriptor.invokeTestInstancePostProcessors(ClassBasedTestDescriptor.java:377)
	at org.junit.jupiter.engine.descriptor.ClassBasedTestDescriptor.lambda$instantiateAndPostProcessTestInstance$6(ClassBasedTestDescriptor.java:290)
	at org.junit.platform.engine.support.hierarchical.ThrowableCollector.execute(ThrowableCollector.java:73)
	at org.junit.jupiter.engine.descriptor.ClassBasedTestDescriptor.instantiateAndPostProcessTestInstance(ClassBasedTestDescriptor.java:289)
	at org.junit.jupiter.engine.descriptor.ClassBasedTestDescriptor.lambda$testInstancesProvider$4(ClassBasedTestDescriptor.java:279)
	at java.base/java.util.Optional.orElseGet(Optional.java:364)
	at org.junit.jupiter.engine.descriptor.ClassBasedTestDescriptor.lambda$testInstancesProvider$5(ClassBasedTestDescriptor.java:278)
	at org.junit.jupiter.engine.execution.TestInstancesProvider.getTestInstances(TestInstancesProvider.java:31)
	at org.junit.jupiter.engine.descriptor.TestMethodTestDescriptor.lambda$prepare$0(TestMethodTestDescriptor.java:106)
	at org.junit.platform.engine.support.hierarchical.ThrowableCollector.execute(ThrowableCollector.java:73)
	at org.junit.jupiter.engine.descriptor.TestMethodTestDescriptor.prepare(TestMethodTestDescriptor.java:105)
	at org.junit.jupiter.engine.descriptor.TestMethodTestDescriptor.prepare(TestMethodTestDescriptor.java:69)
	at org.junit.platform.engine.support.hierarchical.NodeTestTask.lambda$prepare$2(NodeTestTask.java:123)
	at org.junit.platform.engine.support.hierarchical.ThrowableCollector.execute(ThrowableCollector.java:73)
	at org.junit.platform.engine.support.hierarchical.NodeTestTask.prepare(NodeTestTask.java:123)
	at org.junit.platform.engine.support.hierarchical.NodeTestTask.execute(NodeTestTask.java:90)
	at java.base/java.util.ArrayList.forEach(ArrayList.java:1596)
	at org.junit.platform.engine.support.hierarchical.SameThreadHierarchicalTestExecutorService.invokeAll(SameThreadHierarchicalTestExecutorService.java:41)
	at org.junit.platform.engine.support.hierarchical.NodeTestTask.lambda$executeRecursively$6(NodeTestTask.java:155)
	at org.junit.platform.engine.support.hierarchical.ThrowableCollector.execute(ThrowableCollector.java:73)
	at org.junit.platform.engine.support.hierarchical.NodeTestTask.lambda$executeRecursively$8(NodeTestTask.java:141)
	at org.junit.platform.engine.support.hierarchical.Node.around(Node.java:137)
	at org.junit.platform.engine.support.hierarchical.NodeTestTask.lambda$executeRecursively$9(NodeTestTask.java:139)
	at org.junit.platform.engine.support.hierarchical.ThrowableCollector.execute(ThrowableCollector.java:73)
	at org.junit.platform.engine.support.hierarchical.NodeTestTask.executeRecursively(NodeTestTask.java:138)
	at org.junit.platform.engine.support.hierarchical.NodeTestTask.execute(NodeTestTask.java:95)
	at java.base/java.util.ArrayList.forEach(ArrayList.java:1596)
	at org.junit.platform.engine.support.hierarchical.SameThreadHierarchicalTestExecutorService.invokeAll(SameThreadHierarchicalTestExecutorService.java:41)
	at org.junit.platform.engine.support.hierarchical.NodeTestTask.lambda$executeRecursively$6(NodeTestTask.java:155)
	at org.junit.platform.engine.support.hierarchical.ThrowableCollector.execute(ThrowableCollector.java:73)
	at org.junit.platform.engine.support.hierarchical.NodeTestTask.lambda$executeRecursively$8(NodeTestTask.java:141)
	at org.junit.platform.engine.support.hierarchical.Node.around(Node.java:137)
	at org.junit.platform.engine.support.hierarchical.NodeTestTask.lambda$executeRecursively$9(NodeTestTask.java:139)
	at org.junit.platform.engine.support.hierarchical.ThrowableCollector.execute(ThrowableCollector.java:73)
	at org.junit.platform.engine.support.hierarchical.NodeTestTask.executeRecursively(NodeTestTask.java:138)
	at org.junit.platform.engine.support.hierarchical.NodeTestTask.execute(NodeTestTask.java:95)
	at org.junit.platform.engine.support.hierarchical.SameThreadHierarchicalTestExecutorService.submit(SameThreadHierarchicalTestExecutorService.java:35)
	at org.junit.platform.engine.support.hierarchical.HierarchicalTestExecutor.execute(HierarchicalTestExecutor.java:57)
	at org.junit.platform.engine.support.hierarchical.HierarchicalTestEngine.execute(HierarchicalTestEngine.java:54)
	at org.junit.platform.launcher.core.DefaultLauncher.execute(DefaultLauncher.java:220)
	at org.junit.platform.launcher.core.DefaultLauncher.lambda$execute$6(DefaultLauncher.java:188)
	at org.junit.platform.launcher.core.DefaultLauncher.withInterceptedStreams(DefaultLauncher.java:202)
	at org.junit.platform.launcher.core.DefaultLauncher.execute(DefaultLauncher.java:181)
	at org.junit.platform.launcher.core.DefaultLauncher.execute(DefaultLauncher.java:128)
	at org.junit.platform.surefire.provider.JUnitPlatformProvider.invokeAllTests(JUnitPlatformProvider.java:155)
	at org.junit.platform.surefire.provider.JUnitPlatformProvider.invoke(JUnitPlatformProvider.java:134)
	at org.apache.maven.surefire.booter.ForkedBooter.invokeProviderInSameClassLoader(ForkedBooter.java:383)
	at org.apache.maven.surefire.booter.ForkedBooter.runSuitesInProcess(ForkedBooter.java:344)
	at org.apache.maven.surefire.booter.ForkedBooter.execute(ForkedBooter.java:125)
	at org.apache.maven.surefire.booter.ForkedBooter.main(ForkedBooter.java:417)
Caused by: org.springframework.beans.factory.UnsatisfiedDependencyException: Error creating bean with name 'testController': Unsatisfied dependency expressed through field 'jsonReader': No qualifying bean of type 'com.safetynet.alerts.model.JsonReader' available: expected at least 1 bean which qualifies as autowire candidate. Dependency annotations: {@org.springframework.beans.factory.annotation.Autowired(required=true)}
	at org.springframework.beans.factory.annotation.AutowiredAnnotationBeanPostProcessor$AutowiredFieldElement.resolveFieldValue(AutowiredAnnotationBeanPostProcessor.java:787)
	at org.springframework.beans.factory.annotation.AutowiredAnnotationBeanPostProcessor$AutowiredFieldElement.inject(AutowiredAnnotationBeanPostProcessor.java:767)
	at org.springframework.beans.factory.annotation.InjectionMetadata.inject(InjectionMetadata.java:145)
	at org.springframework.beans.factory.annotation.AutowiredAnnotationBeanPostProcessor.postProcessProperties(AutowiredAnnotationBeanPostProcessor.java:508)
	at org.springframework.beans.factory.support.AbstractAutowireCapableBeanFactory.populateBean(AbstractAutowireCapableBeanFactory.java:1418)
	at org.springframework.beans.factory.support.AbstractAutowireCapableBeanFactory.doCreateBean(AbstractAutowireCapableBeanFactory.java:598)
	at org.springframework.beans.factory.support.AbstractAutowireCapableBeanFactory.createBean(AbstractAutowireCapableBeanFactory.java:521)
	at org.springframework.beans.factory.support.AbstractBeanFactory.lambda$doGetBean$0(AbstractBeanFactory.java:325)
	at org.springframework.beans.factory.support.DefaultSingletonBeanRegistry.getSingleton(DefaultSingletonBeanRegistry.java:234)
	at org.springframework.beans.factory.support.AbstractBeanFactory.doGetBean(AbstractBeanFactory.java:323)
	at org.springframework.beans.factory.support.AbstractBeanFactory.getBean(AbstractBeanFactory.java:199)
	at org.springframework.beans.factory.support.DefaultListableBeanFactory.preInstantiateSingletons(DefaultListableBeanFactory.java:975)
	at org.springframework.context.support.AbstractApplicationContext.finishBeanFactoryInitialization(AbstractApplicationContext.java:960)
	at org.springframework.context.support.AbstractApplicationContext.refresh(AbstractApplicationContext.java:625)
	at org.springframework.boot.SpringApplication.refresh(SpringApplication.java:762)
	at org.springframework.boot.SpringApplication.refreshContext(SpringApplication.java:464)
	at org.springframework.boot.SpringApplication.run(SpringApplication.java:334)
	at org.springframework.boot.test.context.SpringBootContextLoader.lambda$loadContext$3(SpringBootContextLoader.java:137)
	at org.springframework.util.function.ThrowingSupplier.get(ThrowingSupplier.java:58)
	at org.springframework.util.function.ThrowingSupplier.get(ThrowingSupplier.java:46)
	at org.springframework.boot.SpringApplication.withHook(SpringApplication.java:1458)
	at org.springframework.boot.test.context.SpringBootContextLoader$ContextLoaderHook.run(SpringBootContextLoader.java:552)
	at org.springframework.boot.test.context.SpringBootContextLoader.loadContext(SpringBootContextLoader.java:137)
	at org.springframework.boot.test.context.SpringBootContextLoader.loadContext(SpringBootContextLoader.java:108)
	at org.springframework.test.context.cache.DefaultCacheAwareContextLoaderDelegate.loadContextInternal(DefaultCacheAwareContextLoaderDelegate.java:225)
	at org.springframework.test.context.cache.DefaultCacheAwareContextLoaderDelegate.loadContext(DefaultCacheAwareContextLoaderDelegate.java:152)
	... 67 common frames omitted
Caused by: org.springframework.beans.factory.NoSuchBeanDefinitionException: No qualifying bean of type 'com.safetynet.alerts.model.JsonReader' available: expected at least 1 bean which qualifies as autowire candidate. Dependency annotations: {@org.springframework.beans.factory.annotation.Autowired(required=true)}
	at org.springframework.beans.factory.support.DefaultListableBeanFactory.raiseNoMatchingBeanFound(DefaultListableBeanFactory.java:1880)
	at org.springframework.beans.factory.support.DefaultListableBeanFactory.doResolveDependency(DefaultListableBeanFactory.java:1406)
	at org.springframework.beans.factory.support.DefaultListableBeanFactory.resolveDependency(DefaultListableBeanFactory.java:1353)
	at org.springframework.beans.factory.annotation.AutowiredAnnotationBeanPostProcessor$AutowiredFieldElement.resolveFieldValue(AutowiredAnnotationBeanPostProcessor.java:784)
	... 92 common frames omitted
2024-02-11 18:44:29.529 [main] INFO  o.s.t.c.s.AnnotationConfigContextLoaderUtils - Could not detect default configuration classes for test class [com.safetynet.alerts.JsonReadTests]: JsonReadTests does not declare any static, non-private, non-final, nested classes annotated with @Configuration.
2024-02-11 18:44:29.536 [main] INFO  o.s.b.t.c.SpringBootTestContextBootstrapper - Found @SpringBootConfiguration com.safetynet.alerts.AlertsApplication for test class com.safetynet.alerts.JsonReadTests
2024-02-11 18:44:29.622 [main] INFO  com.safetynet.alerts.JsonReadTests - Starting JsonReadTests using Java 21 with PID 8664 (started by Pochi in C:\Users\Pochi\Documents\Projet5\alerts\alerts)
2024-02-11 18:44:29.623 [main] INFO  com.safetynet.alerts.JsonReadTests - No active profile set, falling back to 1 default profile: "default"
2024-02-11 18:44:31.193 [main] INFO  com.safetynet.alerts.JsonReadTests - Started JsonReadTests in 1.636 seconds (process running for 6.97)
2024-02-11 18:47:29.800 [main] INFO  c.s.alerts.AlertsApplicationTests - Starting AlertsApplicationTests using Java 21 with PID 20540 (started by Pochi in C:\Users\Pochi\Documents\Projet5\alerts\alerts)
2024-02-11 18:47:29.802 [main] INFO  c.s.alerts.AlertsApplicationTests - No active profile set, falling back to 1 default profile: "default"
2024-02-11 18:47:31.086 [main] WARN  o.s.w.c.s.GenericWebApplicationContext - Exception encountered during context initialization - cancelling refresh attempt: org.springframework.beans.factory.UnsatisfiedDependencyException: Error creating bean with name 'testController': Unsatisfied dependency expressed through field 'jsonReader': No qualifying bean of type 'com.safetynet.alerts.model.JsonReader' available: expected at least 1 bean which qualifies as autowire candidate. Dependency annotations: {@org.springframework.beans.factory.annotation.Autowired(required=true)}
2024-02-11 18:47:31.096 [main] INFO  o.s.b.a.l.ConditionEvaluationReportLogger - 

Error starting ApplicationContext. To display the condition evaluation report re-run your application with 'debug' enabled.
2024-02-11 18:47:31.160 [main] ERROR o.s.b.d.LoggingFailureAnalysisReporter - 

***************************
APPLICATION FAILED TO START
***************************

Description:

Field jsonReader in com.safetynet.alerts.controller.TestController required a bean of type 'com.safetynet.alerts.model.JsonReader' that could not be found.

The injection point has the following annotations:
	- @org.springframework.beans.factory.annotation.Autowired(required=true)


Action:

Consider defining a bean of type 'com.safetynet.alerts.model.JsonReader' in your configuration.

2024-02-11 18:47:31.172 [main] WARN  o.s.test.context.TestContextManager - Caught exception while allowing TestExecutionListener [org.springframework.test.context.support.DependencyInjectionTestExecutionListener] to prepare test instance [com.safetynet.alerts.AlertsApplicationTests@13f182b9]
java.lang.IllegalStateException: Failed to load ApplicationContext for [WebMergedContextConfiguration@10e4ee33 testClass = com.safetynet.alerts.AlertsApplicationTests, locations = [], classes = [com.safetynet.alerts.AlertsApplication], contextInitializerClasses = [], activeProfiles = [], propertySourceDescriptors = [], propertySourceProperties = ["org.springframework.boot.test.autoconfigure.web.servlet.WebMvcTestContextBootstrapper=true"], contextCustomizers = [[ImportsContextCustomizer@6e90cec8 key = [org.springframework.boot.autoconfigure.task.TaskExecutionAutoConfiguration, org.springframework.boot.autoconfigure.cache.CacheAutoConfiguration, org.springframework.boot.autoconfigure.web.servlet.HttpEncodingAutoConfiguration, org.springframework.boot.autoconfigure.validation.ValidationAutoConfiguration, org.springframework.boot.autoconfigure.context.MessageSourceAutoConfiguration, org.springframework.boot.autoconfigure.hateoas.HypermediaAutoConfiguration, org.springframework.boot.autoconfigure.data.web.SpringDataWebAutoConfiguration, org.springframework.boot.autoconfigure.jackson.JacksonAutoConfiguration, org.springframework.boot.test.autoconfigure.web.reactive.WebTestClientAutoConfiguration, org.springframework.boot.autoconfigure.web.servlet.error.ErrorMvcAutoConfiguration, org.springframework.boot.test.autoconfigure.web.servlet.MockMvcAutoConfiguration, org.springframework.boot.autoconfigure.security.servlet.SecurityAutoConfiguration, org.springframework.boot.autoconfigure.security.servlet.SecurityFilterAutoConfiguration, org.springframework.boot.autoconfigure.http.HttpMessageConvertersAutoConfiguration, org.springframework.boot.autoconfigure.security.oauth2.client.servlet.OAuth2ClientAutoConfiguration, org.springframework.boot.test.autoconfigure.web.servlet.MockMvcSecurityConfiguration, org.springframework.boot.test.autoconfigure.web.servlet.MockMvcWebClientAutoConfiguration, org.springframework.boot.test.autoconfigure.web.servlet.MockMvcWebDriverAutoConfiguration, org.springframework.boot.autoconfigure.thymeleaf.ThymeleafAutoConfiguration, org.springframework.boot.autoconfigure.gson.GsonAutoConfiguration, org.springframework.boot.autoconfigure.jsonb.JsonbAutoConfiguration, org.springframework.boot.autoconfigure.freemarker.FreeMarkerAutoConfiguration, org.springframework.boot.autoconfigure.web.servlet.WebMvcAutoConfiguration, org.springframework.boot.autoconfigure.security.servlet.UserDetailsServiceAutoConfiguration, org.springframework.boot.autoconfigure.security.oauth2.resource.servlet.OAuth2ResourceServerAutoConfiguration, org.springframework.boot.autoconfigure.groovy.template.GroovyTemplateAutoConfiguration, org.springframework.boot.autoconfigure.mustache.MustacheAutoConfiguration]], org.springframework.boot.test.context.filter.ExcludeFilterContextCustomizer@71b1a49c, org.springframework.boot.test.json.DuplicateJsonObjectContextCustomizerFactory$DuplicateJsonObjectContextCustomizer@589b028e, org.springframework.boot.test.mock.mockito.MockitoContextCustomizer@0, org.springframework.boot.test.autoconfigure.OverrideAutoConfigurationContextCustomizerFactory$DisableAutoConfigurationContextCustomizer@5c09d180, org.springframework.boot.test.autoconfigure.actuate.observability.ObservabilityContextCustomizerFactory$DisableObservabilityContextCustomizer@1f, org.springframework.boot.test.autoconfigure.filter.TypeExcludeFiltersContextCustomizer@f32c3dbb, org.springframework.boot.test.autoconfigure.properties.PropertyMappingContextCustomizer@d0564d92, org.springframework.boot.test.autoconfigure.web.servlet.WebDriverContextCustomizer@3569edd5, org.springframework.boot.test.context.SpringBootTestAnnotation@e1c09ddc], resourceBasePath = "src/main/webapp", contextLoader = org.springframework.boot.test.context.SpringBootContextLoader, parent = null]
	at org.springframework.test.context.cache.DefaultCacheAwareContextLoaderDelegate.loadContext(DefaultCacheAwareContextLoaderDelegate.java:180)
	at org.springframework.test.context.support.DefaultTestContext.getApplicationContext(DefaultTestContext.java:130)
	at org.springframework.test.context.support.DependencyInjectionTestExecutionListener.injectDependencies(DependencyInjectionTestExecutionListener.java:141)
	at org.springframework.test.context.support.DependencyInjectionTestExecutionListener.prepareTestInstance(DependencyInjectionTestExecutionListener.java:97)
	at org.springframework.test.context.TestContextManager.prepareTestInstance(TestContextManager.java:260)
	at org.springframework.test.context.junit.jupiter.SpringExtension.postProcessTestInstance(SpringExtension.java:163)
	at org.junit.jupiter.engine.descriptor.ClassBasedTestDescriptor.lambda$invokeTestInstancePostProcessors$10(ClassBasedTestDescriptor.java:378)
	at org.junit.jupiter.engine.descriptor.ClassBasedTestDescriptor.executeAndMaskThrowable(ClassBasedTestDescriptor.java:383)
	at org.junit.jupiter.engine.descriptor.ClassBasedTestDescriptor.lambda$invokeTestInstancePostProcessors$11(ClassBasedTestDescriptor.java:378)
	at java.base/java.util.stream.ReferencePipeline$3$1.accept(ReferencePipeline.java:197)
	at java.base/java.util.stream.ReferencePipeline$2$1.accept(ReferencePipeline.java:179)
	at java.base/java.util.ArrayList$ArrayListSpliterator.forEachRemaining(ArrayList.java:1708)
	at java.base/java.util.stream.AbstractPipeline.copyInto(AbstractPipeline.java:509)
	at java.base/java.util.stream.AbstractPipeline.wrapAndCopyInto(AbstractPipeline.java:499)
	at java.base/java.util.stream.StreamSpliterators$WrappingSpliterator.forEachRemaining(StreamSpliterators.java:310)
	at java.base/java.util.stream.Streams$ConcatSpliterator.forEachRemaining(Streams.java:735)
	at java.base/java.util.stream.Streams$ConcatSpliterator.forEachRemaining(Streams.java:734)
	at java.base/java.util.stream.ReferencePipeline$Head.forEach(ReferencePipeline.java:762)
	at org.junit.jupiter.engine.descriptor.ClassBasedTestDescriptor.invokeTestInstancePostProcessors(ClassBasedTestDescriptor.java:377)
	at org.junit.jupiter.engine.descriptor.ClassBasedTestDescriptor.lambda$instantiateAndPostProcessTestInstance$6(ClassBasedTestDescriptor.java:290)
	at org.junit.platform.engine.support.hierarchical.ThrowableCollector.execute(ThrowableCollector.java:73)
	at org.junit.jupiter.engine.descriptor.ClassBasedTestDescriptor.instantiateAndPostProcessTestInstance(ClassBasedTestDescriptor.java:289)
	at org.junit.jupiter.engine.descriptor.ClassBasedTestDescriptor.lambda$testInstancesProvider$4(ClassBasedTestDescriptor.java:279)
	at java.base/java.util.Optional.orElseGet(Optional.java:364)
	at org.junit.jupiter.engine.descriptor.ClassBasedTestDescriptor.lambda$testInstancesProvider$5(ClassBasedTestDescriptor.java:278)
	at org.junit.jupiter.engine.execution.TestInstancesProvider.getTestInstances(TestInstancesProvider.java:31)
	at org.junit.jupiter.engine.descriptor.TestMethodTestDescriptor.lambda$prepare$0(TestMethodTestDescriptor.java:106)
	at org.junit.platform.engine.support.hierarchical.ThrowableCollector.execute(ThrowableCollector.java:73)
	at org.junit.jupiter.engine.descriptor.TestMethodTestDescriptor.prepare(TestMethodTestDescriptor.java:105)
	at org.junit.jupiter.engine.descriptor.TestMethodTestDescriptor.prepare(TestMethodTestDescriptor.java:69)
	at org.junit.platform.engine.support.hierarchical.NodeTestTask.lambda$prepare$2(NodeTestTask.java:123)
	at org.junit.platform.engine.support.hierarchical.ThrowableCollector.execute(ThrowableCollector.java:73)
	at org.junit.platform.engine.support.hierarchical.NodeTestTask.prepare(NodeTestTask.java:123)
	at org.junit.platform.engine.support.hierarchical.NodeTestTask.execute(NodeTestTask.java:90)
	at java.base/java.util.ArrayList.forEach(ArrayList.java:1596)
	at org.junit.platform.engine.support.hierarchical.SameThreadHierarchicalTestExecutorService.invokeAll(SameThreadHierarchicalTestExecutorService.java:41)
	at org.junit.platform.engine.support.hierarchical.NodeTestTask.lambda$executeRecursively$6(NodeTestTask.java:155)
	at org.junit.platform.engine.support.hierarchical.ThrowableCollector.execute(ThrowableCollector.java:73)
	at org.junit.platform.engine.support.hierarchical.NodeTestTask.lambda$executeRecursively$8(NodeTestTask.java:141)
	at org.junit.platform.engine.support.hierarchical.Node.around(Node.java:137)
	at org.junit.platform.engine.support.hierarchical.NodeTestTask.lambda$executeRecursively$9(NodeTestTask.java:139)
	at org.junit.platform.engine.support.hierarchical.ThrowableCollector.execute(ThrowableCollector.java:73)
	at org.junit.platform.engine.support.hierarchical.NodeTestTask.executeRecursively(NodeTestTask.java:138)
	at org.junit.platform.engine.support.hierarchical.NodeTestTask.execute(NodeTestTask.java:95)
	at java.base/java.util.ArrayList.forEach(ArrayList.java:1596)
	at org.junit.platform.engine.support.hierarchical.SameThreadHierarchicalTestExecutorService.invokeAll(SameThreadHierarchicalTestExecutorService.java:41)
	at org.junit.platform.engine.support.hierarchical.NodeTestTask.lambda$executeRecursively$6(NodeTestTask.java:155)
	at org.junit.platform.engine.support.hierarchical.ThrowableCollector.execute(ThrowableCollector.java:73)
	at org.junit.platform.engine.support.hierarchical.NodeTestTask.lambda$executeRecursively$8(NodeTestTask.java:141)
	at org.junit.platform.engine.support.hierarchical.Node.around(Node.java:137)
	at org.junit.platform.engine.support.hierarchical.NodeTestTask.lambda$executeRecursively$9(NodeTestTask.java:139)
	at org.junit.platform.engine.support.hierarchical.ThrowableCollector.execute(ThrowableCollector.java:73)
	at org.junit.platform.engine.support.hierarchical.NodeTestTask.executeRecursively(NodeTestTask.java:138)
	at org.junit.platform.engine.support.hierarchical.NodeTestTask.execute(NodeTestTask.java:95)
	at org.junit.platform.engine.support.hierarchical.SameThreadHierarchicalTestExecutorService.submit(SameThreadHierarchicalTestExecutorService.java:35)
	at org.junit.platform.engine.support.hierarchical.HierarchicalTestExecutor.execute(HierarchicalTestExecutor.java:57)
	at org.junit.platform.engine.support.hierarchical.HierarchicalTestEngine.execute(HierarchicalTestEngine.java:54)
	at org.junit.platform.launcher.core.DefaultLauncher.execute(DefaultLauncher.java:220)
	at org.junit.platform.launcher.core.DefaultLauncher.lambda$execute$6(DefaultLauncher.java:188)
	at org.junit.platform.launcher.core.DefaultLauncher.withInterceptedStreams(DefaultLauncher.java:202)
	at org.junit.platform.launcher.core.DefaultLauncher.execute(DefaultLauncher.java:181)
	at org.junit.platform.launcher.core.DefaultLauncher.execute(DefaultLauncher.java:128)
	at org.junit.platform.surefire.provider.JUnitPlatformProvider.invokeAllTests(JUnitPlatformProvider.java:155)
	at org.junit.platform.surefire.provider.JUnitPlatformProvider.invoke(JUnitPlatformProvider.java:134)
	at org.apache.maven.surefire.booter.ForkedBooter.invokeProviderInSameClassLoader(ForkedBooter.java:383)
	at org.apache.maven.surefire.booter.ForkedBooter.runSuitesInProcess(ForkedBooter.java:344)
	at org.apache.maven.surefire.booter.ForkedBooter.execute(ForkedBooter.java:125)
	at org.apache.maven.surefire.booter.ForkedBooter.main(ForkedBooter.java:417)
Caused by: org.springframework.beans.factory.UnsatisfiedDependencyException: Error creating bean with name 'testController': Unsatisfied dependency expressed through field 'jsonReader': No qualifying bean of type 'com.safetynet.alerts.model.JsonReader' available: expected at least 1 bean which qualifies as autowire candidate. Dependency annotations: {@org.springframework.beans.factory.annotation.Autowired(required=true)}
	at org.springframework.beans.factory.annotation.AutowiredAnnotationBeanPostProcessor$AutowiredFieldElement.resolveFieldValue(AutowiredAnnotationBeanPostProcessor.java:787)
	at org.springframework.beans.factory.annotation.AutowiredAnnotationBeanPostProcessor$AutowiredFieldElement.inject(AutowiredAnnotationBeanPostProcessor.java:767)
	at org.springframework.beans.factory.annotation.InjectionMetadata.inject(InjectionMetadata.java:145)
	at org.springframework.beans.factory.annotation.AutowiredAnnotationBeanPostProcessor.postProcessProperties(AutowiredAnnotationBeanPostProcessor.java:508)
	at org.springframework.beans.factory.support.AbstractAutowireCapableBeanFactory.populateBean(AbstractAutowireCapableBeanFactory.java:1418)
	at org.springframework.beans.factory.support.AbstractAutowireCapableBeanFactory.doCreateBean(AbstractAutowireCapableBeanFactory.java:598)
	at org.springframework.beans.factory.support.AbstractAutowireCapableBeanFactory.createBean(AbstractAutowireCapableBeanFactory.java:521)
	at org.springframework.beans.factory.support.AbstractBeanFactory.lambda$doGetBean$0(AbstractBeanFactory.java:325)
	at org.springframework.beans.factory.support.DefaultSingletonBeanRegistry.getSingleton(DefaultSingletonBeanRegistry.java:234)
	at org.springframework.beans.factory.support.AbstractBeanFactory.doGetBean(AbstractBeanFactory.java:323)
	at org.springframework.beans.factory.support.AbstractBeanFactory.getBean(AbstractBeanFactory.java:199)
	at org.springframework.beans.factory.support.DefaultListableBeanFactory.preInstantiateSingletons(DefaultListableBeanFactory.java:975)
	at org.springframework.context.support.AbstractApplicationContext.finishBeanFactoryInitialization(AbstractApplicationContext.java:960)
	at org.springframework.context.support.AbstractApplicationContext.refresh(AbstractApplicationContext.java:625)
	at org.springframework.boot.SpringApplication.refresh(SpringApplication.java:762)
	at org.springframework.boot.SpringApplication.refreshContext(SpringApplication.java:464)
	at org.springframework.boot.SpringApplication.run(SpringApplication.java:334)
	at org.springframework.boot.test.context.SpringBootContextLoader.lambda$loadContext$3(SpringBootContextLoader.java:137)
	at org.springframework.util.function.ThrowingSupplier.get(ThrowingSupplier.java:58)
	at org.springframework.util.function.ThrowingSupplier.get(ThrowingSupplier.java:46)
	at org.springframework.boot.SpringApplication.withHook(SpringApplication.java:1458)
	at org.springframework.boot.test.context.SpringBootContextLoader$ContextLoaderHook.run(SpringBootContextLoader.java:552)
	at org.springframework.boot.test.context.SpringBootContextLoader.loadContext(SpringBootContextLoader.java:137)
	at org.springframework.boot.test.context.SpringBootContextLoader.loadContext(SpringBootContextLoader.java:108)
	at org.springframework.test.context.cache.DefaultCacheAwareContextLoaderDelegate.loadContextInternal(DefaultCacheAwareContextLoaderDelegate.java:225)
	at org.springframework.test.context.cache.DefaultCacheAwareContextLoaderDelegate.loadContext(DefaultCacheAwareContextLoaderDelegate.java:152)
	... 67 common frames omitted
Caused by: org.springframework.beans.factory.NoSuchBeanDefinitionException: No qualifying bean of type 'com.safetynet.alerts.model.JsonReader' available: expected at least 1 bean which qualifies as autowire candidate. Dependency annotations: {@org.springframework.beans.factory.annotation.Autowired(required=true)}
	at org.springframework.beans.factory.support.DefaultListableBeanFactory.raiseNoMatchingBeanFound(DefaultListableBeanFactory.java:1880)
	at org.springframework.beans.factory.support.DefaultListableBeanFactory.doResolveDependency(DefaultListableBeanFactory.java:1406)
	at org.springframework.beans.factory.support.DefaultListableBeanFactory.resolveDependency(DefaultListableBeanFactory.java:1353)
	at org.springframework.beans.factory.annotation.AutowiredAnnotationBeanPostProcessor$AutowiredFieldElement.resolveFieldValue(AutowiredAnnotationBeanPostProcessor.java:784)
	... 92 common frames omitted
2024-02-11 18:47:31.226 [main] INFO  o.s.t.c.s.AnnotationConfigContextLoaderUtils - Could not detect default configuration classes for test class [com.safetynet.alerts.JsonReadTests]: JsonReadTests does not declare any static, non-private, non-final, nested classes annotated with @Configuration.
2024-02-11 18:47:31.232 [main] INFO  o.s.b.t.c.SpringBootTestContextBootstrapper - Found @SpringBootConfiguration com.safetynet.alerts.AlertsApplication for test class com.safetynet.alerts.JsonReadTests
2024-02-11 18:47:31.321 [main] INFO  com.safetynet.alerts.JsonReadTests - Starting JsonReadTests using Java 21 with PID 20540 (started by Pochi in C:\Users\Pochi\Documents\Projet5\alerts\alerts)
2024-02-11 18:47:31.322 [main] INFO  com.safetynet.alerts.JsonReadTests - No active profile set, falling back to 1 default profile: "default"
2024-02-11 18:47:32.906 [main] INFO  com.safetynet.alerts.JsonReadTests - Started JsonReadTests in 1.658 seconds (process running for 6.991)
2024-02-11 18:49:15.033 [main] INFO  c.s.alerts.AlertsApplicationTests - Starting AlertsApplicationTests using Java 21 with PID 13948 (started by Pochi in C:\Users\Pochi\Documents\Projet5\alerts\alerts)
2024-02-11 18:49:15.036 [main] INFO  c.s.alerts.AlertsApplicationTests - No active profile set, falling back to 1 default profile: "default"
2024-02-11 18:49:16.258 [main] WARN  o.s.w.c.s.GenericWebApplicationContext - Exception encountered during context initialization - cancelling refresh attempt: org.springframework.beans.factory.UnsatisfiedDependencyException: Error creating bean with name 'testController': Unsatisfied dependency expressed through field 'jsonReader': No qualifying bean of type 'com.safetynet.alerts.model.JsonReader' available: expected at least 1 bean which qualifies as autowire candidate. Dependency annotations: {@org.springframework.beans.factory.annotation.Autowired(required=true)}
2024-02-11 18:49:16.268 [main] INFO  o.s.b.a.l.ConditionEvaluationReportLogger - 

Error starting ApplicationContext. To display the condition evaluation report re-run your application with 'debug' enabled.
2024-02-11 18:49:16.322 [main] ERROR o.s.b.d.LoggingFailureAnalysisReporter - 

***************************
APPLICATION FAILED TO START
***************************

Description:

Field jsonReader in com.safetynet.alerts.controller.TestController required a bean of type 'com.safetynet.alerts.model.JsonReader' that could not be found.

The injection point has the following annotations:
	- @org.springframework.beans.factory.annotation.Autowired(required=true)


Action:

Consider defining a bean of type 'com.safetynet.alerts.model.JsonReader' in your configuration.

2024-02-11 18:49:16.335 [main] WARN  o.s.test.context.TestContextManager - Caught exception while allowing TestExecutionListener [org.springframework.test.context.support.DependencyInjectionTestExecutionListener] to prepare test instance [com.safetynet.alerts.AlertsApplicationTests@64f33dee]
java.lang.IllegalStateException: Failed to load ApplicationContext for [WebMergedContextConfiguration@32d8710a testClass = com.safetynet.alerts.AlertsApplicationTests, locations = [], classes = [com.safetynet.alerts.AlertsApplication], contextInitializerClasses = [], activeProfiles = [], propertySourceDescriptors = [], propertySourceProperties = ["org.springframework.boot.test.autoconfigure.web.servlet.WebMvcTestContextBootstrapper=true"], contextCustomizers = [[ImportsContextCustomizer@180cc0df key = [org.springframework.boot.autoconfigure.task.TaskExecutionAutoConfiguration, org.springframework.boot.autoconfigure.cache.CacheAutoConfiguration, org.springframework.boot.autoconfigure.web.servlet.HttpEncodingAutoConfiguration, org.springframework.boot.autoconfigure.validation.ValidationAutoConfiguration, org.springframework.boot.autoconfigure.context.MessageSourceAutoConfiguration, org.springframework.boot.autoconfigure.hateoas.HypermediaAutoConfiguration, org.springframework.boot.autoconfigure.data.web.SpringDataWebAutoConfiguration, org.springframework.boot.autoconfigure.jackson.JacksonAutoConfiguration, org.springframework.boot.test.autoconfigure.web.reactive.WebTestClientAutoConfiguration, org.springframework.boot.autoconfigure.web.servlet.error.ErrorMvcAutoConfiguration, org.springframework.boot.test.autoconfigure.web.servlet.MockMvcAutoConfiguration, org.springframework.boot.autoconfigure.security.servlet.SecurityAutoConfiguration, org.springframework.boot.autoconfigure.security.servlet.SecurityFilterAutoConfiguration, org.springframework.boot.autoconfigure.http.HttpMessageConvertersAutoConfiguration, org.springframework.boot.autoconfigure.security.oauth2.client.servlet.OAuth2ClientAutoConfiguration, org.springframework.boot.test.autoconfigure.web.servlet.MockMvcSecurityConfiguration, org.springframework.boot.test.autoconfigure.web.servlet.MockMvcWebClientAutoConfiguration, org.springframework.boot.test.autoconfigure.web.servlet.MockMvcWebDriverAutoConfiguration, org.springframework.boot.autoconfigure.thymeleaf.ThymeleafAutoConfiguration, org.springframework.boot.autoconfigure.gson.GsonAutoConfiguration, org.springframework.boot.autoconfigure.jsonb.JsonbAutoConfiguration, org.springframework.boot.autoconfigure.freemarker.FreeMarkerAutoConfiguration, org.springframework.boot.autoconfigure.web.servlet.WebMvcAutoConfiguration, org.springframework.boot.autoconfigure.security.servlet.UserDetailsServiceAutoConfiguration, org.springframework.boot.autoconfigure.security.oauth2.resource.servlet.OAuth2ResourceServerAutoConfiguration, org.springframework.boot.autoconfigure.groovy.template.GroovyTemplateAutoConfiguration, org.springframework.boot.autoconfigure.mustache.MustacheAutoConfiguration]], org.springframework.boot.test.context.filter.ExcludeFilterContextCustomizer@71b1a49c, org.springframework.boot.test.json.DuplicateJsonObjectContextCustomizerFactory$DuplicateJsonObjectContextCustomizer@589b028e, org.springframework.boot.test.mock.mockito.MockitoContextCustomizer@0, org.springframework.boot.test.autoconfigure.OverrideAutoConfigurationContextCustomizerFactory$DisableAutoConfigurationContextCustomizer@5c09d180, org.springframework.boot.test.autoconfigure.actuate.observability.ObservabilityContextCustomizerFactory$DisableObservabilityContextCustomizer@1f, org.springframework.boot.test.autoconfigure.filter.TypeExcludeFiltersContextCustomizer@f32c3dbb, org.springframework.boot.test.autoconfigure.properties.PropertyMappingContextCustomizer@d0564d92, org.springframework.boot.test.autoconfigure.web.servlet.WebDriverContextCustomizer@3569edd5, org.springframework.boot.test.context.SpringBootTestAnnotation@e1c09ddc], resourceBasePath = "src/main/webapp", contextLoader = org.springframework.boot.test.context.SpringBootContextLoader, parent = null]
	at org.springframework.test.context.cache.DefaultCacheAwareContextLoaderDelegate.loadContext(DefaultCacheAwareContextLoaderDelegate.java:180)
	at org.springframework.test.context.support.DefaultTestContext.getApplicationContext(DefaultTestContext.java:130)
	at org.springframework.test.context.support.DependencyInjectionTestExecutionListener.injectDependencies(DependencyInjectionTestExecutionListener.java:141)
	at org.springframework.test.context.support.DependencyInjectionTestExecutionListener.prepareTestInstance(DependencyInjectionTestExecutionListener.java:97)
	at org.springframework.test.context.TestContextManager.prepareTestInstance(TestContextManager.java:260)
	at org.springframework.test.context.junit.jupiter.SpringExtension.postProcessTestInstance(SpringExtension.java:163)
	at org.junit.jupiter.engine.descriptor.ClassBasedTestDescriptor.lambda$invokeTestInstancePostProcessors$10(ClassBasedTestDescriptor.java:378)
	at org.junit.jupiter.engine.descriptor.ClassBasedTestDescriptor.executeAndMaskThrowable(ClassBasedTestDescriptor.java:383)
	at org.junit.jupiter.engine.descriptor.ClassBasedTestDescriptor.lambda$invokeTestInstancePostProcessors$11(ClassBasedTestDescriptor.java:378)
	at java.base/java.util.stream.ReferencePipeline$3$1.accept(ReferencePipeline.java:197)
	at java.base/java.util.stream.ReferencePipeline$2$1.accept(ReferencePipeline.java:179)
	at java.base/java.util.ArrayList$ArrayListSpliterator.forEachRemaining(ArrayList.java:1708)
	at java.base/java.util.stream.AbstractPipeline.copyInto(AbstractPipeline.java:509)
	at java.base/java.util.stream.AbstractPipeline.wrapAndCopyInto(AbstractPipeline.java:499)
	at java.base/java.util.stream.StreamSpliterators$WrappingSpliterator.forEachRemaining(StreamSpliterators.java:310)
	at java.base/java.util.stream.Streams$ConcatSpliterator.forEachRemaining(Streams.java:735)
	at java.base/java.util.stream.Streams$ConcatSpliterator.forEachRemaining(Streams.java:734)
	at java.base/java.util.stream.ReferencePipeline$Head.forEach(ReferencePipeline.java:762)
	at org.junit.jupiter.engine.descriptor.ClassBasedTestDescriptor.invokeTestInstancePostProcessors(ClassBasedTestDescriptor.java:377)
	at org.junit.jupiter.engine.descriptor.ClassBasedTestDescriptor.lambda$instantiateAndPostProcessTestInstance$6(ClassBasedTestDescriptor.java:290)
	at org.junit.platform.engine.support.hierarchical.ThrowableCollector.execute(ThrowableCollector.java:73)
	at org.junit.jupiter.engine.descriptor.ClassBasedTestDescriptor.instantiateAndPostProcessTestInstance(ClassBasedTestDescriptor.java:289)
	at org.junit.jupiter.engine.descriptor.ClassBasedTestDescriptor.lambda$testInstancesProvider$4(ClassBasedTestDescriptor.java:279)
	at java.base/java.util.Optional.orElseGet(Optional.java:364)
	at org.junit.jupiter.engine.descriptor.ClassBasedTestDescriptor.lambda$testInstancesProvider$5(ClassBasedTestDescriptor.java:278)
	at org.junit.jupiter.engine.execution.TestInstancesProvider.getTestInstances(TestInstancesProvider.java:31)
	at org.junit.jupiter.engine.descriptor.TestMethodTestDescriptor.lambda$prepare$0(TestMethodTestDescriptor.java:106)
	at org.junit.platform.engine.support.hierarchical.ThrowableCollector.execute(ThrowableCollector.java:73)
	at org.junit.jupiter.engine.descriptor.TestMethodTestDescriptor.prepare(TestMethodTestDescriptor.java:105)
	at org.junit.jupiter.engine.descriptor.TestMethodTestDescriptor.prepare(TestMethodTestDescriptor.java:69)
	at org.junit.platform.engine.support.hierarchical.NodeTestTask.lambda$prepare$2(NodeTestTask.java:123)
	at org.junit.platform.engine.support.hierarchical.ThrowableCollector.execute(ThrowableCollector.java:73)
	at org.junit.platform.engine.support.hierarchical.NodeTestTask.prepare(NodeTestTask.java:123)
	at org.junit.platform.engine.support.hierarchical.NodeTestTask.execute(NodeTestTask.java:90)
	at java.base/java.util.ArrayList.forEach(ArrayList.java:1596)
	at org.junit.platform.engine.support.hierarchical.SameThreadHierarchicalTestExecutorService.invokeAll(SameThreadHierarchicalTestExecutorService.java:41)
	at org.junit.platform.engine.support.hierarchical.NodeTestTask.lambda$executeRecursively$6(NodeTestTask.java:155)
	at org.junit.platform.engine.support.hierarchical.ThrowableCollector.execute(ThrowableCollector.java:73)
	at org.junit.platform.engine.support.hierarchical.NodeTestTask.lambda$executeRecursively$8(NodeTestTask.java:141)
	at org.junit.platform.engine.support.hierarchical.Node.around(Node.java:137)
	at org.junit.platform.engine.support.hierarchical.NodeTestTask.lambda$executeRecursively$9(NodeTestTask.java:139)
	at org.junit.platform.engine.support.hierarchical.ThrowableCollector.execute(ThrowableCollector.java:73)
	at org.junit.platform.engine.support.hierarchical.NodeTestTask.executeRecursively(NodeTestTask.java:138)
	at org.junit.platform.engine.support.hierarchical.NodeTestTask.execute(NodeTestTask.java:95)
	at java.base/java.util.ArrayList.forEach(ArrayList.java:1596)
	at org.junit.platform.engine.support.hierarchical.SameThreadHierarchicalTestExecutorService.invokeAll(SameThreadHierarchicalTestExecutorService.java:41)
	at org.junit.platform.engine.support.hierarchical.NodeTestTask.lambda$executeRecursively$6(NodeTestTask.java:155)
	at org.junit.platform.engine.support.hierarchical.ThrowableCollector.execute(ThrowableCollector.java:73)
	at org.junit.platform.engine.support.hierarchical.NodeTestTask.lambda$executeRecursively$8(NodeTestTask.java:141)
	at org.junit.platform.engine.support.hierarchical.Node.around(Node.java:137)
	at org.junit.platform.engine.support.hierarchical.NodeTestTask.lambda$executeRecursively$9(NodeTestTask.java:139)
	at org.junit.platform.engine.support.hierarchical.ThrowableCollector.execute(ThrowableCollector.java:73)
	at org.junit.platform.engine.support.hierarchical.NodeTestTask.executeRecursively(NodeTestTask.java:138)
	at org.junit.platform.engine.support.hierarchical.NodeTestTask.execute(NodeTestTask.java:95)
	at org.junit.platform.engine.support.hierarchical.SameThreadHierarchicalTestExecutorService.submit(SameThreadHierarchicalTestExecutorService.java:35)
	at org.junit.platform.engine.support.hierarchical.HierarchicalTestExecutor.execute(HierarchicalTestExecutor.java:57)
	at org.junit.platform.engine.support.hierarchical.HierarchicalTestEngine.execute(HierarchicalTestEngine.java:54)
	at org.junit.platform.launcher.core.DefaultLauncher.execute(DefaultLauncher.java:220)
	at org.junit.platform.launcher.core.DefaultLauncher.lambda$execute$6(DefaultLauncher.java:188)
	at org.junit.platform.launcher.core.DefaultLauncher.withInterceptedStreams(DefaultLauncher.java:202)
	at org.junit.platform.launcher.core.DefaultLauncher.execute(DefaultLauncher.java:181)
	at org.junit.platform.launcher.core.DefaultLauncher.execute(DefaultLauncher.java:128)
	at org.junit.platform.surefire.provider.JUnitPlatformProvider.invokeAllTests(JUnitPlatformProvider.java:155)
	at org.junit.platform.surefire.provider.JUnitPlatformProvider.invoke(JUnitPlatformProvider.java:134)
	at org.apache.maven.surefire.booter.ForkedBooter.invokeProviderInSameClassLoader(ForkedBooter.java:383)
	at org.apache.maven.surefire.booter.ForkedBooter.runSuitesInProcess(ForkedBooter.java:344)
	at org.apache.maven.surefire.booter.ForkedBooter.execute(ForkedBooter.java:125)
	at org.apache.maven.surefire.booter.ForkedBooter.main(ForkedBooter.java:417)
Caused by: org.springframework.beans.factory.UnsatisfiedDependencyException: Error creating bean with name 'testController': Unsatisfied dependency expressed through field 'jsonReader': No qualifying bean of type 'com.safetynet.alerts.model.JsonReader' available: expected at least 1 bean which qualifies as autowire candidate. Dependency annotations: {@org.springframework.beans.factory.annotation.Autowired(required=true)}
	at org.springframework.beans.factory.annotation.AutowiredAnnotationBeanPostProcessor$AutowiredFieldElement.resolveFieldValue(AutowiredAnnotationBeanPostProcessor.java:787)
	at org.springframework.beans.factory.annotation.AutowiredAnnotationBeanPostProcessor$AutowiredFieldElement.inject(AutowiredAnnotationBeanPostProcessor.java:767)
	at org.springframework.beans.factory.annotation.InjectionMetadata.inject(InjectionMetadata.java:145)
	at org.springframework.beans.factory.annotation.AutowiredAnnotationBeanPostProcessor.postProcessProperties(AutowiredAnnotationBeanPostProcessor.java:508)
	at org.springframework.beans.factory.support.AbstractAutowireCapableBeanFactory.populateBean(AbstractAutowireCapableBeanFactory.java:1418)
	at org.springframework.beans.factory.support.AbstractAutowireCapableBeanFactory.doCreateBean(AbstractAutowireCapableBeanFactory.java:598)
	at org.springframework.beans.factory.support.AbstractAutowireCapableBeanFactory.createBean(AbstractAutowireCapableBeanFactory.java:521)
	at org.springframework.beans.factory.support.AbstractBeanFactory.lambda$doGetBean$0(AbstractBeanFactory.java:325)
	at org.springframework.beans.factory.support.DefaultSingletonBeanRegistry.getSingleton(DefaultSingletonBeanRegistry.java:234)
	at org.springframework.beans.factory.support.AbstractBeanFactory.doGetBean(AbstractBeanFactory.java:323)
	at org.springframework.beans.factory.support.AbstractBeanFactory.getBean(AbstractBeanFactory.java:199)
	at org.springframework.beans.factory.support.DefaultListableBeanFactory.preInstantiateSingletons(DefaultListableBeanFactory.java:975)
	at org.springframework.context.support.AbstractApplicationContext.finishBeanFactoryInitialization(AbstractApplicationContext.java:960)
	at org.springframework.context.support.AbstractApplicationContext.refresh(AbstractApplicationContext.java:625)
	at org.springframework.boot.SpringApplication.refresh(SpringApplication.java:762)
	at org.springframework.boot.SpringApplication.refreshContext(SpringApplication.java:464)
	at org.springframework.boot.SpringApplication.run(SpringApplication.java:334)
	at org.springframework.boot.test.context.SpringBootContextLoader.lambda$loadContext$3(SpringBootContextLoader.java:137)
	at org.springframework.util.function.ThrowingSupplier.get(ThrowingSupplier.java:58)
	at org.springframework.util.function.ThrowingSupplier.get(ThrowingSupplier.java:46)
	at org.springframework.boot.SpringApplication.withHook(SpringApplication.java:1458)
	at org.springframework.boot.test.context.SpringBootContextLoader$ContextLoaderHook.run(SpringBootContextLoader.java:552)
	at org.springframework.boot.test.context.SpringBootContextLoader.loadContext(SpringBootContextLoader.java:137)
	at org.springframework.boot.test.context.SpringBootContextLoader.loadContext(SpringBootContextLoader.java:108)
	at org.springframework.test.context.cache.DefaultCacheAwareContextLoaderDelegate.loadContextInternal(DefaultCacheAwareContextLoaderDelegate.java:225)
	at org.springframework.test.context.cache.DefaultCacheAwareContextLoaderDelegate.loadContext(DefaultCacheAwareContextLoaderDelegate.java:152)
	... 67 common frames omitted
Caused by: org.springframework.beans.factory.NoSuchBeanDefinitionException: No qualifying bean of type 'com.safetynet.alerts.model.JsonReader' available: expected at least 1 bean which qualifies as autowire candidate. Dependency annotations: {@org.springframework.beans.factory.annotation.Autowired(required=true)}
	at org.springframework.beans.factory.support.DefaultListableBeanFactory.raiseNoMatchingBeanFound(DefaultListableBeanFactory.java:1880)
	at org.springframework.beans.factory.support.DefaultListableBeanFactory.doResolveDependency(DefaultListableBeanFactory.java:1406)
	at org.springframework.beans.factory.support.DefaultListableBeanFactory.resolveDependency(DefaultListableBeanFactory.java:1353)
	at org.springframework.beans.factory.annotation.AutowiredAnnotationBeanPostProcessor$AutowiredFieldElement.resolveFieldValue(AutowiredAnnotationBeanPostProcessor.java:784)
	... 92 common frames omitted
2024-02-11 18:49:16.385 [main] INFO  o.s.t.c.s.AnnotationConfigContextLoaderUtils - Could not detect default configuration classes for test class [com.safetynet.alerts.JsonReadTests]: JsonReadTests does not declare any static, non-private, non-final, nested classes annotated with @Configuration.
2024-02-11 18:49:16.391 [main] INFO  o.s.b.t.c.SpringBootTestContextBootstrapper - Found @SpringBootConfiguration com.safetynet.alerts.AlertsApplication for test class com.safetynet.alerts.JsonReadTests
2024-02-11 18:49:16.486 [main] INFO  com.safetynet.alerts.JsonReadTests - Starting JsonReadTests using Java 21 with PID 13948 (started by Pochi in C:\Users\Pochi\Documents\Projet5\alerts\alerts)
2024-02-11 18:49:16.487 [main] INFO  com.safetynet.alerts.JsonReadTests - No active profile set, falling back to 1 default profile: "default"
2024-02-11 18:49:17.926 [main] INFO  com.safetynet.alerts.JsonReadTests - Started JsonReadTests in 1.518 seconds (process running for 6.493)
2024-02-11 18:52:24.967 [main] INFO  com.safetynet.alerts.JsonReadTests - Starting JsonReadTests using Java 21 with PID 4584 (started by Pochi in C:\Users\Pochi\Documents\Projet5\alerts\alerts)
2024-02-11 18:52:24.969 [main] INFO  com.safetynet.alerts.JsonReadTests - No active profile set, falling back to 1 default profile: "default"
2024-02-11 18:52:27.536 [main] INFO  com.safetynet.alerts.JsonReadTests - Started JsonReadTests in 3.414 seconds (process running for 6.363)
2024-02-11 18:53:15.599 [main] INFO  c.s.alerts.AlertsApplicationTests - Starting AlertsApplicationTests using Java 21 with PID 5216 (started by Pochi in C:\Users\Pochi\Documents\Projet5\alerts\alerts)
2024-02-11 18:53:15.602 [main] INFO  c.s.alerts.AlertsApplicationTests - No active profile set, falling back to 1 default profile: "default"
2024-02-11 18:53:19.964 [main] INFO  o.s.b.t.m.w.SpringBootMockServletContext - Initializing Spring TestDispatcherServlet ''
2024-02-11 18:53:19.965 [main] INFO  o.s.t.w.s.TestDispatcherServlet - Initializing Servlet ''
2024-02-11 18:53:19.973 [main] INFO  o.s.t.w.s.TestDispatcherServlet - Completed initialization in 3 ms
2024-02-11 18:53:20.054 [main] INFO  c.s.alerts.AlertsApplicationTests - Started AlertsApplicationTests in 5.673 seconds (process running for 8.384)
2024-02-11 18:53:20.364 [main] INFO  o.s.t.c.s.AnnotationConfigContextLoaderUtils - Could not detect default configuration classes for test class [com.safetynet.alerts.JsonReadTests]: JsonReadTests does not declare any static, non-private, non-final, nested classes annotated with @Configuration.
2024-02-11 18:53:20.373 [main] INFO  o.s.b.t.c.SpringBootTestContextBootstrapper - Found @SpringBootConfiguration com.safetynet.alerts.AlertsApplication for test class com.safetynet.alerts.JsonReadTests
2024-02-11 18:53:20.484 [main] INFO  com.safetynet.alerts.JsonReadTests - Starting JsonReadTests using Java 21 with PID 5216 (started by Pochi in C:\Users\Pochi\Documents\Projet5\alerts\alerts)
2024-02-11 18:53:20.485 [main] INFO  com.safetynet.alerts.JsonReadTests - No active profile set, falling back to 1 default profile: "default"
2024-02-11 18:53:21.773 [main] INFO  com.safetynet.alerts.JsonReadTests - Started JsonReadTests in 1.375 seconds (process running for 10.104)
2024-02-11 18:54:03.401 [main] INFO  c.safetynet.alerts.AlertsApplication - Starting AlertsApplication using Java 21 with PID 21796 (C:\Users\Pochi\Documents\Projet5\alerts\alerts\target\classes started by Pochi in C:\Users\Pochi\Documents\Projet5\alerts\alerts)
2024-02-11 18:54:03.406 [main] INFO  c.safetynet.alerts.AlertsApplication - No active profile set, falling back to 1 default profile: "default"
2024-02-11 18:54:05.274 [main] INFO  o.s.b.w.e.tomcat.TomcatWebServer - Tomcat initialized with port 8080 (http)
2024-02-11 18:54:05.303 [main] INFO  o.a.coyote.http11.Http11NioProtocol - Initializing ProtocolHandler ["http-nio-8080"]
2024-02-11 18:54:05.306 [main] INFO  o.a.catalina.core.StandardService - Starting service [Tomcat]
2024-02-11 18:54:05.307 [main] INFO  o.a.catalina.core.StandardEngine - Starting Servlet engine: [Apache Tomcat/10.1.17]
2024-02-11 18:54:05.392 [main] INFO  o.a.c.c.C.[Tomcat].[localhost].[/] - Initializing Spring embedded WebApplicationContext
2024-02-11 18:54:05.394 [main] INFO  o.s.b.w.s.c.ServletWebServerApplicationContext - Root WebApplicationContext: initialization completed in 1892 ms
2024-02-11 18:54:06.022 [main] INFO  o.a.coyote.http11.Http11NioProtocol - Starting ProtocolHandler ["http-nio-8080"]
2024-02-11 18:54:06.071 [main] INFO  o.s.b.w.e.tomcat.TomcatWebServer - Tomcat started on port 8080 (http) with context path ''
2024-02-11 18:54:06.088 [main] INFO  c.safetynet.alerts.AlertsApplication - Started AlertsApplication in 3.852 seconds (process running for 4.716)
2024-02-11 18:54:22.007 [main] INFO  c.s.alerts.AlertsApplicationTests - Starting AlertsApplicationTests using Java 21 with PID 9316 (started by Pochi in C:\Users\Pochi\Documents\Projet5\alerts\alerts)
2024-02-11 18:54:22.010 [main] INFO  c.s.alerts.AlertsApplicationTests - No active profile set, falling back to 1 default profile: "default"
2024-02-11 18:54:26.630 [main] INFO  o.s.b.t.m.w.SpringBootMockServletContext - Initializing Spring TestDispatcherServlet ''
2024-02-11 18:54:26.631 [main] INFO  o.s.t.w.s.TestDispatcherServlet - Initializing Servlet ''
2024-02-11 18:54:26.638 [main] INFO  o.s.t.w.s.TestDispatcherServlet - Completed initialization in 3 ms
2024-02-11 18:54:26.701 [main] INFO  c.s.alerts.AlertsApplicationTests - Started AlertsApplicationTests in 5.906 seconds (process running for 9.437)
2024-02-11 18:54:27.043 [main] INFO  o.s.t.c.s.AnnotationConfigContextLoaderUtils - Could not detect default configuration classes for test class [com.safetynet.alerts.JsonReadTests]: JsonReadTests does not declare any static, non-private, non-final, nested classes annotated with @Configuration.
2024-02-11 18:54:27.055 [main] INFO  o.s.b.t.c.SpringBootTestContextBootstrapper - Found @SpringBootConfiguration com.safetynet.alerts.AlertsApplication for test class com.safetynet.alerts.JsonReadTests
2024-02-11 18:54:27.188 [main] INFO  com.safetynet.alerts.JsonReadTests - Starting JsonReadTests using Java 21 with PID 9316 (started by Pochi in C:\Users\Pochi\Documents\Projet5\alerts\alerts)
2024-02-11 18:54:27.189 [main] INFO  com.safetynet.alerts.JsonReadTests - No active profile set, falling back to 1 default profile: "default"
2024-02-11 18:54:28.713 [main] INFO  com.safetynet.alerts.JsonReadTests - Started JsonReadTests in 1.628 seconds (process running for 11.449)
2024-02-11 18:55:40.624 [main] INFO  c.s.alerts.AlertsApplicationTests - Starting AlertsApplicationTests using Java 21 with PID 11312 (started by Pochi in C:\Users\Pochi\Documents\Projet5\alerts\alerts)
2024-02-11 18:55:40.628 [main] INFO  c.s.alerts.AlertsApplicationTests - No active profile set, falling back to 1 default profile: "default"
2024-02-11 18:55:45.134 [main] INFO  o.s.b.t.m.w.SpringBootMockServletContext - Initializing Spring TestDispatcherServlet ''
2024-02-11 18:55:45.135 [main] INFO  o.s.t.w.s.TestDispatcherServlet - Initializing Servlet ''
2024-02-11 18:55:45.142 [main] INFO  o.s.t.w.s.TestDispatcherServlet - Completed initialization in 3 ms
2024-02-11 18:55:45.205 [main] INFO  c.s.alerts.AlertsApplicationTests - Started AlertsApplicationTests in 5.656 seconds (process running for 8.529)
2024-02-11 18:55:45.598 [main] INFO  o.s.t.c.s.AnnotationConfigContextLoaderUtils - Could not detect default configuration classes for test class [com.safetynet.alerts.JsonReadTests]: JsonReadTests does not declare any static, non-private, non-final, nested classes annotated with @Configuration.
2024-02-11 18:55:45.609 [main] INFO  o.s.b.t.c.SpringBootTestContextBootstrapper - Found @SpringBootConfiguration com.safetynet.alerts.AlertsApplication for test class com.safetynet.alerts.JsonReadTests
2024-02-11 18:55:45.720 [main] INFO  com.safetynet.alerts.JsonReadTests - Starting JsonReadTests using Java 21 with PID 11312 (started by Pochi in C:\Users\Pochi\Documents\Projet5\alerts\alerts)
2024-02-11 18:55:45.721 [main] INFO  com.safetynet.alerts.JsonReadTests - No active profile set, falling back to 1 default profile: "default"
2024-02-11 18:55:46.950 [main] INFO  com.safetynet.alerts.JsonReadTests - Started JsonReadTests in 1.307 seconds (process running for 10.275)
2024-02-11 18:56:12.674 [main] INFO  c.s.alerts.AlertsApplicationTests - Starting AlertsApplicationTests using Java 21 with PID 7180 (started by Pochi in C:\Users\Pochi\Documents\Projet5\alerts\alerts)
2024-02-11 18:56:12.678 [main] INFO  c.s.alerts.AlertsApplicationTests - No active profile set, falling back to 1 default profile: "default"
2024-02-11 18:56:17.171 [main] INFO  o.s.b.t.m.w.SpringBootMockServletContext - Initializing Spring TestDispatcherServlet ''
2024-02-11 18:56:17.172 [main] INFO  o.s.t.w.s.TestDispatcherServlet - Initializing Servlet ''
2024-02-11 18:56:17.178 [main] INFO  o.s.t.w.s.TestDispatcherServlet - Completed initialization in 2 ms
2024-02-11 18:56:17.238 [main] INFO  c.s.alerts.AlertsApplicationTests - Started AlertsApplicationTests in 5.77 seconds (process running for 8.503)
2024-02-11 18:56:17.588 [main] INFO  o.s.t.c.s.AnnotationConfigContextLoaderUtils - Could not detect default configuration classes for test class [com.safetynet.alerts.JsonReadTests]: JsonReadTests does not declare any static, non-private, non-final, nested classes annotated with @Configuration.
2024-02-11 18:56:17.597 [main] INFO  o.s.b.t.c.SpringBootTestContextBootstrapper - Found @SpringBootConfiguration com.safetynet.alerts.AlertsApplication for test class com.safetynet.alerts.JsonReadTests
2024-02-11 18:56:17.694 [main] INFO  com.safetynet.alerts.JsonReadTests - Starting JsonReadTests using Java 21 with PID 7180 (started by Pochi in C:\Users\Pochi\Documents\Projet5\alerts\alerts)
2024-02-11 18:56:17.694 [main] INFO  com.safetynet.alerts.JsonReadTests - No active profile set, falling back to 1 default profile: "default"
2024-02-11 18:56:18.951 [main] INFO  com.safetynet.alerts.JsonReadTests - Started JsonReadTests in 1.329 seconds (process running for 10.215)
2024-02-11 18:58:24.075 [http-nio-8080-exec-1] INFO  o.a.c.c.C.[Tomcat].[localhost].[/] - Initializing Spring DispatcherServlet 'dispatcherServlet'
2024-02-11 18:58:24.075 [http-nio-8080-exec-1] INFO  o.s.web.servlet.DispatcherServlet - Initializing Servlet 'dispatcherServlet'
2024-02-11 18:58:24.076 [http-nio-8080-exec-1] INFO  o.s.web.servlet.DispatcherServlet - Completed initialization in 1 ms
2024-02-11 18:59:02.005 [main] INFO  c.s.alerts.AlertsApplicationTests - Starting AlertsApplicationTests using Java 21 with PID 21856 (started by Pochi in C:\Users\Pochi\Documents\Projet5\alerts\alerts)
2024-02-11 18:59:02.009 [main] INFO  c.s.alerts.AlertsApplicationTests - No active profile set, falling back to 1 default profile: "default"
2024-02-11 18:59:07.153 [main] INFO  o.s.b.t.m.w.SpringBootMockServletContext - Initializing Spring TestDispatcherServlet ''
2024-02-11 18:59:07.154 [main] INFO  o.s.t.w.s.TestDispatcherServlet - Initializing Servlet ''
2024-02-11 18:59:07.163 [main] INFO  o.s.t.w.s.TestDispatcherServlet - Completed initialization in 6 ms
2024-02-11 18:59:07.249 [main] INFO  c.s.alerts.AlertsApplicationTests - Started AlertsApplicationTests in 6.485 seconds (process running for 9.239)
2024-02-11 18:59:07.575 [main] INFO  o.s.t.c.s.AnnotationConfigContextLoaderUtils - Could not detect default configuration classes for test class [com.safetynet.alerts.JsonReadTests]: JsonReadTests does not declare any static, non-private, non-final, nested classes annotated with @Configuration.
2024-02-11 18:59:07.585 [main] INFO  o.s.b.t.c.SpringBootTestContextBootstrapper - Found @SpringBootConfiguration com.safetynet.alerts.AlertsApplication for test class com.safetynet.alerts.JsonReadTests
2024-02-11 18:59:07.709 [main] INFO  com.safetynet.alerts.JsonReadTests - Starting JsonReadTests using Java 21 with PID 21856 (started by Pochi in C:\Users\Pochi\Documents\Projet5\alerts\alerts)
2024-02-11 18:59:07.711 [main] INFO  com.safetynet.alerts.JsonReadTests - No active profile set, falling back to 1 default profile: "default"
2024-02-11 18:59:09.211 [main] INFO  com.safetynet.alerts.JsonReadTests - Started JsonReadTests in 1.604 seconds (process running for 11.202)
2024-02-11 18:59:32.238 [main] INFO  c.s.alerts.AlertsApplicationTests - Starting AlertsApplicationTests using Java 21 with PID 21044 (started by Pochi in C:\Users\Pochi\Documents\Projet5\alerts\alerts)
2024-02-11 18:59:32.241 [main] INFO  c.s.alerts.AlertsApplicationTests - No active profile set, falling back to 1 default profile: "default"
2024-02-11 18:59:36.802 [main] INFO  o.s.b.t.m.w.SpringBootMockServletContext - Initializing Spring TestDispatcherServlet ''
2024-02-11 18:59:36.803 [main] INFO  o.s.t.w.s.TestDispatcherServlet - Initializing Servlet ''
2024-02-11 18:59:36.809 [main] INFO  o.s.t.w.s.TestDispatcherServlet - Completed initialization in 3 ms
2024-02-11 18:59:36.878 [main] INFO  c.s.alerts.AlertsApplicationTests - Started AlertsApplicationTests in 5.838 seconds (process running for 9.309)
2024-02-11 18:59:37.181 [main] INFO  o.s.t.c.s.AnnotationConfigContextLoaderUtils - Could not detect default configuration classes for test class [com.safetynet.alerts.JsonReadTests]: JsonReadTests does not declare any static, non-private, non-final, nested classes annotated with @Configuration.
2024-02-11 18:59:37.190 [main] INFO  o.s.b.t.c.SpringBootTestContextBootstrapper - Found @SpringBootConfiguration com.safetynet.alerts.AlertsApplication for test class com.safetynet.alerts.JsonReadTests
2024-02-11 18:59:37.277 [main] INFO  com.safetynet.alerts.JsonReadTests - Starting JsonReadTests using Java 21 with PID 21044 (started by Pochi in C:\Users\Pochi\Documents\Projet5\alerts\alerts)
2024-02-11 18:59:37.278 [main] INFO  com.safetynet.alerts.JsonReadTests - No active profile set, falling back to 1 default profile: "default"
2024-02-11 18:59:38.659 [main] INFO  com.safetynet.alerts.JsonReadTests - Started JsonReadTests in 1.45 seconds (process running for 11.09)
2024-02-11 19:00:05.314 [main] INFO  c.s.alerts.AlertsApplicationTests - Starting AlertsApplicationTests using Java 21 with PID 17192 (started by Pochi in C:\Users\Pochi\Documents\Projet5\alerts\alerts)
2024-02-11 19:00:05.317 [main] INFO  c.s.alerts.AlertsApplicationTests - No active profile set, falling back to 1 default profile: "default"
2024-02-11 19:00:10.163 [main] INFO  o.s.b.t.m.w.SpringBootMockServletContext - Initializing Spring TestDispatcherServlet ''
2024-02-11 19:00:10.164 [main] INFO  o.s.t.w.s.TestDispatcherServlet - Initializing Servlet ''
2024-02-11 19:00:10.171 [main] INFO  o.s.t.w.s.TestDispatcherServlet - Completed initialization in 3 ms
2024-02-11 19:00:10.243 [main] INFO  c.s.alerts.AlertsApplicationTests - Started AlertsApplicationTests in 6.108 seconds (process running for 8.689)
2024-02-11 19:00:10.565 [main] INFO  o.s.t.c.s.AnnotationConfigContextLoaderUtils - Could not detect default configuration classes for test class [com.safetynet.alerts.JsonReadTests]: JsonReadTests does not declare any static, non-private, non-final, nested classes annotated with @Configuration.
2024-02-11 19:00:10.574 [main] INFO  o.s.b.t.c.SpringBootTestContextBootstrapper - Found @SpringBootConfiguration com.safetynet.alerts.AlertsApplication for test class com.safetynet.alerts.JsonReadTests
2024-02-11 19:00:10.660 [main] INFO  com.safetynet.alerts.JsonReadTests - Starting JsonReadTests using Java 21 with PID 17192 (started by Pochi in C:\Users\Pochi\Documents\Projet5\alerts\alerts)
2024-02-11 19:00:10.660 [main] INFO  com.safetynet.alerts.JsonReadTests - No active profile set, falling back to 1 default profile: "default"
2024-02-11 19:00:12.052 [main] INFO  com.safetynet.alerts.JsonReadTests - Started JsonReadTests in 1.457 seconds (process running for 10.498)
2024-02-11 19:01:12.170 [main] INFO  c.s.alerts.AlertsApplicationTests - Starting AlertsApplicationTests using Java 21 with PID 13856 (started by Pochi in C:\Users\Pochi\Documents\Projet5\alerts\alerts)
2024-02-11 19:01:12.173 [main] INFO  c.s.alerts.AlertsApplicationTests - No active profile set, falling back to 1 default profile: "default"
2024-02-11 19:01:16.797 [main] INFO  o.s.b.t.m.w.SpringBootMockServletContext - Initializing Spring TestDispatcherServlet ''
2024-02-11 19:01:16.798 [main] INFO  o.s.t.w.s.TestDispatcherServlet - Initializing Servlet ''
2024-02-11 19:01:16.805 [main] INFO  o.s.t.w.s.TestDispatcherServlet - Completed initialization in 3 ms
2024-02-11 19:01:16.875 [main] INFO  c.s.alerts.AlertsApplicationTests - Started AlertsApplicationTests in 5.867 seconds (process running for 8.707)
2024-02-11 19:01:17.182 [main] INFO  o.s.t.c.s.AnnotationConfigContextLoaderUtils - Could not detect default configuration classes for test class [com.safetynet.alerts.JsonReadTests]: JsonReadTests does not declare any static, non-private, non-final, nested classes annotated with @Configuration.
2024-02-11 19:01:17.192 [main] INFO  o.s.b.t.c.SpringBootTestContextBootstrapper - Found @SpringBootConfiguration com.safetynet.alerts.AlertsApplication for test class com.safetynet.alerts.JsonReadTests
2024-02-11 19:01:17.282 [main] INFO  com.safetynet.alerts.JsonReadTests - Starting JsonReadTests using Java 21 with PID 13856 (started by Pochi in C:\Users\Pochi\Documents\Projet5\alerts\alerts)
2024-02-11 19:01:17.284 [main] INFO  com.safetynet.alerts.JsonReadTests - No active profile set, falling back to 1 default profile: "default"
2024-02-11 19:01:18.671 [main] INFO  com.safetynet.alerts.JsonReadTests - Started JsonReadTests in 1.457 seconds (process running for 10.503)
2024-02-11 19:02:05.623 [main] INFO  c.s.alerts.AlertsApplicationTests - Starting AlertsApplicationTests using Java 21 with PID 21728 (started by Pochi in C:\Users\Pochi\Documents\Projet5\alerts\alerts)
2024-02-11 19:02:05.627 [main] INFO  c.s.alerts.AlertsApplicationTests - No active profile set, falling back to 1 default profile: "default"
2024-02-11 19:02:09.920 [main] INFO  o.s.b.t.m.w.SpringBootMockServletContext - Initializing Spring TestDispatcherServlet ''
2024-02-11 19:02:09.921 [main] INFO  o.s.t.w.s.TestDispatcherServlet - Initializing Servlet ''
2024-02-11 19:02:09.926 [main] INFO  o.s.t.w.s.TestDispatcherServlet - Completed initialization in 3 ms
2024-02-11 19:02:10.000 [main] INFO  c.s.alerts.AlertsApplicationTests - Started AlertsApplicationTests in 5.57 seconds (process running for 8.095)
2024-02-11 19:02:10.332 [main] INFO  o.s.t.c.s.AnnotationConfigContextLoaderUtils - Could not detect default configuration classes for test class [com.safetynet.alerts.JsonReadTests]: JsonReadTests does not declare any static, non-private, non-final, nested classes annotated with @Configuration.
2024-02-11 19:02:10.341 [main] INFO  o.s.b.t.c.SpringBootTestContextBootstrapper - Found @SpringBootConfiguration com.safetynet.alerts.AlertsApplication for test class com.safetynet.alerts.JsonReadTests
2024-02-11 19:02:10.428 [main] INFO  com.safetynet.alerts.JsonReadTests - Starting JsonReadTests using Java 21 with PID 21728 (started by Pochi in C:\Users\Pochi\Documents\Projet5\alerts\alerts)
2024-02-11 19:02:10.429 [main] INFO  com.safetynet.alerts.JsonReadTests - No active profile set, falling back to 1 default profile: "default"
2024-02-11 19:02:11.633 [main] INFO  com.safetynet.alerts.JsonReadTests - Started JsonReadTests in 1.269 seconds (process running for 9.728)
2024-02-11 19:02:41.700 [main] INFO  c.s.alerts.AlertsApplicationTests - Starting AlertsApplicationTests using Java 21 with PID 8204 (started by Pochi in C:\Users\Pochi\Documents\Projet5\alerts\alerts)
2024-02-11 19:02:41.702 [main] INFO  c.s.alerts.AlertsApplicationTests - No active profile set, falling back to 1 default profile: "default"
2024-02-11 19:02:46.204 [main] INFO  o.s.b.t.m.w.SpringBootMockServletContext - Initializing Spring TestDispatcherServlet ''
2024-02-11 19:02:46.204 [main] INFO  o.s.t.w.s.TestDispatcherServlet - Initializing Servlet ''
2024-02-11 19:02:46.210 [main] INFO  o.s.t.w.s.TestDispatcherServlet - Completed initialization in 2 ms
2024-02-11 19:02:46.265 [main] INFO  c.s.alerts.AlertsApplicationTests - Started AlertsApplicationTests in 5.706 seconds (process running for 8.307)
2024-02-11 19:02:46.556 [main] INFO  o.s.t.c.s.AnnotationConfigContextLoaderUtils - Could not detect default configuration classes for test class [com.safetynet.alerts.JsonReadTests]: JsonReadTests does not declare any static, non-private, non-final, nested classes annotated with @Configuration.
2024-02-11 19:02:46.564 [main] INFO  o.s.b.t.c.SpringBootTestContextBootstrapper - Found @SpringBootConfiguration com.safetynet.alerts.AlertsApplication for test class com.safetynet.alerts.JsonReadTests
2024-02-11 19:02:46.648 [main] INFO  com.safetynet.alerts.JsonReadTests - Starting JsonReadTests using Java 21 with PID 8204 (started by Pochi in C:\Users\Pochi\Documents\Projet5\alerts\alerts)
2024-02-11 19:02:46.649 [main] INFO  com.safetynet.alerts.JsonReadTests - No active profile set, falling back to 1 default profile: "default"
2024-02-11 19:02:47.885 [main] INFO  com.safetynet.alerts.JsonReadTests - Started JsonReadTests in 1.295 seconds (process running for 9.927)
2024-02-11 19:05:03.121 [main] INFO  c.s.alerts.AlertsApplicationTests - Starting AlertsApplicationTests using Java 21 with PID 22308 (started by Pochi in C:\Users\Pochi\Documents\Projet5\alerts\alerts)
2024-02-11 19:05:03.125 [main] INFO  c.s.alerts.AlertsApplicationTests - No active profile set, falling back to 1 default profile: "default"
2024-02-11 19:05:07.551 [main] INFO  o.s.b.t.m.w.SpringBootMockServletContext - Initializing Spring TestDispatcherServlet ''
2024-02-11 19:05:07.551 [main] INFO  o.s.t.w.s.TestDispatcherServlet - Initializing Servlet ''
2024-02-11 19:05:07.557 [main] INFO  o.s.t.w.s.TestDispatcherServlet - Completed initialization in 3 ms
2024-02-11 19:05:07.626 [main] INFO  c.s.alerts.AlertsApplicationTests - Started AlertsApplicationTests in 5.747 seconds (process running for 8.468)
2024-02-11 19:05:07.934 [main] INFO  o.s.t.c.s.AnnotationConfigContextLoaderUtils - Could not detect default configuration classes for test class [com.safetynet.alerts.JsonReadTests]: JsonReadTests does not declare any static, non-private, non-final, nested classes annotated with @Configuration.
2024-02-11 19:05:07.941 [main] INFO  o.s.b.t.c.SpringBootTestContextBootstrapper - Found @SpringBootConfiguration com.safetynet.alerts.AlertsApplication for test class com.safetynet.alerts.JsonReadTests
2024-02-11 19:05:08.022 [main] INFO  com.safetynet.alerts.JsonReadTests - Starting JsonReadTests using Java 21 with PID 22308 (started by Pochi in C:\Users\Pochi\Documents\Projet5\alerts\alerts)
2024-02-11 19:05:08.022 [main] INFO  com.safetynet.alerts.JsonReadTests - No active profile set, falling back to 1 default profile: "default"
2024-02-11 19:05:09.202 [main] INFO  com.safetynet.alerts.JsonReadTests - Started JsonReadTests in 1.24 seconds (process running for 10.044)
2024-02-11 19:22:54.966 [main] INFO  c.s.alerts.AlertsApplicationTests - Starting AlertsApplicationTests using Java 21 with PID 10872 (started by Pochi in C:\Users\Pochi\Documents\Projet5\alerts\alerts)
2024-02-11 19:22:54.972 [main] INFO  c.s.alerts.AlertsApplicationTests - No active profile set, falling back to 1 default profile: "default"
2024-02-11 19:23:00.022 [main] INFO  o.s.b.t.m.w.SpringBootMockServletContext - Initializing Spring TestDispatcherServlet ''
2024-02-11 19:23:00.023 [main] INFO  o.s.t.w.s.TestDispatcherServlet - Initializing Servlet ''
2024-02-11 19:23:00.029 [main] INFO  o.s.t.w.s.TestDispatcherServlet - Completed initialization in 3 ms
2024-02-11 19:23:00.099 [main] INFO  c.s.alerts.AlertsApplicationTests - Started AlertsApplicationTests in 6.638 seconds (process running for 9.753)
2024-02-11 19:23:00.447 [main] INFO  o.s.t.c.s.AnnotationConfigContextLoaderUtils - Could not detect default configuration classes for test class [com.safetynet.alerts.JsonReadTests]: JsonReadTests does not declare any static, non-private, non-final, nested classes annotated with @Configuration.
2024-02-11 19:23:00.459 [main] INFO  o.s.b.t.c.SpringBootTestContextBootstrapper - Found @SpringBootConfiguration com.safetynet.alerts.AlertsApplication for test class com.safetynet.alerts.JsonReadTests
2024-02-11 19:23:00.606 [main] INFO  com.safetynet.alerts.JsonReadTests - Starting JsonReadTests using Java 21 with PID 10872 (started by Pochi in C:\Users\Pochi\Documents\Projet5\alerts\alerts)
2024-02-11 19:23:00.608 [main] INFO  com.safetynet.alerts.JsonReadTests - No active profile set, falling back to 1 default profile: "default"
2024-02-11 19:23:01.945 [main] INFO  com.safetynet.alerts.JsonReadTests - Started JsonReadTests in 1.446 seconds (process running for 11.599)
2024-02-11 19:23:56.420 [main] INFO  c.safetynet.alerts.AlertsApplication - Starting AlertsApplication using Java 21 with PID 5288 (C:\Users\Pochi\Documents\Projet5\alerts\alerts\target\classes started by Pochi in C:\Users\Pochi\Documents\Projet5\alerts\alerts)
2024-02-11 19:23:56.430 [main] INFO  c.safetynet.alerts.AlertsApplication - No active profile set, falling back to 1 default profile: "default"
2024-02-11 19:23:58.900 [main] INFO  o.s.b.w.e.tomcat.TomcatWebServer - Tomcat initialized with port 8080 (http)
2024-02-11 19:23:58.932 [main] INFO  o.a.coyote.http11.Http11NioProtocol - Initializing ProtocolHandler ["http-nio-8080"]
2024-02-11 19:23:58.937 [main] INFO  o.a.catalina.core.StandardService - Starting service [Tomcat]
2024-02-11 19:23:58.938 [main] INFO  o.a.catalina.core.StandardEngine - Starting Servlet engine: [Apache Tomcat/10.1.17]
2024-02-11 19:23:59.038 [main] INFO  o.a.c.c.C.[Tomcat].[localhost].[/] - Initializing Spring embedded WebApplicationContext
2024-02-11 19:23:59.041 [main] INFO  o.s.b.w.s.c.ServletWebServerApplicationContext - Root WebApplicationContext: initialization completed in 2442 ms
2024-02-11 19:23:59.708 [main] INFO  o.a.coyote.http11.Http11NioProtocol - Starting ProtocolHandler ["http-nio-8080"]
2024-02-11 19:23:59.751 [main] INFO  o.s.b.w.e.tomcat.TomcatWebServer - Tomcat started on port 8080 (http) with context path ''
2024-02-11 19:23:59.763 [main] INFO  c.safetynet.alerts.AlertsApplication - Started AlertsApplication in 4.507 seconds (process running for 5.255)
2024-02-11 19:24:17.700 [main] INFO  c.s.alerts.AlertsApplicationTests - Starting AlertsApplicationTests using Java 21 with PID 4840 (started by Pochi in C:\Users\Pochi\Documents\Projet5\alerts\alerts)
2024-02-11 19:24:17.704 [main] INFO  c.s.alerts.AlertsApplicationTests - No active profile set, falling back to 1 default profile: "default"
2024-02-11 19:24:22.627 [main] INFO  o.s.b.t.m.w.SpringBootMockServletContext - Initializing Spring TestDispatcherServlet ''
2024-02-11 19:24:22.628 [main] INFO  o.s.t.w.s.TestDispatcherServlet - Initializing Servlet ''
2024-02-11 19:24:22.638 [main] INFO  o.s.t.w.s.TestDispatcherServlet - Completed initialization in 3 ms
2024-02-11 19:24:22.706 [main] INFO  c.s.alerts.AlertsApplicationTests - Started AlertsApplicationTests in 6.331 seconds (process running for 9.233)
2024-02-11 19:24:23.016 [main] INFO  o.s.t.c.s.AnnotationConfigContextLoaderUtils - Could not detect default configuration classes for test class [com.safetynet.alerts.JsonReadTests]: JsonReadTests does not declare any static, non-private, non-final, nested classes annotated with @Configuration.
2024-02-11 19:24:23.026 [main] INFO  o.s.b.t.c.SpringBootTestContextBootstrapper - Found @SpringBootConfiguration com.safetynet.alerts.AlertsApplication for test class com.safetynet.alerts.JsonReadTests
2024-02-11 19:24:23.142 [main] INFO  com.safetynet.alerts.JsonReadTests - Starting JsonReadTests using Java 21 with PID 4840 (started by Pochi in C:\Users\Pochi\Documents\Projet5\alerts\alerts)
2024-02-11 19:24:23.143 [main] INFO  com.safetynet.alerts.JsonReadTests - No active profile set, falling back to 1 default profile: "default"
2024-02-11 19:24:24.439 [main] INFO  com.safetynet.alerts.JsonReadTests - Started JsonReadTests in 1.384 seconds (process running for 10.965)
2024-02-11 19:25:44.128 [http-nio-8080-exec-1] INFO  o.a.c.c.C.[Tomcat].[localhost].[/] - Initializing Spring DispatcherServlet 'dispatcherServlet'
2024-02-11 19:25:44.129 [http-nio-8080-exec-1] INFO  o.s.web.servlet.DispatcherServlet - Initializing Servlet 'dispatcherServlet'
2024-02-11 19:25:44.131 [http-nio-8080-exec-1] INFO  o.s.web.servlet.DispatcherServlet - Completed initialization in 1 ms
2024-02-11 19:25:44.194 [http-nio-8080-exec-1] ERROR com.safetynet.alerts.model.JsonElts -  'Person' couldn't be deleted - Not found by value :johnboy
2024-02-11 19:25:53.591 [http-nio-8080-exec-2] INFO  com.safetynet.alerts.model.JsonElts -  'Person' correctly deleted - Value:johnboyd
2024-02-11 19:28:40.357 [main] INFO  c.s.alerts.AlertsApplicationTests - Starting AlertsApplicationTests using Java 21 with PID 20900 (started by Pochi in C:\Users\Pochi\Documents\Projet5\alerts\alerts)
2024-02-11 19:28:40.360 [main] INFO  c.s.alerts.AlertsApplicationTests - No active profile set, falling back to 1 default profile: "default"
2024-02-11 19:28:45.135 [main] INFO  o.s.b.t.m.w.SpringBootMockServletContext - Initializing Spring TestDispatcherServlet ''
2024-02-11 19:28:45.136 [main] INFO  o.s.t.w.s.TestDispatcherServlet - Initializing Servlet ''
2024-02-11 19:28:45.142 [main] INFO  o.s.t.w.s.TestDispatcherServlet - Completed initialization in 4 ms
2024-02-11 19:28:45.217 [main] INFO  c.s.alerts.AlertsApplicationTests - Started AlertsApplicationTests in 6.018 seconds (process running for 8.658)
2024-02-11 19:28:45.555 [main] INFO  o.s.t.c.s.AnnotationConfigContextLoaderUtils - Could not detect default configuration classes for test class [com.safetynet.alerts.JsonReadTests]: JsonReadTests does not declare any static, non-private, non-final, nested classes annotated with @Configuration.
2024-02-11 19:28:45.563 [main] INFO  o.s.b.t.c.SpringBootTestContextBootstrapper - Found @SpringBootConfiguration com.safetynet.alerts.AlertsApplication for test class com.safetynet.alerts.JsonReadTests
2024-02-11 19:28:45.641 [main] INFO  com.safetynet.alerts.JsonReadTests - Starting JsonReadTests using Java 21 with PID 20900 (started by Pochi in C:\Users\Pochi\Documents\Projet5\alerts\alerts)
2024-02-11 19:28:45.642 [main] INFO  com.safetynet.alerts.JsonReadTests - No active profile set, falling back to 1 default profile: "default"
2024-02-11 19:28:46.909 [main] INFO  com.safetynet.alerts.JsonReadTests - Started JsonReadTests in 1.33 seconds (process running for 10.351)
2024-02-11 19:30:09.254 [main] INFO  c.s.alerts.AlertsApplicationTests - Starting AlertsApplicationTests using Java 21 with PID 20256 (started by Pochi in C:\Users\Pochi\Documents\Projet5\alerts\alerts)
2024-02-11 19:30:09.260 [main] INFO  c.s.alerts.AlertsApplicationTests - No active profile set, falling back to 1 default profile: "default"
2024-02-11 19:30:13.841 [main] INFO  o.s.b.t.m.w.SpringBootMockServletContext - Initializing Spring TestDispatcherServlet ''
2024-02-11 19:30:13.842 [main] INFO  o.s.t.w.s.TestDispatcherServlet - Initializing Servlet ''
2024-02-11 19:30:13.849 [main] INFO  o.s.t.w.s.TestDispatcherServlet - Completed initialization in 4 ms
2024-02-11 19:30:13.936 [main] INFO  c.s.alerts.AlertsApplicationTests - Started AlertsApplicationTests in 5.986 seconds (process running for 8.673)
2024-02-11 19:30:14.324 [main] INFO  o.s.t.c.s.AnnotationConfigContextLoaderUtils - Could not detect default configuration classes for test class [com.safetynet.alerts.JsonReadTests]: JsonReadTests does not declare any static, non-private, non-final, nested classes annotated with @Configuration.
2024-02-11 19:30:14.383 [main] INFO  o.s.b.t.c.SpringBootTestContextBootstrapper - Found @SpringBootConfiguration com.safetynet.alerts.AlertsApplication for test class com.safetynet.alerts.JsonReadTests
2024-02-11 19:30:14.467 [main] INFO  com.safetynet.alerts.JsonReadTests - Starting JsonReadTests using Java 21 with PID 20256 (started by Pochi in C:\Users\Pochi\Documents\Projet5\alerts\alerts)
2024-02-11 19:30:14.468 [main] INFO  com.safetynet.alerts.JsonReadTests - No active profile set, falling back to 1 default profile: "default"
2024-02-11 19:30:16.492 [main] INFO  com.safetynet.alerts.JsonReadTests - Started JsonReadTests in 2.087 seconds (process running for 11.229)
2024-02-11 19:31:45.056 [main] INFO  c.s.alerts.AlertsApplicationTests - Starting AlertsApplicationTests using Java 21 with PID 17816 (started by Pochi in C:\Users\Pochi\Documents\Projet5\alerts\alerts)
2024-02-11 19:31:45.062 [main] INFO  c.s.alerts.AlertsApplicationTests - No active profile set, falling back to 1 default profile: "default"
2024-02-11 19:31:49.484 [main] INFO  o.s.b.t.m.w.SpringBootMockServletContext - Initializing Spring TestDispatcherServlet ''
2024-02-11 19:31:49.484 [main] INFO  o.s.t.w.s.TestDispatcherServlet - Initializing Servlet ''
2024-02-11 19:31:49.490 [main] INFO  o.s.t.w.s.TestDispatcherServlet - Completed initialization in 2 ms
2024-02-11 19:31:49.554 [main] INFO  c.s.alerts.AlertsApplicationTests - Started AlertsApplicationTests in 5.703 seconds (process running for 8.17)
2024-02-11 19:31:49.916 [main] INFO  o.s.t.c.s.AnnotationConfigContextLoaderUtils - Could not detect default configuration classes for test class [com.safetynet.alerts.JsonReadTests]: JsonReadTests does not declare any static, non-private, non-final, nested classes annotated with @Configuration.
2024-02-11 19:31:49.970 [main] INFO  o.s.b.t.c.SpringBootTestContextBootstrapper - Found @SpringBootConfiguration com.safetynet.alerts.AlertsApplication for test class com.safetynet.alerts.JsonReadTests
2024-02-11 19:31:50.048 [main] INFO  com.safetynet.alerts.JsonReadTests - Starting JsonReadTests using Java 21 with PID 17816 (started by Pochi in C:\Users\Pochi\Documents\Projet5\alerts\alerts)
2024-02-11 19:31:50.049 [main] INFO  com.safetynet.alerts.JsonReadTests - No active profile set, falling back to 1 default profile: "default"
2024-02-11 19:31:51.719 [main] INFO  com.safetynet.alerts.JsonReadTests - Started JsonReadTests in 1.728 seconds (process running for 10.334)
2024-02-11 19:35:06.821 [main] INFO  c.s.alerts.AlertsApplicationTests - Starting AlertsApplicationTests using Java 21 with PID 1924 (started by Pochi in C:\Users\Pochi\Documents\Projet5\alerts\alerts)
2024-02-11 19:35:06.824 [main] INFO  c.s.alerts.AlertsApplicationTests - No active profile set, falling back to 1 default profile: "default"
2024-02-11 19:35:11.305 [main] INFO  o.s.b.t.m.w.SpringBootMockServletContext - Initializing Spring TestDispatcherServlet ''
2024-02-11 19:35:11.305 [main] INFO  o.s.t.w.s.TestDispatcherServlet - Initializing Servlet ''
2024-02-11 19:35:11.310 [main] INFO  o.s.t.w.s.TestDispatcherServlet - Completed initialization in 2 ms
2024-02-11 19:35:11.373 [main] INFO  c.s.alerts.AlertsApplicationTests - Started AlertsApplicationTests in 5.802 seconds (process running for 8.934)
2024-02-11 19:35:11.491 [main] INFO  o.s.t.c.s.AnnotationConfigContextLoaderUtils - Could not detect default configuration classes for test class [com.safetynet.alerts.JsonReadTests]: JsonReadTests does not declare any static, non-private, non-final, nested classes annotated with @Configuration.
2024-02-11 19:35:11.500 [main] INFO  o.s.b.t.c.SpringBootTestContextBootstrapper - Found @SpringBootConfiguration com.safetynet.alerts.AlertsApplication for test class com.safetynet.alerts.JsonReadTests
2024-02-11 19:35:11.584 [main] INFO  com.safetynet.alerts.JsonReadTests - Starting JsonReadTests using Java 21 with PID 1924 (started by Pochi in C:\Users\Pochi\Documents\Projet5\alerts\alerts)
2024-02-11 19:35:11.585 [main] INFO  com.safetynet.alerts.JsonReadTests - No active profile set, falling back to 1 default profile: "default"
2024-02-11 19:35:12.805 [main] INFO  com.safetynet.alerts.JsonReadTests - Started JsonReadTests in 1.283 seconds (process running for 10.366)
2024-02-11 19:35:32.462 [main] INFO  c.s.alerts.AlertsApplicationTests - Starting AlertsApplicationTests using Java 21 with PID 1112 (started by Pochi in C:\Users\Pochi\Documents\Projet5\alerts\alerts)
2024-02-11 19:35:32.466 [main] INFO  c.s.alerts.AlertsApplicationTests - No active profile set, falling back to 1 default profile: "default"
2024-02-11 19:35:37.443 [main] INFO  o.s.b.t.m.w.SpringBootMockServletContext - Initializing Spring TestDispatcherServlet ''
2024-02-11 19:35:37.443 [main] INFO  o.s.t.w.s.TestDispatcherServlet - Initializing Servlet ''
2024-02-11 19:35:37.449 [main] INFO  o.s.t.w.s.TestDispatcherServlet - Completed initialization in 3 ms
2024-02-11 19:35:37.525 [main] INFO  c.s.alerts.AlertsApplicationTests - Started AlertsApplicationTests in 6.296 seconds (process running for 9.094)
2024-02-11 19:35:37.875 [main] INFO  o.s.t.c.s.AnnotationConfigContextLoaderUtils - Could not detect default configuration classes for test class [com.safetynet.alerts.JsonReadTests]: JsonReadTests does not declare any static, non-private, non-final, nested classes annotated with @Configuration.
2024-02-11 19:35:37.887 [main] INFO  o.s.b.t.c.SpringBootTestContextBootstrapper - Found @SpringBootConfiguration com.safetynet.alerts.AlertsApplication for test class com.safetynet.alerts.JsonReadTests
2024-02-11 19:35:37.995 [main] INFO  com.safetynet.alerts.JsonReadTests - Starting JsonReadTests using Java 21 with PID 1112 (started by Pochi in C:\Users\Pochi\Documents\Projet5\alerts\alerts)
2024-02-11 19:35:37.996 [main] INFO  com.safetynet.alerts.JsonReadTests - No active profile set, falling back to 1 default profile: "default"
2024-02-11 19:35:39.446 [main] INFO  com.safetynet.alerts.JsonReadTests - Started JsonReadTests in 1.539 seconds (process running for 11.016)
2024-02-11 19:37:18.038 [main] INFO  c.s.alerts.AlertsApplicationTests - Starting AlertsApplicationTests using Java 21 with PID 8088 (started by Pochi in C:\Users\Pochi\Documents\Projet5\alerts\alerts)
2024-02-11 19:37:18.041 [main] INFO  c.s.alerts.AlertsApplicationTests - No active profile set, falling back to 1 default profile: "default"
2024-02-11 19:37:22.482 [main] INFO  o.s.b.t.m.w.SpringBootMockServletContext - Initializing Spring TestDispatcherServlet ''
2024-02-11 19:37:22.483 [main] INFO  o.s.t.w.s.TestDispatcherServlet - Initializing Servlet ''
2024-02-11 19:37:22.493 [main] INFO  o.s.t.w.s.TestDispatcherServlet - Completed initialization in 4 ms
2024-02-11 19:37:22.577 [main] INFO  c.s.alerts.AlertsApplicationTests - Started AlertsApplicationTests in 5.667 seconds (process running for 8.639)
2024-02-11 19:37:22.958 [main] INFO  o.s.t.c.s.AnnotationConfigContextLoaderUtils - Could not detect default configuration classes for test class [com.safetynet.alerts.JsonReadTests]: JsonReadTests does not declare any static, non-private, non-final, nested classes annotated with @Configuration.
2024-02-11 19:37:22.966 [main] INFO  o.s.b.t.c.SpringBootTestContextBootstrapper - Found @SpringBootConfiguration com.safetynet.alerts.AlertsApplication for test class com.safetynet.alerts.JsonReadTests
2024-02-11 19:37:23.045 [main] INFO  com.safetynet.alerts.JsonReadTests - Starting JsonReadTests using Java 21 with PID 8088 (started by Pochi in C:\Users\Pochi\Documents\Projet5\alerts\alerts)
2024-02-11 19:37:23.046 [main] INFO  com.safetynet.alerts.JsonReadTests - No active profile set, falling back to 1 default profile: "default"
2024-02-11 19:37:24.308 [main] INFO  com.safetynet.alerts.JsonReadTests - Started JsonReadTests in 1.324 seconds (process running for 10.37)
2024-02-11 19:39:54.692 [main] INFO  c.s.alerts.AlertsApplicationTests - Starting AlertsApplicationTests using Java 21 with PID 2844 (started by Pochi in C:\Users\Pochi\Documents\Projet5\alerts\alerts)
2024-02-11 19:39:54.694 [main] INFO  c.s.alerts.AlertsApplicationTests - No active profile set, falling back to 1 default profile: "default"
2024-02-11 19:39:55.833 [main] WARN  o.s.w.c.s.GenericWebApplicationContext - Exception encountered during context initialization - cancelling refresh attempt: org.springframework.beans.factory.UnsatisfiedDependencyException: Error creating bean with name 'testController': Unsatisfied dependency expressed through field 'jsonReader': No qualifying bean of type 'com.safetynet.alerts.model.JsonReader' available: expected at least 1 bean which qualifies as autowire candidate. Dependency annotations: {@org.springframework.beans.factory.annotation.Autowired(required=true)}
2024-02-11 19:39:55.845 [main] INFO  o.s.b.a.l.ConditionEvaluationReportLogger - 

Error starting ApplicationContext. To display the condition evaluation report re-run your application with 'debug' enabled.
2024-02-11 19:39:55.905 [main] ERROR o.s.b.d.LoggingFailureAnalysisReporter - 

***************************
APPLICATION FAILED TO START
***************************

Description:

Field jsonReader in com.safetynet.alerts.controller.TestController required a bean of type 'com.safetynet.alerts.model.JsonReader' that could not be found.

The injection point has the following annotations:
	- @org.springframework.beans.factory.annotation.Autowired(required=true)


Action:

Consider defining a bean of type 'com.safetynet.alerts.model.JsonReader' in your configuration.

2024-02-11 19:39:55.918 [main] WARN  o.s.test.context.TestContextManager - Caught exception while allowing TestExecutionListener [org.springframework.test.context.support.DependencyInjectionTestExecutionListener] to prepare test instance [com.safetynet.alerts.AlertsApplicationTests@6cd7dc74]
java.lang.IllegalStateException: Failed to load ApplicationContext for [WebMergedContextConfiguration@154b0748 testClass = com.safetynet.alerts.AlertsApplicationTests, locations = [], classes = [com.safetynet.alerts.AlertsApplication], contextInitializerClasses = [], activeProfiles = [], propertySourceDescriptors = [], propertySourceProperties = ["org.springframework.boot.test.autoconfigure.web.servlet.WebMvcTestContextBootstrapper=true"], contextCustomizers = [[ImportsContextCustomizer@35c00c key = [org.springframework.boot.autoconfigure.task.TaskExecutionAutoConfiguration, org.springframework.boot.autoconfigure.cache.CacheAutoConfiguration, org.springframework.boot.autoconfigure.web.servlet.HttpEncodingAutoConfiguration, org.springframework.boot.autoconfigure.validation.ValidationAutoConfiguration, org.springframework.boot.autoconfigure.context.MessageSourceAutoConfiguration, org.springframework.boot.autoconfigure.hateoas.HypermediaAutoConfiguration, org.springframework.boot.autoconfigure.data.web.SpringDataWebAutoConfiguration, org.springframework.boot.autoconfigure.jackson.JacksonAutoConfiguration, org.springframework.boot.test.autoconfigure.web.reactive.WebTestClientAutoConfiguration, org.springframework.boot.autoconfigure.web.servlet.error.ErrorMvcAutoConfiguration, org.springframework.boot.test.autoconfigure.web.servlet.MockMvcAutoConfiguration, org.springframework.boot.autoconfigure.security.servlet.SecurityAutoConfiguration, org.springframework.boot.autoconfigure.security.servlet.SecurityFilterAutoConfiguration, org.springframework.boot.autoconfigure.http.HttpMessageConvertersAutoConfiguration, org.springframework.boot.autoconfigure.security.oauth2.client.servlet.OAuth2ClientAutoConfiguration, com.safetynet.alerts.controller.TestController, org.springframework.boot.test.autoconfigure.web.servlet.MockMvcSecurityConfiguration, org.springframework.boot.test.autoconfigure.web.servlet.MockMvcWebClientAutoConfiguration, org.springframework.boot.test.autoconfigure.web.servlet.MockMvcWebDriverAutoConfiguration, org.springframework.boot.autoconfigure.thymeleaf.ThymeleafAutoConfiguration, org.springframework.boot.autoconfigure.gson.GsonAutoConfiguration, org.springframework.boot.autoconfigure.jsonb.JsonbAutoConfiguration, org.springframework.boot.autoconfigure.freemarker.FreeMarkerAutoConfiguration, org.springframework.boot.autoconfigure.web.servlet.WebMvcAutoConfiguration, org.springframework.boot.autoconfigure.security.servlet.UserDetailsServiceAutoConfiguration, org.springframework.boot.autoconfigure.security.oauth2.resource.servlet.OAuth2ResourceServerAutoConfiguration, org.springframework.boot.autoconfigure.groovy.template.GroovyTemplateAutoConfiguration, org.springframework.boot.autoconfigure.mustache.MustacheAutoConfiguration]], org.springframework.boot.test.context.filter.ExcludeFilterContextCustomizer@3f3ddbd9, org.springframework.boot.test.json.DuplicateJsonObjectContextCustomizerFactory$DuplicateJsonObjectContextCustomizer@6134ac4a, org.springframework.boot.test.mock.mockito.MockitoContextCustomizer@0, org.springframework.boot.test.autoconfigure.OverrideAutoConfigurationContextCustomizerFactory$DisableAutoConfigurationContextCustomizer@742d4e15, org.springframework.boot.test.autoconfigure.actuate.observability.ObservabilityContextCustomizerFactory$DisableObservabilityContextCustomizer@1f, org.springframework.boot.test.autoconfigure.filter.TypeExcludeFiltersContextCustomizer@e2e0452a, org.springframework.boot.test.autoconfigure.properties.PropertyMappingContextCustomizer@f5dca84b, org.springframework.boot.test.autoconfigure.web.servlet.WebDriverContextCustomizer@13e9f2e2, org.springframework.boot.test.context.SpringBootTestAnnotation@885bd921], resourceBasePath = "src/main/webapp", contextLoader = org.springframework.boot.test.context.SpringBootContextLoader, parent = null]
	at org.springframework.test.context.cache.DefaultCacheAwareContextLoaderDelegate.loadContext(DefaultCacheAwareContextLoaderDelegate.java:180)
	at org.springframework.test.context.support.DefaultTestContext.getApplicationContext(DefaultTestContext.java:130)
	at org.springframework.test.context.support.DependencyInjectionTestExecutionListener.injectDependencies(DependencyInjectionTestExecutionListener.java:141)
	at org.springframework.test.context.support.DependencyInjectionTestExecutionListener.prepareTestInstance(DependencyInjectionTestExecutionListener.java:97)
	at org.springframework.test.context.TestContextManager.prepareTestInstance(TestContextManager.java:260)
	at org.springframework.test.context.junit.jupiter.SpringExtension.postProcessTestInstance(SpringExtension.java:163)
	at org.junit.jupiter.engine.descriptor.ClassBasedTestDescriptor.lambda$invokeTestInstancePostProcessors$10(ClassBasedTestDescriptor.java:378)
	at org.junit.jupiter.engine.descriptor.ClassBasedTestDescriptor.executeAndMaskThrowable(ClassBasedTestDescriptor.java:383)
	at org.junit.jupiter.engine.descriptor.ClassBasedTestDescriptor.lambda$invokeTestInstancePostProcessors$11(ClassBasedTestDescriptor.java:378)
	at java.base/java.util.stream.ReferencePipeline$3$1.accept(ReferencePipeline.java:197)
	at java.base/java.util.stream.ReferencePipeline$2$1.accept(ReferencePipeline.java:179)
	at java.base/java.util.ArrayList$ArrayListSpliterator.forEachRemaining(ArrayList.java:1708)
	at java.base/java.util.stream.AbstractPipeline.copyInto(AbstractPipeline.java:509)
	at java.base/java.util.stream.AbstractPipeline.wrapAndCopyInto(AbstractPipeline.java:499)
	at java.base/java.util.stream.StreamSpliterators$WrappingSpliterator.forEachRemaining(StreamSpliterators.java:310)
	at java.base/java.util.stream.Streams$ConcatSpliterator.forEachRemaining(Streams.java:735)
	at java.base/java.util.stream.Streams$ConcatSpliterator.forEachRemaining(Streams.java:734)
	at java.base/java.util.stream.ReferencePipeline$Head.forEach(ReferencePipeline.java:762)
	at org.junit.jupiter.engine.descriptor.ClassBasedTestDescriptor.invokeTestInstancePostProcessors(ClassBasedTestDescriptor.java:377)
	at org.junit.jupiter.engine.descriptor.ClassBasedTestDescriptor.lambda$instantiateAndPostProcessTestInstance$6(ClassBasedTestDescriptor.java:290)
	at org.junit.platform.engine.support.hierarchical.ThrowableCollector.execute(ThrowableCollector.java:73)
	at org.junit.jupiter.engine.descriptor.ClassBasedTestDescriptor.instantiateAndPostProcessTestInstance(ClassBasedTestDescriptor.java:289)
	at org.junit.jupiter.engine.descriptor.ClassBasedTestDescriptor.lambda$testInstancesProvider$4(ClassBasedTestDescriptor.java:279)
	at java.base/java.util.Optional.orElseGet(Optional.java:364)
	at org.junit.jupiter.engine.descriptor.ClassBasedTestDescriptor.lambda$testInstancesProvider$5(ClassBasedTestDescriptor.java:278)
	at org.junit.jupiter.engine.execution.TestInstancesProvider.getTestInstances(TestInstancesProvider.java:31)
	at org.junit.jupiter.engine.descriptor.TestMethodTestDescriptor.lambda$prepare$0(TestMethodTestDescriptor.java:106)
	at org.junit.platform.engine.support.hierarchical.ThrowableCollector.execute(ThrowableCollector.java:73)
	at org.junit.jupiter.engine.descriptor.TestMethodTestDescriptor.prepare(TestMethodTestDescriptor.java:105)
	at org.junit.jupiter.engine.descriptor.TestMethodTestDescriptor.prepare(TestMethodTestDescriptor.java:69)
	at org.junit.platform.engine.support.hierarchical.NodeTestTask.lambda$prepare$2(NodeTestTask.java:123)
	at org.junit.platform.engine.support.hierarchical.ThrowableCollector.execute(ThrowableCollector.java:73)
	at org.junit.platform.engine.support.hierarchical.NodeTestTask.prepare(NodeTestTask.java:123)
	at org.junit.platform.engine.support.hierarchical.NodeTestTask.execute(NodeTestTask.java:90)
	at java.base/java.util.ArrayList.forEach(ArrayList.java:1596)
	at org.junit.platform.engine.support.hierarchical.SameThreadHierarchicalTestExecutorService.invokeAll(SameThreadHierarchicalTestExecutorService.java:41)
	at org.junit.platform.engine.support.hierarchical.NodeTestTask.lambda$executeRecursively$6(NodeTestTask.java:155)
	at org.junit.platform.engine.support.hierarchical.ThrowableCollector.execute(ThrowableCollector.java:73)
	at org.junit.platform.engine.support.hierarchical.NodeTestTask.lambda$executeRecursively$8(NodeTestTask.java:141)
	at org.junit.platform.engine.support.hierarchical.Node.around(Node.java:137)
	at org.junit.platform.engine.support.hierarchical.NodeTestTask.lambda$executeRecursively$9(NodeTestTask.java:139)
	at org.junit.platform.engine.support.hierarchical.ThrowableCollector.execute(ThrowableCollector.java:73)
	at org.junit.platform.engine.support.hierarchical.NodeTestTask.executeRecursively(NodeTestTask.java:138)
	at org.junit.platform.engine.support.hierarchical.NodeTestTask.execute(NodeTestTask.java:95)
	at java.base/java.util.ArrayList.forEach(ArrayList.java:1596)
	at org.junit.platform.engine.support.hierarchical.SameThreadHierarchicalTestExecutorService.invokeAll(SameThreadHierarchicalTestExecutorService.java:41)
	at org.junit.platform.engine.support.hierarchical.NodeTestTask.lambda$executeRecursively$6(NodeTestTask.java:155)
	at org.junit.platform.engine.support.hierarchical.ThrowableCollector.execute(ThrowableCollector.java:73)
	at org.junit.platform.engine.support.hierarchical.NodeTestTask.lambda$executeRecursively$8(NodeTestTask.java:141)
	at org.junit.platform.engine.support.hierarchical.Node.around(Node.java:137)
	at org.junit.platform.engine.support.hierarchical.NodeTestTask.lambda$executeRecursively$9(NodeTestTask.java:139)
	at org.junit.platform.engine.support.hierarchical.ThrowableCollector.execute(ThrowableCollector.java:73)
	at org.junit.platform.engine.support.hierarchical.NodeTestTask.executeRecursively(NodeTestTask.java:138)
	at org.junit.platform.engine.support.hierarchical.NodeTestTask.execute(NodeTestTask.java:95)
	at org.junit.platform.engine.support.hierarchical.SameThreadHierarchicalTestExecutorService.submit(SameThreadHierarchicalTestExecutorService.java:35)
	at org.junit.platform.engine.support.hierarchical.HierarchicalTestExecutor.execute(HierarchicalTestExecutor.java:57)
	at org.junit.platform.engine.support.hierarchical.HierarchicalTestEngine.execute(HierarchicalTestEngine.java:54)
	at org.junit.platform.launcher.core.DefaultLauncher.execute(DefaultLauncher.java:220)
	at org.junit.platform.launcher.core.DefaultLauncher.lambda$execute$6(DefaultLauncher.java:188)
	at org.junit.platform.launcher.core.DefaultLauncher.withInterceptedStreams(DefaultLauncher.java:202)
	at org.junit.platform.launcher.core.DefaultLauncher.execute(DefaultLauncher.java:181)
	at org.junit.platform.launcher.core.DefaultLauncher.execute(DefaultLauncher.java:128)
	at org.junit.platform.surefire.provider.JUnitPlatformProvider.invokeAllTests(JUnitPlatformProvider.java:155)
	at org.junit.platform.surefire.provider.JUnitPlatformProvider.invoke(JUnitPlatformProvider.java:134)
	at org.apache.maven.surefire.booter.ForkedBooter.invokeProviderInSameClassLoader(ForkedBooter.java:383)
	at org.apache.maven.surefire.booter.ForkedBooter.runSuitesInProcess(ForkedBooter.java:344)
	at org.apache.maven.surefire.booter.ForkedBooter.execute(ForkedBooter.java:125)
	at org.apache.maven.surefire.booter.ForkedBooter.main(ForkedBooter.java:417)
Caused by: org.springframework.beans.factory.UnsatisfiedDependencyException: Error creating bean with name 'testController': Unsatisfied dependency expressed through field 'jsonReader': No qualifying bean of type 'com.safetynet.alerts.model.JsonReader' available: expected at least 1 bean which qualifies as autowire candidate. Dependency annotations: {@org.springframework.beans.factory.annotation.Autowired(required=true)}
	at org.springframework.beans.factory.annotation.AutowiredAnnotationBeanPostProcessor$AutowiredFieldElement.resolveFieldValue(AutowiredAnnotationBeanPostProcessor.java:787)
	at org.springframework.beans.factory.annotation.AutowiredAnnotationBeanPostProcessor$AutowiredFieldElement.inject(AutowiredAnnotationBeanPostProcessor.java:767)
	at org.springframework.beans.factory.annotation.InjectionMetadata.inject(InjectionMetadata.java:145)
	at org.springframework.beans.factory.annotation.AutowiredAnnotationBeanPostProcessor.postProcessProperties(AutowiredAnnotationBeanPostProcessor.java:508)
	at org.springframework.beans.factory.support.AbstractAutowireCapableBeanFactory.populateBean(AbstractAutowireCapableBeanFactory.java:1418)
	at org.springframework.beans.factory.support.AbstractAutowireCapableBeanFactory.doCreateBean(AbstractAutowireCapableBeanFactory.java:598)
	at org.springframework.beans.factory.support.AbstractAutowireCapableBeanFactory.createBean(AbstractAutowireCapableBeanFactory.java:521)
	at org.springframework.beans.factory.support.AbstractBeanFactory.lambda$doGetBean$0(AbstractBeanFactory.java:325)
	at org.springframework.beans.factory.support.DefaultSingletonBeanRegistry.getSingleton(DefaultSingletonBeanRegistry.java:234)
	at org.springframework.beans.factory.support.AbstractBeanFactory.doGetBean(AbstractBeanFactory.java:323)
	at org.springframework.beans.factory.support.AbstractBeanFactory.getBean(AbstractBeanFactory.java:199)
	at org.springframework.beans.factory.support.DefaultListableBeanFactory.preInstantiateSingletons(DefaultListableBeanFactory.java:975)
	at org.springframework.context.support.AbstractApplicationContext.finishBeanFactoryInitialization(AbstractApplicationContext.java:960)
	at org.springframework.context.support.AbstractApplicationContext.refresh(AbstractApplicationContext.java:625)
	at org.springframework.boot.SpringApplication.refresh(SpringApplication.java:762)
	at org.springframework.boot.SpringApplication.refreshContext(SpringApplication.java:464)
	at org.springframework.boot.SpringApplication.run(SpringApplication.java:334)
	at org.springframework.boot.test.context.SpringBootContextLoader.lambda$loadContext$3(SpringBootContextLoader.java:137)
	at org.springframework.util.function.ThrowingSupplier.get(ThrowingSupplier.java:58)
	at org.springframework.util.function.ThrowingSupplier.get(ThrowingSupplier.java:46)
	at org.springframework.boot.SpringApplication.withHook(SpringApplication.java:1458)
	at org.springframework.boot.test.context.SpringBootContextLoader$ContextLoaderHook.run(SpringBootContextLoader.java:552)
	at org.springframework.boot.test.context.SpringBootContextLoader.loadContext(SpringBootContextLoader.java:137)
	at org.springframework.boot.test.context.SpringBootContextLoader.loadContext(SpringBootContextLoader.java:108)
	at org.springframework.test.context.cache.DefaultCacheAwareContextLoaderDelegate.loadContextInternal(DefaultCacheAwareContextLoaderDelegate.java:225)
	at org.springframework.test.context.cache.DefaultCacheAwareContextLoaderDelegate.loadContext(DefaultCacheAwareContextLoaderDelegate.java:152)
	... 67 common frames omitted
Caused by: org.springframework.beans.factory.NoSuchBeanDefinitionException: No qualifying bean of type 'com.safetynet.alerts.model.JsonReader' available: expected at least 1 bean which qualifies as autowire candidate. Dependency annotations: {@org.springframework.beans.factory.annotation.Autowired(required=true)}
	at org.springframework.beans.factory.support.DefaultListableBeanFactory.raiseNoMatchingBeanFound(DefaultListableBeanFactory.java:1880)
	at org.springframework.beans.factory.support.DefaultListableBeanFactory.doResolveDependency(DefaultListableBeanFactory.java:1406)
	at org.springframework.beans.factory.support.DefaultListableBeanFactory.resolveDependency(DefaultListableBeanFactory.java:1353)
	at org.springframework.beans.factory.annotation.AutowiredAnnotationBeanPostProcessor$AutowiredFieldElement.resolveFieldValue(AutowiredAnnotationBeanPostProcessor.java:784)
	... 92 common frames omitted
2024-02-11 19:39:55.978 [main] INFO  o.s.t.c.s.AnnotationConfigContextLoaderUtils - Could not detect default configuration classes for test class [com.safetynet.alerts.JsonReadTests]: JsonReadTests does not declare any static, non-private, non-final, nested classes annotated with @Configuration.
2024-02-11 19:39:55.989 [main] INFO  o.s.b.t.c.SpringBootTestContextBootstrapper - Found @SpringBootConfiguration com.safetynet.alerts.AlertsApplication for test class com.safetynet.alerts.JsonReadTests
2024-02-11 19:39:56.073 [main] INFO  com.safetynet.alerts.JsonReadTests - Starting JsonReadTests using Java 21 with PID 2844 (started by Pochi in C:\Users\Pochi\Documents\Projet5\alerts\alerts)
2024-02-11 19:39:56.074 [main] INFO  com.safetynet.alerts.JsonReadTests - No active profile set, falling back to 1 default profile: "default"
2024-02-11 19:39:57.655 [main] INFO  com.safetynet.alerts.JsonReadTests - Started JsonReadTests in 1.651 seconds (process running for 6.733)
2024-02-11 19:42:00.331 [main] INFO  c.s.alerts.AlertsApplicationTests - Starting AlertsApplicationTests using Java 21 with PID 20308 (started by Pochi in C:\Users\Pochi\Documents\Projet5\alerts\alerts)
2024-02-11 19:42:00.334 [main] INFO  c.s.alerts.AlertsApplicationTests - No active profile set, falling back to 1 default profile: "default"
2024-02-11 19:42:01.659 [main] WARN  o.s.w.c.s.GenericWebApplicationContext - Exception encountered during context initialization - cancelling refresh attempt: org.springframework.beans.factory.UnsatisfiedDependencyException: Error creating bean with name 'testController': Unsatisfied dependency expressed through field 'jsonReader': No qualifying bean of type 'com.safetynet.alerts.model.JsonReader' available: expected at least 1 bean which qualifies as autowire candidate. Dependency annotations: {@org.springframework.beans.factory.annotation.Autowired(required=true)}
2024-02-11 19:42:01.672 [main] INFO  o.s.b.a.l.ConditionEvaluationReportLogger - 

Error starting ApplicationContext. To display the condition evaluation report re-run your application with 'debug' enabled.
2024-02-11 19:42:01.752 [main] ERROR o.s.b.d.LoggingFailureAnalysisReporter - 

***************************
APPLICATION FAILED TO START
***************************

Description:

Field jsonReader in com.safetynet.alerts.controller.TestController required a bean of type 'com.safetynet.alerts.model.JsonReader' that could not be found.

The injection point has the following annotations:
	- @org.springframework.beans.factory.annotation.Autowired(required=true)


Action:

Consider defining a bean of type 'com.safetynet.alerts.model.JsonReader' in your configuration.

2024-02-11 19:42:01.770 [main] WARN  o.s.test.context.TestContextManager - Caught exception while allowing TestExecutionListener [org.springframework.test.context.support.DependencyInjectionTestExecutionListener] to prepare test instance [com.safetynet.alerts.AlertsApplicationTests@5ca8bd01]
java.lang.IllegalStateException: Failed to load ApplicationContext for [WebMergedContextConfiguration@20556566 testClass = com.safetynet.alerts.AlertsApplicationTests, locations = [], classes = [com.safetynet.alerts.AlertsApplication], contextInitializerClasses = [], activeProfiles = [], propertySourceDescriptors = [], propertySourceProperties = ["org.springframework.boot.test.autoconfigure.web.servlet.WebMvcTestContextBootstrapper=true"], contextCustomizers = [[ImportsContextCustomizer@e4ef4c0 key = [org.springframework.boot.autoconfigure.task.TaskExecutionAutoConfiguration, org.springframework.boot.autoconfigure.cache.CacheAutoConfiguration, org.springframework.boot.autoconfigure.web.servlet.HttpEncodingAutoConfiguration, org.springframework.boot.autoconfigure.validation.ValidationAutoConfiguration, org.springframework.boot.autoconfigure.context.MessageSourceAutoConfiguration, org.springframework.boot.autoconfigure.hateoas.HypermediaAutoConfiguration, org.springframework.boot.autoconfigure.data.web.SpringDataWebAutoConfiguration, org.springframework.boot.autoconfigure.jackson.JacksonAutoConfiguration, org.springframework.boot.test.autoconfigure.web.reactive.WebTestClientAutoConfiguration, org.springframework.boot.autoconfigure.web.servlet.error.ErrorMvcAutoConfiguration, org.springframework.boot.test.autoconfigure.web.servlet.MockMvcAutoConfiguration, org.springframework.boot.autoconfigure.security.servlet.SecurityAutoConfiguration, org.springframework.boot.autoconfigure.security.servlet.SecurityFilterAutoConfiguration, org.springframework.boot.autoconfigure.http.HttpMessageConvertersAutoConfiguration, org.springframework.boot.autoconfigure.security.oauth2.client.servlet.OAuth2ClientAutoConfiguration, com.safetynet.alerts.controller.TestController, org.springframework.boot.test.autoconfigure.web.servlet.MockMvcSecurityConfiguration, org.springframework.boot.test.autoconfigure.web.servlet.MockMvcWebClientAutoConfiguration, org.springframework.boot.test.autoconfigure.web.servlet.MockMvcWebDriverAutoConfiguration, org.springframework.boot.autoconfigure.thymeleaf.ThymeleafAutoConfiguration, org.springframework.boot.autoconfigure.gson.GsonAutoConfiguration, org.springframework.boot.autoconfigure.jsonb.JsonbAutoConfiguration, org.springframework.boot.autoconfigure.freemarker.FreeMarkerAutoConfiguration, org.springframework.boot.autoconfigure.web.servlet.WebMvcAutoConfiguration, org.springframework.boot.autoconfigure.security.servlet.UserDetailsServiceAutoConfiguration, org.springframework.boot.autoconfigure.security.oauth2.resource.servlet.OAuth2ResourceServerAutoConfiguration, org.springframework.boot.autoconfigure.groovy.template.GroovyTemplateAutoConfiguration, org.springframework.boot.autoconfigure.mustache.MustacheAutoConfiguration]], org.springframework.boot.test.context.filter.ExcludeFilterContextCustomizer@3f3ddbd9, org.springframework.boot.test.json.DuplicateJsonObjectContextCustomizerFactory$DuplicateJsonObjectContextCustomizer@6134ac4a, org.springframework.boot.test.mock.mockito.MockitoContextCustomizer@0, org.springframework.boot.test.autoconfigure.OverrideAutoConfigurationContextCustomizerFactory$DisableAutoConfigurationContextCustomizer@742d4e15, org.springframework.boot.test.autoconfigure.actuate.observability.ObservabilityContextCustomizerFactory$DisableObservabilityContextCustomizer@1f, org.springframework.boot.test.autoconfigure.filter.TypeExcludeFiltersContextCustomizer@e2e0452a, org.springframework.boot.test.autoconfigure.properties.PropertyMappingContextCustomizer@f5dca84b, org.springframework.boot.test.autoconfigure.web.servlet.WebDriverContextCustomizer@13e9f2e2, org.springframework.boot.test.context.SpringBootTestAnnotation@885bd921], resourceBasePath = "src/main/webapp", contextLoader = org.springframework.boot.test.context.SpringBootContextLoader, parent = null]
	at org.springframework.test.context.cache.DefaultCacheAwareContextLoaderDelegate.loadContext(DefaultCacheAwareContextLoaderDelegate.java:180)
	at org.springframework.test.context.support.DefaultTestContext.getApplicationContext(DefaultTestContext.java:130)
	at org.springframework.test.context.support.DependencyInjectionTestExecutionListener.injectDependencies(DependencyInjectionTestExecutionListener.java:141)
	at org.springframework.test.context.support.DependencyInjectionTestExecutionListener.prepareTestInstance(DependencyInjectionTestExecutionListener.java:97)
	at org.springframework.test.context.TestContextManager.prepareTestInstance(TestContextManager.java:260)
	at org.springframework.test.context.junit.jupiter.SpringExtension.postProcessTestInstance(SpringExtension.java:163)
	at org.junit.jupiter.engine.descriptor.ClassBasedTestDescriptor.lambda$invokeTestInstancePostProcessors$10(ClassBasedTestDescriptor.java:378)
	at org.junit.jupiter.engine.descriptor.ClassBasedTestDescriptor.executeAndMaskThrowable(ClassBasedTestDescriptor.java:383)
	at org.junit.jupiter.engine.descriptor.ClassBasedTestDescriptor.lambda$invokeTestInstancePostProcessors$11(ClassBasedTestDescriptor.java:378)
	at java.base/java.util.stream.ReferencePipeline$3$1.accept(ReferencePipeline.java:197)
	at java.base/java.util.stream.ReferencePipeline$2$1.accept(ReferencePipeline.java:179)
	at java.base/java.util.ArrayList$ArrayListSpliterator.forEachRemaining(ArrayList.java:1708)
	at java.base/java.util.stream.AbstractPipeline.copyInto(AbstractPipeline.java:509)
	at java.base/java.util.stream.AbstractPipeline.wrapAndCopyInto(AbstractPipeline.java:499)
	at java.base/java.util.stream.StreamSpliterators$WrappingSpliterator.forEachRemaining(StreamSpliterators.java:310)
	at java.base/java.util.stream.Streams$ConcatSpliterator.forEachRemaining(Streams.java:735)
	at java.base/java.util.stream.Streams$ConcatSpliterator.forEachRemaining(Streams.java:734)
	at java.base/java.util.stream.ReferencePipeline$Head.forEach(ReferencePipeline.java:762)
	at org.junit.jupiter.engine.descriptor.ClassBasedTestDescriptor.invokeTestInstancePostProcessors(ClassBasedTestDescriptor.java:377)
	at org.junit.jupiter.engine.descriptor.ClassBasedTestDescriptor.lambda$instantiateAndPostProcessTestInstance$6(ClassBasedTestDescriptor.java:290)
	at org.junit.platform.engine.support.hierarchical.ThrowableCollector.execute(ThrowableCollector.java:73)
	at org.junit.jupiter.engine.descriptor.ClassBasedTestDescriptor.instantiateAndPostProcessTestInstance(ClassBasedTestDescriptor.java:289)
	at org.junit.jupiter.engine.descriptor.ClassBasedTestDescriptor.lambda$testInstancesProvider$4(ClassBasedTestDescriptor.java:279)
	at java.base/java.util.Optional.orElseGet(Optional.java:364)
	at org.junit.jupiter.engine.descriptor.ClassBasedTestDescriptor.lambda$testInstancesProvider$5(ClassBasedTestDescriptor.java:278)
	at org.junit.jupiter.engine.execution.TestInstancesProvider.getTestInstances(TestInstancesProvider.java:31)
	at org.junit.jupiter.engine.descriptor.TestMethodTestDescriptor.lambda$prepare$0(TestMethodTestDescriptor.java:106)
	at org.junit.platform.engine.support.hierarchical.ThrowableCollector.execute(ThrowableCollector.java:73)
	at org.junit.jupiter.engine.descriptor.TestMethodTestDescriptor.prepare(TestMethodTestDescriptor.java:105)
	at org.junit.jupiter.engine.descriptor.TestMethodTestDescriptor.prepare(TestMethodTestDescriptor.java:69)
	at org.junit.platform.engine.support.hierarchical.NodeTestTask.lambda$prepare$2(NodeTestTask.java:123)
	at org.junit.platform.engine.support.hierarchical.ThrowableCollector.execute(ThrowableCollector.java:73)
	at org.junit.platform.engine.support.hierarchical.NodeTestTask.prepare(NodeTestTask.java:123)
	at org.junit.platform.engine.support.hierarchical.NodeTestTask.execute(NodeTestTask.java:90)
	at java.base/java.util.ArrayList.forEach(ArrayList.java:1596)
	at org.junit.platform.engine.support.hierarchical.SameThreadHierarchicalTestExecutorService.invokeAll(SameThreadHierarchicalTestExecutorService.java:41)
	at org.junit.platform.engine.support.hierarchical.NodeTestTask.lambda$executeRecursively$6(NodeTestTask.java:155)
	at org.junit.platform.engine.support.hierarchical.ThrowableCollector.execute(ThrowableCollector.java:73)
	at org.junit.platform.engine.support.hierarchical.NodeTestTask.lambda$executeRecursively$8(NodeTestTask.java:141)
	at org.junit.platform.engine.support.hierarchical.Node.around(Node.java:137)
	at org.junit.platform.engine.support.hierarchical.NodeTestTask.lambda$executeRecursively$9(NodeTestTask.java:139)
	at org.junit.platform.engine.support.hierarchical.ThrowableCollector.execute(ThrowableCollector.java:73)
	at org.junit.platform.engine.support.hierarchical.NodeTestTask.executeRecursively(NodeTestTask.java:138)
	at org.junit.platform.engine.support.hierarchical.NodeTestTask.execute(NodeTestTask.java:95)
	at java.base/java.util.ArrayList.forEach(ArrayList.java:1596)
	at org.junit.platform.engine.support.hierarchical.SameThreadHierarchicalTestExecutorService.invokeAll(SameThreadHierarchicalTestExecutorService.java:41)
	at org.junit.platform.engine.support.hierarchical.NodeTestTask.lambda$executeRecursively$6(NodeTestTask.java:155)
	at org.junit.platform.engine.support.hierarchical.ThrowableCollector.execute(ThrowableCollector.java:73)
	at org.junit.platform.engine.support.hierarchical.NodeTestTask.lambda$executeRecursively$8(NodeTestTask.java:141)
	at org.junit.platform.engine.support.hierarchical.Node.around(Node.java:137)
	at org.junit.platform.engine.support.hierarchical.NodeTestTask.lambda$executeRecursively$9(NodeTestTask.java:139)
	at org.junit.platform.engine.support.hierarchical.ThrowableCollector.execute(ThrowableCollector.java:73)
	at org.junit.platform.engine.support.hierarchical.NodeTestTask.executeRecursively(NodeTestTask.java:138)
	at org.junit.platform.engine.support.hierarchical.NodeTestTask.execute(NodeTestTask.java:95)
	at org.junit.platform.engine.support.hierarchical.SameThreadHierarchicalTestExecutorService.submit(SameThreadHierarchicalTestExecutorService.java:35)
	at org.junit.platform.engine.support.hierarchical.HierarchicalTestExecutor.execute(HierarchicalTestExecutor.java:57)
	at org.junit.platform.engine.support.hierarchical.HierarchicalTestEngine.execute(HierarchicalTestEngine.java:54)
	at org.junit.platform.launcher.core.DefaultLauncher.execute(DefaultLauncher.java:220)
	at org.junit.platform.launcher.core.DefaultLauncher.lambda$execute$6(DefaultLauncher.java:188)
	at org.junit.platform.launcher.core.DefaultLauncher.withInterceptedStreams(DefaultLauncher.java:202)
	at org.junit.platform.launcher.core.DefaultLauncher.execute(DefaultLauncher.java:181)
	at org.junit.platform.launcher.core.DefaultLauncher.execute(DefaultLauncher.java:128)
	at org.junit.platform.surefire.provider.JUnitPlatformProvider.invokeAllTests(JUnitPlatformProvider.java:155)
	at org.junit.platform.surefire.provider.JUnitPlatformProvider.invoke(JUnitPlatformProvider.java:134)
	at org.apache.maven.surefire.booter.ForkedBooter.invokeProviderInSameClassLoader(ForkedBooter.java:383)
	at org.apache.maven.surefire.booter.ForkedBooter.runSuitesInProcess(ForkedBooter.java:344)
	at org.apache.maven.surefire.booter.ForkedBooter.execute(ForkedBooter.java:125)
	at org.apache.maven.surefire.booter.ForkedBooter.main(ForkedBooter.java:417)
Caused by: org.springframework.beans.factory.UnsatisfiedDependencyException: Error creating bean with name 'testController': Unsatisfied dependency expressed through field 'jsonReader': No qualifying bean of type 'com.safetynet.alerts.model.JsonReader' available: expected at least 1 bean which qualifies as autowire candidate. Dependency annotations: {@org.springframework.beans.factory.annotation.Autowired(required=true)}
	at org.springframework.beans.factory.annotation.AutowiredAnnotationBeanPostProcessor$AutowiredFieldElement.resolveFieldValue(AutowiredAnnotationBeanPostProcessor.java:787)
	at org.springframework.beans.factory.annotation.AutowiredAnnotationBeanPostProcessor$AutowiredFieldElement.inject(AutowiredAnnotationBeanPostProcessor.java:767)
	at org.springframework.beans.factory.annotation.InjectionMetadata.inject(InjectionMetadata.java:145)
	at org.springframework.beans.factory.annotation.AutowiredAnnotationBeanPostProcessor.postProcessProperties(AutowiredAnnotationBeanPostProcessor.java:508)
	at org.springframework.beans.factory.support.AbstractAutowireCapableBeanFactory.populateBean(AbstractAutowireCapableBeanFactory.java:1418)
	at org.springframework.beans.factory.support.AbstractAutowireCapableBeanFactory.doCreateBean(AbstractAutowireCapableBeanFactory.java:598)
	at org.springframework.beans.factory.support.AbstractAutowireCapableBeanFactory.createBean(AbstractAutowireCapableBeanFactory.java:521)
	at org.springframework.beans.factory.support.AbstractBeanFactory.lambda$doGetBean$0(AbstractBeanFactory.java:325)
	at org.springframework.beans.factory.support.DefaultSingletonBeanRegistry.getSingleton(DefaultSingletonBeanRegistry.java:234)
	at org.springframework.beans.factory.support.AbstractBeanFactory.doGetBean(AbstractBeanFactory.java:323)
	at org.springframework.beans.factory.support.AbstractBeanFactory.getBean(AbstractBeanFactory.java:199)
	at org.springframework.beans.factory.support.DefaultListableBeanFactory.preInstantiateSingletons(DefaultListableBeanFactory.java:975)
	at org.springframework.context.support.AbstractApplicationContext.finishBeanFactoryInitialization(AbstractApplicationContext.java:960)
	at org.springframework.context.support.AbstractApplicationContext.refresh(AbstractApplicationContext.java:625)
	at org.springframework.boot.SpringApplication.refresh(SpringApplication.java:762)
	at org.springframework.boot.SpringApplication.refreshContext(SpringApplication.java:464)
	at org.springframework.boot.SpringApplication.run(SpringApplication.java:334)
	at org.springframework.boot.test.context.SpringBootContextLoader.lambda$loadContext$3(SpringBootContextLoader.java:137)
	at org.springframework.util.function.ThrowingSupplier.get(ThrowingSupplier.java:58)
	at org.springframework.util.function.ThrowingSupplier.get(ThrowingSupplier.java:46)
	at org.springframework.boot.SpringApplication.withHook(SpringApplication.java:1458)
	at org.springframework.boot.test.context.SpringBootContextLoader$ContextLoaderHook.run(SpringBootContextLoader.java:552)
	at org.springframework.boot.test.context.SpringBootContextLoader.loadContext(SpringBootContextLoader.java:137)
	at org.springframework.boot.test.context.SpringBootContextLoader.loadContext(SpringBootContextLoader.java:108)
	at org.springframework.test.context.cache.DefaultCacheAwareContextLoaderDelegate.loadContextInternal(DefaultCacheAwareContextLoaderDelegate.java:225)
	at org.springframework.test.context.cache.DefaultCacheAwareContextLoaderDelegate.loadContext(DefaultCacheAwareContextLoaderDelegate.java:152)
	... 67 common frames omitted
Caused by: org.springframework.beans.factory.NoSuchBeanDefinitionException: No qualifying bean of type 'com.safetynet.alerts.model.JsonReader' available: expected at least 1 bean which qualifies as autowire candidate. Dependency annotations: {@org.springframework.beans.factory.annotation.Autowired(required=true)}
	at org.springframework.beans.factory.support.DefaultListableBeanFactory.raiseNoMatchingBeanFound(DefaultListableBeanFactory.java:1880)
	at org.springframework.beans.factory.support.DefaultListableBeanFactory.doResolveDependency(DefaultListableBeanFactory.java:1406)
	at org.springframework.beans.factory.support.DefaultListableBeanFactory.resolveDependency(DefaultListableBeanFactory.java:1353)
	at org.springframework.beans.factory.annotation.AutowiredAnnotationBeanPostProcessor$AutowiredFieldElement.resolveFieldValue(AutowiredAnnotationBeanPostProcessor.java:784)
	... 92 common frames omitted
2024-02-11 19:42:01.843 [main] INFO  o.s.t.c.s.AnnotationConfigContextLoaderUtils - Could not detect default configuration classes for test class [com.safetynet.alerts.JsonReadTests]: JsonReadTests does not declare any static, non-private, non-final, nested classes annotated with @Configuration.
2024-02-11 19:42:01.851 [main] INFO  o.s.b.t.c.SpringBootTestContextBootstrapper - Found @SpringBootConfiguration com.safetynet.alerts.AlertsApplication for test class com.safetynet.alerts.JsonReadTests
2024-02-11 19:42:01.956 [main] INFO  com.safetynet.alerts.JsonReadTests - Starting JsonReadTests using Java 21 with PID 20308 (started by Pochi in C:\Users\Pochi\Documents\Projet5\alerts\alerts)
2024-02-11 19:42:01.958 [main] INFO  com.safetynet.alerts.JsonReadTests - No active profile set, falling back to 1 default profile: "default"
2024-02-11 19:42:04.051 [main] INFO  com.safetynet.alerts.JsonReadTests - Started JsonReadTests in 2.173 seconds (process running for 7.782)
2024-02-11 19:42:37.359 [main] INFO  c.s.alerts.AlertsApplicationTests - Starting AlertsApplicationTests using Java 21 with PID 3276 (started by Pochi in C:\Users\Pochi\Documents\Projet5\alerts\alerts)
2024-02-11 19:42:37.362 [main] INFO  c.s.alerts.AlertsApplicationTests - No active profile set, falling back to 1 default profile: "default"
2024-02-11 19:42:42.064 [main] INFO  o.s.b.t.m.w.SpringBootMockServletContext - Initializing Spring TestDispatcherServlet ''
2024-02-11 19:42:42.065 [main] INFO  o.s.t.w.s.TestDispatcherServlet - Initializing Servlet ''
2024-02-11 19:42:42.072 [main] INFO  o.s.t.w.s.TestDispatcherServlet - Completed initialization in 3 ms
2024-02-11 19:42:42.131 [main] INFO  c.s.alerts.AlertsApplicationTests - Started AlertsApplicationTests in 5.879 seconds (process running for 8.266)
2024-02-11 19:42:42.538 [main] INFO  o.s.t.c.s.AnnotationConfigContextLoaderUtils - Could not detect default configuration classes for test class [com.safetynet.alerts.JsonReadTests]: JsonReadTests does not declare any static, non-private, non-final, nested classes annotated with @Configuration.
2024-02-11 19:42:42.553 [main] INFO  o.s.b.t.c.SpringBootTestContextBootstrapper - Found @SpringBootConfiguration com.safetynet.alerts.AlertsApplication for test class com.safetynet.alerts.JsonReadTests
2024-02-11 19:42:42.678 [main] INFO  com.safetynet.alerts.JsonReadTests - Starting JsonReadTests using Java 21 with PID 3276 (started by Pochi in C:\Users\Pochi\Documents\Projet5\alerts\alerts)
2024-02-11 19:42:42.679 [main] INFO  com.safetynet.alerts.JsonReadTests - No active profile set, falling back to 1 default profile: "default"
2024-02-11 19:42:43.911 [main] INFO  com.safetynet.alerts.JsonReadTests - Started JsonReadTests in 1.316 seconds (process running for 10.046)
2024-02-11 19:44:23.119 [main] INFO  c.s.alerts.AlertsApplicationTests - Starting AlertsApplicationTests using Java 21 with PID 22200 (started by Pochi in C:\Users\Pochi\Documents\Projet5\alerts\alerts)
2024-02-11 19:44:23.123 [main] INFO  c.s.alerts.AlertsApplicationTests - No active profile set, falling back to 1 default profile: "default"
2024-02-11 19:44:27.389 [main] INFO  o.s.b.t.m.w.SpringBootMockServletContext - Initializing Spring TestDispatcherServlet ''
2024-02-11 19:44:27.389 [main] INFO  o.s.t.w.s.TestDispatcherServlet - Initializing Servlet ''
2024-02-11 19:44:27.395 [main] INFO  o.s.t.w.s.TestDispatcherServlet - Completed initialization in 2 ms
2024-02-11 19:44:27.464 [main] INFO  c.s.alerts.AlertsApplicationTests - Started AlertsApplicationTests in 5.534 seconds (process running for 8.163)
2024-02-11 19:44:27.805 [main] INFO  o.s.t.c.s.AnnotationConfigContextLoaderUtils - Could not detect default configuration classes for test class [com.safetynet.alerts.JsonReadTests]: JsonReadTests does not declare any static, non-private, non-final, nested classes annotated with @Configuration.
2024-02-11 19:44:27.812 [main] INFO  o.s.b.t.c.SpringBootTestContextBootstrapper - Found @SpringBootConfiguration com.safetynet.alerts.AlertsApplication for test class com.safetynet.alerts.JsonReadTests
2024-02-11 19:44:27.901 [main] INFO  com.safetynet.alerts.JsonReadTests - Starting JsonReadTests using Java 21 with PID 22200 (started by Pochi in C:\Users\Pochi\Documents\Projet5\alerts\alerts)
2024-02-11 19:44:27.901 [main] INFO  com.safetynet.alerts.JsonReadTests - No active profile set, falling back to 1 default profile: "default"
2024-02-11 19:44:29.085 [main] INFO  com.safetynet.alerts.JsonReadTests - Started JsonReadTests in 1.253 seconds (process running for 9.784)
2024-02-11 19:47:13.181 [main] INFO  c.s.alerts.AlertsApplicationTests - Starting AlertsApplicationTests using Java 21 with PID 1924 (started by Pochi in C:\Users\Pochi\Documents\Projet5\alerts\alerts)
2024-02-11 19:47:13.184 [main] INFO  c.s.alerts.AlertsApplicationTests - No active profile set, falling back to 1 default profile: "default"
2024-02-11 19:47:17.785 [main] INFO  o.s.b.t.m.w.SpringBootMockServletContext - Initializing Spring TestDispatcherServlet ''
2024-02-11 19:47:17.785 [main] INFO  o.s.t.w.s.TestDispatcherServlet - Initializing Servlet ''
2024-02-11 19:47:17.792 [main] INFO  o.s.t.w.s.TestDispatcherServlet - Completed initialization in 3 ms
2024-02-11 19:47:17.853 [main] INFO  c.s.alerts.AlertsApplicationTests - Started AlertsApplicationTests in 5.843 seconds (process running for 8.398)
2024-02-11 19:47:18.177 [main] INFO  o.s.t.c.s.AnnotationConfigContextLoaderUtils - Could not detect default configuration classes for test class [com.safetynet.alerts.JsonReadTests]: JsonReadTests does not declare any static, non-private, non-final, nested classes annotated with @Configuration.
2024-02-11 19:47:18.192 [main] INFO  o.s.b.t.c.SpringBootTestContextBootstrapper - Found @SpringBootConfiguration com.safetynet.alerts.AlertsApplication for test class com.safetynet.alerts.JsonReadTests
2024-02-11 19:47:18.272 [main] INFO  com.safetynet.alerts.JsonReadTests - Starting JsonReadTests using Java 21 with PID 1924 (started by Pochi in C:\Users\Pochi\Documents\Projet5\alerts\alerts)
2024-02-11 19:47:18.273 [main] INFO  com.safetynet.alerts.JsonReadTests - No active profile set, falling back to 1 default profile: "default"
2024-02-11 19:47:19.493 [main] INFO  com.safetynet.alerts.JsonReadTests - Started JsonReadTests in 1.271 seconds (process running for 10.037)
2024-02-11 19:48:00.167 [main] INFO  c.safetynet.alerts.AlertsApplication - Starting AlertsApplication using Java 21 with PID 12408 (C:\Users\Pochi\Documents\Projet5\alerts\alerts\target\classes started by Pochi in C:\Users\Pochi\Documents\Projet5\alerts\alerts)
2024-02-11 19:48:00.174 [main] INFO  c.safetynet.alerts.AlertsApplication - No active profile set, falling back to 1 default profile: "default"
2024-02-11 19:48:01.885 [main] INFO  o.s.b.w.e.tomcat.TomcatWebServer - Tomcat initialized with port 8080 (http)
2024-02-11 19:48:01.914 [main] INFO  o.a.coyote.http11.Http11NioProtocol - Initializing ProtocolHandler ["http-nio-8080"]
2024-02-11 19:48:01.918 [main] INFO  o.a.catalina.core.StandardService - Starting service [Tomcat]
2024-02-11 19:48:01.918 [main] INFO  o.a.catalina.core.StandardEngine - Starting Servlet engine: [Apache Tomcat/10.1.17]
2024-02-11 19:48:01.998 [main] INFO  o.a.c.c.C.[Tomcat].[localhost].[/] - Initializing Spring embedded WebApplicationContext
2024-02-11 19:48:02.000 [main] INFO  o.s.b.w.s.c.ServletWebServerApplicationContext - Root WebApplicationContext: initialization completed in 1747 ms
2024-02-11 19:48:02.651 [main] INFO  o.a.coyote.http11.Http11NioProtocol - Starting ProtocolHandler ["http-nio-8080"]
2024-02-11 19:48:02.694 [main] INFO  o.s.b.w.e.tomcat.TomcatWebServer - Tomcat started on port 8080 (http) with context path ''
2024-02-11 19:48:02.706 [main] INFO  c.safetynet.alerts.AlertsApplication - Started AlertsApplication in 3.385 seconds (process running for 3.949)
2024-02-11 19:48:06.833 [http-nio-8080-exec-1] INFO  o.a.c.c.C.[Tomcat].[localhost].[/] - Initializing Spring DispatcherServlet 'dispatcherServlet'
2024-02-11 19:48:06.833 [http-nio-8080-exec-1] INFO  o.s.web.servlet.DispatcherServlet - Initializing Servlet 'dispatcherServlet'
2024-02-11 19:48:06.835 [http-nio-8080-exec-1] INFO  o.s.web.servlet.DispatcherServlet - Completed initialization in 1 ms
2024-02-11 19:50:41.249 [main] INFO  c.s.alerts.AlertsApplicationTests - Starting AlertsApplicationTests using Java 21 with PID 14896 (started by Pochi in C:\Users\Pochi\Documents\Projet5\alerts\alerts)
2024-02-11 19:50:41.252 [main] INFO  c.s.alerts.AlertsApplicationTests - No active profile set, falling back to 1 default profile: "default"
2024-02-11 19:50:46.408 [main] INFO  o.s.b.t.m.w.SpringBootMockServletContext - Initializing Spring TestDispatcherServlet ''
2024-02-11 19:50:46.409 [main] INFO  o.s.t.w.s.TestDispatcherServlet - Initializing Servlet ''
2024-02-11 19:50:46.416 [main] INFO  o.s.t.w.s.TestDispatcherServlet - Completed initialization in 3 ms
2024-02-11 19:50:46.470 [main] INFO  c.s.alerts.AlertsApplicationTests - Started AlertsApplicationTests in 6.424 seconds (process running for 9.152)
2024-02-11 19:50:46.949 [main] INFO  o.s.t.c.s.AnnotationConfigContextLoaderUtils - Could not detect default configuration classes for test class [com.safetynet.alerts.JsonReadTests]: JsonReadTests does not declare any static, non-private, non-final, nested classes annotated with @Configuration.
2024-02-11 19:50:46.961 [main] INFO  o.s.b.t.c.SpringBootTestContextBootstrapper - Found @SpringBootConfiguration com.safetynet.alerts.AlertsApplication for test class com.safetynet.alerts.JsonReadTests
2024-02-11 19:50:47.054 [main] INFO  com.safetynet.alerts.JsonReadTests - Starting JsonReadTests using Java 21 with PID 14896 (started by Pochi in C:\Users\Pochi\Documents\Projet5\alerts\alerts)
2024-02-11 19:50:47.055 [main] INFO  com.safetynet.alerts.JsonReadTests - No active profile set, falling back to 1 default profile: "default"
2024-02-11 19:50:48.372 [main] INFO  com.safetynet.alerts.JsonReadTests - Started JsonReadTests in 1.382 seconds (process running for 11.054)
2024-02-11 19:51:23.090 [main] INFO  c.s.alerts.AlertsApplicationTests - Starting AlertsApplicationTests using Java 21 with PID 11536 (started by Pochi in C:\Users\Pochi\Documents\Projet5\alerts\alerts)
2024-02-11 19:51:23.094 [main] INFO  c.s.alerts.AlertsApplicationTests - No active profile set, falling back to 1 default profile: "default"
2024-02-11 19:51:27.790 [main] INFO  o.s.b.t.m.w.SpringBootMockServletContext - Initializing Spring TestDispatcherServlet ''
2024-02-11 19:51:27.791 [main] INFO  o.s.t.w.s.TestDispatcherServlet - Initializing Servlet ''
2024-02-11 19:51:27.797 [main] INFO  o.s.t.w.s.TestDispatcherServlet - Completed initialization in 3 ms
2024-02-11 19:51:27.866 [main] INFO  c.s.alerts.AlertsApplicationTests - Started AlertsApplicationTests in 5.991 seconds (process running for 8.561)
2024-02-11 19:51:28.241 [main] INFO  o.s.t.c.s.AnnotationConfigContextLoaderUtils - Could not detect default configuration classes for test class [com.safetynet.alerts.JsonReadTests]: JsonReadTests does not declare any static, non-private, non-final, nested classes annotated with @Configuration.
2024-02-11 19:51:28.257 [main] INFO  o.s.b.t.c.SpringBootTestContextBootstrapper - Found @SpringBootConfiguration com.safetynet.alerts.AlertsApplication for test class com.safetynet.alerts.JsonReadTests
2024-02-11 19:51:28.351 [main] INFO  com.safetynet.alerts.JsonReadTests - Starting JsonReadTests using Java 21 with PID 11536 (started by Pochi in C:\Users\Pochi\Documents\Projet5\alerts\alerts)
2024-02-11 19:51:28.351 [main] INFO  com.safetynet.alerts.JsonReadTests - No active profile set, falling back to 1 default profile: "default"
2024-02-11 19:51:29.617 [main] INFO  com.safetynet.alerts.JsonReadTests - Started JsonReadTests in 1.314 seconds (process running for 10.313)
